ID =  1 
[[1]]
[[1]]$value
function (rsl, n, outputClassifiers = TRUE, outputLabels = TRUE, 
    outputRules = TRUE) 
{
    rsl <- .compile(rsl)
    data <- gRain::simulate.grain(rsl$compiledNet, n)
    outputVars <- character(0)
    if (outputClassifiers) 
        outputVars <- c(outputVars, .getAllClassifiers(rsl))
    if (outputLabels) 
        outputVars <- c(outputVars, .getAllLabelNodes(rsl))
    if (outputRules) 
        outputVars <- c(outputVars, .getAllRules(rsl))
    data <- data[, outputVars]
    data <- .colnamesIDtoNames(rsl, data)
    data[] <- lapply(data, as.character)
    return(data)
}

[[1]]$visible
[1] FALSE


[[2]]
[[2]]$value
function (rsl, n, outputClassifiers = TRUE, outputLabels = TRUE, 
    outputRules = TRUE) 
{
    rsl <- .compile(rsl)
    data <- gRain::simulate.grain(rsl$compiledNet, n)
    outputVars <- character(0)
    if (outputClassifiers) 
        outputVars <- c(outputVars, .getAllClassifiers(rsl))
    if (outputLabels) 
        outputVars <- c(outputVars, .getAllLabelNodes(rsl))
    if (outputRules) 
        outputVars <- c(outputVars, .getAllRules(rsl))
    data <- data[, outputVars]
    data <- .colnamesIDtoNames(rsl, data)
    data[] <- lapply(data, as.character)
    return(data)
}

[[2]]$visible
[1] FALSE


[[3]]
[[3]]$value
function (rsl, n, outputClassifiers = TRUE, outputLabels = TRUE, 
    outputRules = TRUE) 
{
    rsl <- .compile(rsl)
    data <- gRain::simulate.grain(rsl$compiledNet, n)
    outputVars <- character(0)
    if (outputClassifiers) 
        outputVars <- c(outputVars, .getAllClassifiers(rsl))
    if (outputLabels) 
        outputVars <- c(outputVars, .getAllLabelNodes(rsl))
    if (outputRules) 
        outputVars <- c(outputVars, .getAllRules(rsl))
    data <- data[, outputVars]
    data <- .colnamesIDtoNames(rsl, data)
    data[] <- lapply(data, as.character)
    return(data)
}

[[3]]$visible
[1] FALSE


[[4]]
[[4]]$value
function (rsl, n, outputClassifiers = TRUE, outputLabels = TRUE, 
    outputRules = TRUE) 
{
    rsl <- .compile(rsl)
    data <- gRain::simulate.grain(rsl$compiledNet, n)
    outputVars <- character(0)
    if (outputClassifiers) 
        outputVars <- c(outputVars, .getAllClassifiers(rsl))
    if (outputLabels) 
        outputVars <- c(outputVars, .getAllLabelNodes(rsl))
    if (outputRules) 
        outputVars <- c(outputVars, .getAllRules(rsl))
    data <- data[, outputVars]
    data <- .colnamesIDtoNames(rsl, data)
    data[] <- lapply(data, as.character)
    return(data)
}

[[4]]$visible
[1] FALSE


[[5]]
[[5]]$value
function (rsl, n, outputClassifiers = TRUE, outputLabels = TRUE, 
    outputRules = TRUE) 
{
    rsl <- .compile(rsl)
    data <- gRain::simulate.grain(rsl$compiledNet, n)
    outputVars <- character(0)
    if (outputClassifiers) 
        outputVars <- c(outputVars, .getAllClassifiers(rsl))
    if (outputLabels) 
        outputVars <- c(outputVars, .getAllLabelNodes(rsl))
    if (outputRules) 
        outputVars <- c(outputVars, .getAllRules(rsl))
    data <- data[, outputVars]
    data <- .colnamesIDtoNames(rsl, data)
    data[] <- lapply(data, as.character)
    return(data)
}

[[5]]$visible
[1] FALSE


[[6]]
[[6]]$value
function (rsl, n, outputClassifiers = TRUE, outputLabels = TRUE, 
    outputRules = TRUE) 
{
    rsl <- .compile(rsl)
    data <- gRain::simulate.grain(rsl$compiledNet, n)
    outputVars <- character(0)
    if (outputClassifiers) 
        outputVars <- c(outputVars, .getAllClassifiers(rsl))
    if (outputLabels) 
        outputVars <- c(outputVars, .getAllLabelNodes(rsl))
    if (outputRules) 
        outputVars <- c(outputVars, .getAllRules(rsl))
    data <- data[, outputVars]
    data <- .colnamesIDtoNames(rsl, data)
    data[] <- lapply(data, as.character)
    return(data)
}

[[6]]$visible
[1] FALSE


[[7]]
[[7]]$value
function (rsl, n, outputClassifiers = TRUE, outputLabels = TRUE, 
    outputRules = TRUE) 
{
    rsl <- .compile(rsl)
    data <- gRain::simulate.grain(rsl$compiledNet, n)
    outputVars <- character(0)
    if (outputClassifiers) 
        outputVars <- c(outputVars, .getAllClassifiers(rsl))
    if (outputLabels) 
        outputVars <- c(outputVars, .getAllLabelNodes(rsl))
    if (outputRules) 
        outputVars <- c(outputVars, .getAllRules(rsl))
    data <- data[, outputVars]
    data <- .colnamesIDtoNames(rsl, data)
    data[] <- lapply(data, as.character)
    return(data)
}

[[7]]$visible
[1] FALSE


[[8]]
[[8]]$value
function (rsl, n, outputClassifiers = TRUE, outputLabels = TRUE, 
    outputRules = TRUE) 
{
    rsl <- .compile(rsl)
    data <- gRain::simulate.grain(rsl$compiledNet, n)
    outputVars <- character(0)
    if (outputClassifiers) 
        outputVars <- c(outputVars, .getAllClassifiers(rsl))
    if (outputLabels) 
        outputVars <- c(outputVars, .getAllLabelNodes(rsl))
    if (outputRules) 
        outputVars <- c(outputVars, .getAllRules(rsl))
    data <- data[, outputVars]
    data <- .colnamesIDtoNames(rsl, data)
    data[] <- lapply(data, as.character)
    return(data)
}

[[8]]$visible
[1] FALSE


[[9]]
[[9]]$value
function (rsl, n, outputClassifiers = TRUE, outputLabels = TRUE, 
    outputRules = TRUE) 
{
    rsl <- .compile(rsl)
    data <- gRain::simulate.grain(rsl$compiledNet, n)
    outputVars <- character(0)
    if (outputClassifiers) 
        outputVars <- c(outputVars, .getAllClassifiers(rsl))
    if (outputLabels) 
        outputVars <- c(outputVars, .getAllLabelNodes(rsl))
    if (outputRules) 
        outputVars <- c(outputVars, .getAllRules(rsl))
    data <- data[, outputVars]
    data <- .colnamesIDtoNames(rsl, data)
    data[] <- lapply(data, as.character)
    return(data)
}

[[9]]$visible
[1] FALSE


[[10]]
[[10]]$value
function (rsl, n, outputClassifiers = TRUE, outputLabels = TRUE, 
    outputRules = TRUE) 
{
    rsl <- .compile(rsl)
    data <- gRain::simulate.grain(rsl$compiledNet, n)
    outputVars <- character(0)
    if (outputClassifiers) 
        outputVars <- c(outputVars, .getAllClassifiers(rsl))
    if (outputLabels) 
        outputVars <- c(outputVars, .getAllLabelNodes(rsl))
    if (outputRules) 
        outputVars <- c(outputVars, .getAllRules(rsl))
    data <- data[, outputVars]
    data <- .colnamesIDtoNames(rsl, data)
    data[] <- lapply(data, as.character)
    return(data)
}

[[10]]$visible
[1] FALSE


Preprocessing data...
Learning...
Loading required namespace: gRain
2021-03-26 12:38:50 
2021-03-26 12:40:15 
2021-03-26 12:41:41 
2021-03-26 12:43:04 
2021-03-26 12:44:26 
2021-03-26 12:45:51 
2021-03-26 12:47:17 
2021-03-26 12:48:43 
2021-03-26 12:50:05 
2021-03-26 12:51:25 
2021-03-26 12:52:52 
2021-03-26 12:54:15 
2021-03-26 12:55:41 
2021-03-26 12:57:07 
2021-03-26 12:58:33 
2021-03-26 12:59:59 
2021-03-26 13:01:23 
2021-03-26 13:02:50 
2021-03-26 13:04:17 
2021-03-26 13:05:46 
2021-03-26 13:07:15 
2021-03-26 13:08:47 
2021-03-26 13:10:16 
2021-03-26 13:11:48 
2021-03-26 13:13:19 
2021-03-26 13:14:52 
2021-03-26 13:16:23 
2021-03-26 13:17:57 
2021-03-26 13:19:33 
2021-03-26 13:21:08 
2021-03-26 13:22:45 
2021-03-26 13:24:21 
2021-03-26 13:26:00 
2021-03-26 13:27:40 
2021-03-26 13:29:18 
2021-03-26 13:30:56 
2021-03-26 13:32:37 
2021-03-26 13:34:16 
2021-03-26 13:35:54 
2021-03-26 13:37:35 
2021-03-26 13:39:15 
2021-03-26 13:40:57 
2021-03-26 13:42:40 
2021-03-26 13:44:21 
2021-03-26 13:46:04 
2021-03-26 13:47:45 
2021-03-26 13:49:30 
2021-03-26 13:51:11 
2021-03-26 13:52:52 
2021-03-26 13:54:33 
2021-03-26 13:56:12 
2021-03-26 13:57:51 
2021-03-26 13:59:33 
2021-03-26 14:01:15 
2021-03-26 14:02:52 
2021-03-26 14:04:28 
2021-03-26 14:06:03 
2021-03-26 14:07:34 
2021-03-26 14:09:05 
2021-03-26 14:10:35 
2021-03-26 14:12:05 
2021-03-26 14:13:36 
2021-03-26 14:15:07 
2021-03-26 14:16:43 
2021-03-26 14:18:18 
2021-03-26 14:19:52 
2021-03-26 14:21:29 
2021-03-26 14:23:09 
2021-03-26 14:24:50 
2021-03-26 14:26:38 
2021-03-26 14:28:39 
2021-03-26 14:30:36 
2021-03-26 14:32:32 
2021-03-26 14:34:27 
2021-03-26 14:36:19 
2021-03-26 14:38:11 
2021-03-26 14:40:08 
2021-03-26 14:42:04 
2021-03-26 14:43:57 
2021-03-26 14:45:50 
2021-03-26 14:47:49 
2021-03-26 14:49:45 
2021-03-26 14:51:40 
2021-03-26 14:53:34 
2021-03-26 14:55:35 
2021-03-26 14:57:38 
2021-03-26 14:59:41 
2021-03-26 15:01:45 
2021-03-26 15:03:54 
2021-03-26 15:06:09 
2021-03-26 15:08:21 
2021-03-26 15:10:31 
2021-03-26 15:12:36 
2021-03-26 15:14:48 
2021-03-26 15:17:03 
2021-03-26 15:19:22 
2021-03-26 15:21:42 
2021-03-26 15:23:54 
2021-03-26 15:26:07 
2021-03-26 15:28:20 
2021-03-26 15:30:34 
2021-03-26 15:32:54 
2021-03-26 15:35:12 
2021-03-26 15:37:33 
2021-03-26 15:40:03 
2021-03-26 15:42:32 
2021-03-26 15:45:07 
2021-03-26 15:47:45 
2021-03-26 15:50:15 
2021-03-26 15:52:47 
2021-03-26 15:55:15 
2021-03-26 15:57:42 
2021-03-26 16:00:11 
2021-03-26 16:02:37 
2021-03-26 16:05:10 
2021-03-26 16:07:39 
2021-03-26 16:10:14 
2021-03-26 16:12:44 
2021-03-26 16:15:13 
2021-03-26 16:17:46 
2021-03-26 16:20:20 
2021-03-26 16:22:54 
2021-03-26 16:25:36 
2021-03-26 16:28:15 
2021-03-26 16:30:50 
2021-03-26 16:33:25 
2021-03-26 16:36:00 
2021-03-26 16:38:35 
2021-03-26 16:41:10 
2021-03-26 16:43:50 
2021-03-26 16:46:31 
2021-03-26 16:49:11 
2021-03-26 16:51:48 
2021-03-26 16:54:25 
2021-03-26 16:57:03 
2021-03-26 16:59:47 
2021-03-26 17:02:30 
2021-03-26 17:05:12 
2021-03-26 17:07:55 
2021-03-26 17:10:44 
2021-03-26 17:13:31 
2021-03-26 17:16:20 
2021-03-26 17:19:10 
2021-03-26 17:22:02 
2021-03-26 17:25:00 
2021-03-26 17:27:51 
2021-03-26 17:30:45 
2021-03-26 17:33:41 
2021-03-26 17:36:33 
2021-03-26 17:39:23 
2021-03-26 17:42:21 
2021-03-26 17:45:17 
2021-03-26 17:48:07 
2021-03-26 17:51:01 
2021-03-26 17:53:58 
2021-03-26 17:56:55 
2021-03-26 17:59:50 
2021-03-26 18:02:44 
2021-03-26 18:05:41 
2021-03-26 18:08:45 
2021-03-26 18:11:51 
2021-03-26 18:14:58 
2021-03-26 18:18:06 
2021-03-26 18:21:15 
2021-03-26 18:24:22 
2021-03-26 18:27:32 
2021-03-26 18:30:40 
2021-03-26 18:33:43 
2021-03-26 18:36:50 
2021-03-26 18:39:58 
2021-03-26 18:43:01 
2021-03-26 18:46:08 
2021-03-26 18:49:08 
2021-03-26 18:52:07 
2021-03-26 18:55:11 
2021-03-26 18:58:17 
2021-03-26 19:01:20 
2021-03-26 19:04:21 
2021-03-26 19:07:25 
2021-03-26 19:10:29 
2021-03-26 19:13:33 
2021-03-26 19:16:41 
2021-03-26 19:19:49 
2021-03-26 19:22:57 
2021-03-26 19:26:03 
2021-03-26 19:29:11 
2021-03-26 19:32:18 
2021-03-26 19:35:24 
2021-03-26 19:38:32 
2021-03-26 19:41:38 
2021-03-26 19:44:41 
2021-03-26 19:47:46 
2021-03-26 19:50:49 
2021-03-26 19:53:55 
2021-03-26 19:57:01 
2021-03-26 20:00:08 
2021-03-26 20:03:14 
2021-03-26 20:07:10 
2021-03-26 20:10:18 
2021-03-26 20:13:26 
2021-03-26 20:16:31 
2021-03-26 20:19:36 
2021-03-26 20:22:42 
2021-03-26 20:25:52 
2021-03-26 20:29:00 
2021-03-26 20:32:04 
2021-03-26 20:35:11 
2021-03-26 20:38:16 
2021-03-26 20:41:20 
2021-03-26 20:44:29 
2021-03-26 20:47:35 
2021-03-26 20:50:40 
2021-03-26 20:53:45 
2021-03-26 20:56:50 
2021-03-26 20:59:54 
2021-03-26 21:03:03 
2021-03-26 21:06:08 
2021-03-26 21:09:16 
2021-03-26 21:12:24 
2021-03-26 21:15:32 
2021-03-26 21:18:40 
2021-03-26 21:21:46 
2021-03-26 21:24:55 
2021-03-26 21:28:02 
2021-03-26 21:31:10 
2021-03-26 21:34:18 
2021-03-26 21:37:23 
2021-03-26 21:40:28 
2021-03-26 21:43:35 
2021-03-26 21:46:41 
2021-03-26 21:49:45 
2021-03-26 21:52:49 
2021-03-26 21:55:56 
2021-03-26 21:59:06 
2021-03-26 22:02:09 
2021-03-26 22:05:14 
2021-03-26 22:08:16 
2021-03-26 22:11:18 
2021-03-26 22:14:26 
2021-03-26 22:17:31 
2021-03-26 22:20:36 
2021-03-26 22:23:41 
2021-03-26 22:26:46 
2021-03-26 22:29:53 
2021-03-26 22:32:57 
2021-03-26 22:36:04 
2021-03-26 22:39:19 
2021-03-26 22:42:26 
2021-03-26 22:45:33 
2021-03-26 22:48:40 
2021-03-26 22:51:50 
2021-03-26 22:54:55 
2021-03-26 22:58:02 
2021-03-26 23:01:19 
2021-03-26 23:04:57 
2021-03-26 23:08:01 
2021-03-26 23:11:14 
2021-03-26 23:14:22 
2021-03-26 23:17:27 
2021-03-26 23:20:36 
2021-03-26 23:23:49 
2021-03-26 23:26:56 
2021-03-26 23:30:06 
2021-03-26 23:33:15 
2021-03-26 23:36:21 
2021-03-26 23:39:27 
2021-03-26 23:42:44 
2021-03-26 23:46:15 
2021-03-26 23:49:26 
2021-03-26 23:52:54 
2021-03-26 23:56:11 
2021-03-26 23:59:44 
2021-03-27 00:02:48 
2021-03-27 00:05:51 
2021-03-27 00:08:55 
2021-03-27 00:12:02 
2021-03-27 00:15:04 
2021-03-27 00:18:10 
2021-03-27 00:21:14 
2021-03-27 00:24:21 
2021-03-27 00:27:25 
2021-03-27 00:30:27 
2021-03-27 00:33:35 
2021-03-27 00:36:45 
2021-03-27 00:40:03 
2021-03-27 00:43:13 
2021-03-27 00:46:23 
2021-03-27 00:49:36 
2021-03-27 00:52:54 
2021-03-27 00:56:04 
2021-03-27 00:59:16 
2021-03-27 01:02:25 
2021-03-27 01:05:44 
2021-03-27 01:09:02 
2021-03-27 01:12:17 
2021-03-27 01:15:23 
2021-03-27 01:18:26 
2021-03-27 01:21:42 
2021-03-27 01:24:57 
2021-03-27 01:28:12 
2021-03-27 01:31:21 
2021-03-27 01:34:26 
2021-03-27 01:37:36 
2021-03-27 01:40:52 
2021-03-27 01:44:08 
2021-03-27 01:47:22 
2021-03-27 01:50:28 
2021-03-27 01:53:46 
2021-03-27 01:57:03 
2021-03-27 02:00:19 
2021-03-27 02:03:25 
2021-03-27 02:06:43 
2021-03-27 02:10:00 
2021-03-27 02:13:17 
2021-03-27 02:16:24 
2021-03-27 02:19:31 
2021-03-27 02:22:49 
2021-03-27 02:26:03 
2021-03-27 02:29:12 
2021-03-27 02:32:24 
2021-03-27 02:35:25 
2021-03-27 02:38:35 
2021-03-27 02:41:50 
2021-03-27 02:45:06 
2021-03-27 02:48:20 
2021-03-27 02:51:27 
2021-03-27 02:54:40 
2021-03-27 02:57:56 
2021-03-27 03:01:08 
2021-03-27 03:04:19 
2021-03-27 03:07:32 
2021-03-27 03:10:49 
2021-03-27 03:14:07 
2021-03-27 03:17:20 
2021-03-27 03:20:25 
2021-03-27 03:23:30 
2021-03-27 03:26:36 
2021-03-27 03:29:42 
2021-03-27 03:33:00 
2021-03-27 03:36:07 
2021-03-27 03:39:18 
2021-03-27 03:42:24 
2021-03-27 03:45:50 
2021-03-27 03:49:10 
2021-03-27 03:52:22 
2021-03-27 03:55:40 
2021-03-27 03:59:00 
2021-03-27 04:02:17 
2021-03-27 04:05:28 
2021-03-27 04:08:49 
2021-03-27 04:11:56 
2021-03-27 04:15:10 
2021-03-27 04:18:26 
2021-03-27 04:21:44 
2021-03-27 04:24:57 
2021-03-27 04:28:04 
2021-03-27 04:31:18 
2021-03-27 04:34:37 
2021-03-27 04:37:53 
2021-03-27 04:41:01 
2021-03-27 04:44:17 
2021-03-27 04:47:27 
2021-03-27 04:50:42 
2021-03-27 04:54:00 
2021-03-27 04:57:09 
2021-03-27 05:00:27 
2021-03-27 05:03:36 
2021-03-27 05:06:49 
2021-03-27 05:10:05 
2021-03-27 05:13:11 
2021-03-27 05:16:18 
2021-03-27 05:19:35 
2021-03-27 05:22:54 
2021-03-27 05:25:59 
2021-03-27 05:29:08 
2021-03-27 05:32:10 
2021-03-27 05:35:15 
2021-03-27 05:38:17 
2021-03-27 05:41:21 
2021-03-27 05:44:44 
2021-03-27 05:47:51 
2021-03-27 05:50:52 
2021-03-27 05:53:56 
2021-03-27 05:56:58 
2021-03-27 06:00:01 
2021-03-27 06:03:02 
2021-03-27 06:06:05 
2021-03-27 06:09:18 
2021-03-27 06:12:21 
2021-03-27 06:15:25 
2021-03-27 06:18:26 
2021-03-27 06:21:30 
2021-03-27 06:24:36 
2021-03-27 06:27:41 
2021-03-27 06:30:53 
2021-03-27 06:33:59 
2021-03-27 06:37:04 
2021-03-27 06:40:09 
2021-03-27 06:43:14 
2021-03-27 06:46:20 
2021-03-27 06:49:25 
2021-03-27 06:52:28 
2021-03-27 06:55:35 
2021-03-27 06:58:40 
2021-03-27 07:01:47 
2021-03-27 07:04:49 
2021-03-27 07:07:53 
2021-03-27 07:10:59 
2021-03-27 07:14:04 
2021-03-27 07:17:11 
2021-03-27 07:20:35 
2021-03-27 07:24:08 
2021-03-27 07:27:41 
2021-03-27 07:30:47 
2021-03-27 07:33:50 
2021-03-27 07:36:55 
2021-03-27 07:39:57 
2021-03-27 07:42:59 
2021-03-27 07:46:04 
2021-03-27 07:49:15 
2021-03-27 07:52:23 
2021-03-27 07:55:32 
2021-03-27 07:58:59 
2021-03-27 08:02:29 
2021-03-27 08:06:01 
2021-03-27 08:09:12 
2021-03-27 08:12:16 
2021-03-27 08:15:18 
2021-03-27 08:18:20 
2021-03-27 08:21:26 
2021-03-27 08:24:28 
2021-03-27 08:27:30 
2021-03-27 08:30:35 
2021-03-27 08:33:42 
2021-03-27 08:36:48 
2021-03-27 08:39:54 
2021-03-27 08:43:02 
2021-03-27 08:46:06 
2021-03-27 08:49:12 
2021-03-27 08:52:19 
2021-03-27 08:55:43 
2021-03-27 08:59:15 
2021-03-27 09:02:43 
2021-03-27 09:05:50 
2021-03-27 09:08:57 
2021-03-27 09:12:05 
2021-03-27 09:15:12 
2021-03-27 09:18:22 
2021-03-27 09:21:27 
2021-03-27 09:24:36 
2021-03-27 09:27:44 
2021-03-27 09:30:46 
2021-03-27 09:33:49 
2021-03-27 09:37:00 
2021-03-27 09:40:08 
2021-03-27 09:43:20 
2021-03-27 09:46:29 
2021-03-27 09:49:45 
2021-03-27 09:52:55 
2021-03-27 09:56:03 
2021-03-27 09:59:14 
2021-03-27 10:02:25 
2021-03-27 10:05:35 
2021-03-27 10:08:45 
2021-03-27 10:11:54 
2021-03-27 10:15:02 
2021-03-27 10:18:15 
2021-03-27 10:21:26 
2021-03-27 10:24:38 
2021-03-27 10:27:46 
2021-03-27 10:30:57 
2021-03-27 10:34:07 
2021-03-27 10:37:22 
2021-03-27 10:40:31 
2021-03-27 10:43:37 
2021-03-27 10:46:49 
2021-03-27 10:49:59 
2021-03-27 10:53:07 
2021-03-27 10:56:15 
2021-03-27 10:59:22 
2021-03-27 11:02:31 
2021-03-27 11:05:41 
2021-03-27 11:08:47 
2021-03-27 11:11:59 
2021-03-27 11:15:11 
2021-03-27 11:18:20 
2021-03-27 11:21:28 
2021-03-27 11:24:41 
2021-03-27 11:27:52 
2021-03-27 11:30:58 
2021-03-27 11:34:08 
2021-03-27 11:37:19 
2021-03-27 11:40:28 
2021-03-27 11:43:41 
2021-03-27 11:46:48 
2021-03-27 11:49:53 
2021-03-27 11:53:01 
2021-03-27 11:56:10 
2021-03-27 11:59:21 
2021-03-27 12:02:30 
2021-03-27 12:05:41 
2021-03-27 12:08:49 
2021-03-27 12:12:02 
2021-03-27 12:15:11 
2021-03-27 12:18:24 
2021-03-27 12:21:35 
2021-03-27 12:24:45 
2021-03-27 12:27:55 
2021-03-27 12:31:05 
2021-03-27 12:34:10 
2021-03-27 12:37:20 
2021-03-27 12:40:28 
2021-03-27 12:43:36 
2021-03-27 12:46:44 
2021-03-27 12:49:52 
2021-03-27 12:52:59 
2021-03-27 12:56:06 
2021-03-27 12:59:17 
2021-03-27 13:02:26 
2021-03-27 13:05:35 
2021-03-27 13:08:45 
2021-03-27 13:11:53 
2021-03-27 13:15:03 
2021-03-27 13:18:08 
2021-03-27 13:21:19 
2021-03-27 13:24:28 
2021-03-27 13:27:38 
2021-03-27 13:30:48 
2021-03-27 13:34:02 
2021-03-27 13:37:13 
2021-03-27 13:40:25 
2021-03-27 13:43:35 
2021-03-27 13:46:44 
2021-03-27 13:49:57 
2021-03-27 13:53:09 
2021-03-27 13:56:19 
2021-03-27 13:59:27 
2021-03-27 14:02:36 
2021-03-27 14:05:48 
2021-03-27 14:08:57 
2021-03-27 14:12:08 
2021-03-27 14:15:17 
2021-03-27 14:18:28 
2021-03-27 14:21:41 
2021-03-27 14:24:50 
2021-03-27 14:28:01 
2021-03-27 14:31:18 
2021-03-27 14:34:27 
2021-03-27 14:37:33 
2021-03-27 14:40:44 
2021-03-27 14:43:54 
2021-03-27 14:47:05 
2021-03-27 14:50:15 
2021-03-27 14:53:24 
2021-03-27 14:56:34 
2021-03-27 14:59:44 
2021-03-27 15:02:54 
2021-03-27 15:06:11 
2021-03-27 15:09:23 
2021-03-27 15:12:32 
2021-03-27 15:15:46 
2021-03-27 15:19:03 
2021-03-27 15:22:17 
2021-03-27 15:25:28 
2021-03-27 15:28:34 
2021-03-27 15:31:46 
2021-03-27 15:35:00 
2021-03-27 15:38:11 
2021-03-27 15:41:24 
2021-03-27 15:44:39 
2021-03-27 15:47:52 
2021-03-27 15:51:08 
2021-03-27 15:54:15 
2021-03-27 15:57:25 
2021-03-27 16:00:36 
2021-03-27 16:03:47 
2021-03-27 16:06:56 
2021-03-27 16:10:08 
2021-03-27 16:13:18 
2021-03-27 16:16:23 
2021-03-27 16:19:35 
2021-03-27 16:22:46 
2021-03-27 16:25:59 
2021-03-27 16:29:11 
2021-03-27 16:32:19 
2021-03-27 16:35:29 
2021-03-27 16:38:35 
2021-03-27 16:41:46 
2021-03-27 16:44:58 
2021-03-27 16:48:17 
2021-03-27 16:51:28 
2021-03-27 16:54:40 
2021-03-27 16:57:48 
2021-03-27 17:00:59 
2021-03-27 17:04:11 
2021-03-27 17:07:26 
2021-03-27 17:10:46 
2021-03-27 17:13:58 
2021-03-27 17:17:15 
2021-03-27 17:20:26 
2021-03-27 17:23:37 
2021-03-27 17:26:52 
2021-03-27 17:30:03 
2021-03-27 17:33:17 
2021-03-27 17:36:30 
2021-03-27 17:39:42 
2021-03-27 17:42:53 
2021-03-27 17:46:06 
2021-03-27 17:49:18 
2021-03-27 17:52:29 
2021-03-27 17:55:43 
2021-03-27 17:58:54 
2021-03-27 18:02:10 
2021-03-27 18:05:23 
2021-03-27 18:08:32 
2021-03-27 18:11:45 
2021-03-27 18:15:02 
2021-03-27 18:18:12 
2021-03-27 18:21:24 
2021-03-27 18:24:40 
2021-03-27 18:27:53 
2021-03-27 18:31:09 
2021-03-27 18:34:25 
2021-03-27 18:37:41 
2021-03-27 18:40:53 
2021-03-27 18:44:04 
2021-03-27 18:47:17 
2021-03-27 18:50:28 
2021-03-27 18:53:44 
2021-03-27 18:56:57 
2021-03-27 19:00:06 
2021-03-27 19:03:18 
2021-03-27 19:06:26 
2021-03-27 19:09:40 
2021-03-27 19:12:51 
2021-03-27 19:16:01 
2021-03-27 19:19:11 
2021-03-27 19:22:20 
2021-03-27 19:25:27 
2021-03-27 19:28:40 
2021-03-27 19:31:50 
2021-03-27 19:35:04 
2021-03-27 19:38:19 
2021-03-27 19:41:32 
2021-03-27 19:44:41 
2021-03-27 19:47:48 
2021-03-27 19:51:02 
2021-03-27 19:54:16 
2021-03-27 19:57:22 
2021-03-27 20:00:35 
2021-03-27 20:03:48 
2021-03-27 20:07:03 
2021-03-27 20:10:18 
2021-03-27 20:13:30 
2021-03-27 20:16:50 
2021-03-27 20:19:59 
2021-03-27 20:23:07 
2021-03-27 20:26:21 
2021-03-27 20:29:35 
2021-03-27 20:32:47 
2021-03-27 20:36:00 
2021-03-27 20:39:15 
2021-03-27 20:42:22 
2021-03-27 20:45:33 
2021-03-27 20:48:41 
2021-03-27 20:51:52 
2021-03-27 20:55:01 
2021-03-27 20:58:17 
2021-03-27 21:01:24 
2021-03-27 21:04:31 
2021-03-27 21:07:39 
2021-03-27 21:10:50 
2021-03-27 21:13:57 
2021-03-27 21:17:10 
2021-03-27 21:20:22 
2021-03-27 21:23:31 
2021-03-27 21:26:44 
2021-03-27 21:30:03 
2021-03-27 21:33:16 
2021-03-27 21:36:31 
2021-03-27 21:39:45 
2021-03-27 21:42:57 
2021-03-27 21:46:17 
2021-03-27 21:49:27 
2021-03-27 21:52:41 
2021-03-27 21:55:56 
2021-03-27 21:59:09 
2021-03-27 22:02:18 
2021-03-27 22:05:30 
2021-03-27 22:08:48 
2021-03-27 22:11:58 
2021-03-27 22:15:10 
2021-03-27 22:18:20 
2021-03-27 22:21:37 
2021-03-27 22:24:50 
2021-03-27 22:28:05 
2021-03-27 22:31:20 
2021-03-27 22:34:26 
2021-03-27 22:37:36 
2021-03-27 22:40:48 
2021-03-27 22:43:58 
2021-03-27 22:47:10 
2021-03-27 22:50:15 
2021-03-27 22:53:29 
2021-03-27 22:56:39 
2021-03-27 22:59:50 
2021-03-27 23:02:59 
2021-03-27 23:06:19 
2021-03-27 23:09:33 
2021-03-27 23:12:48 
2021-03-27 23:16:00 
2021-03-27 23:19:13 
2021-03-27 23:22:26 
2021-03-27 23:25:45 
2021-03-27 23:28:58 
2021-03-27 23:32:12 
2021-03-27 23:35:27 
2021-03-27 23:38:36 
2021-03-27 23:41:50 
2021-03-27 23:45:02 
2021-03-27 23:48:15 
2021-03-27 23:51:27 
2021-03-27 23:54:45 
2021-03-27 23:58:03 
2021-03-28 00:01:26 
2021-03-28 00:04:40 
2021-03-28 00:08:02 
2021-03-28 00:11:19 
2021-03-28 00:14:26 
2021-03-28 00:17:47 
2021-03-28 00:21:05 
2021-03-28 00:24:18 
2021-03-28 00:27:29 
2021-03-28 00:30:42 
2021-03-28 00:34:04 
2021-03-28 00:37:22 
2021-03-28 00:40:47 
2021-03-28 00:44:12 
2021-03-28 00:47:26 
2021-03-28 00:50:38 
2021-03-28 00:53:59 
2021-03-28 00:57:20 
2021-03-28 01:00:32 
2021-03-28 01:03:54 
2021-03-28 01:07:04 
2021-03-28 01:10:18 
2021-03-28 01:13:28 
2021-03-28 01:16:50 
2021-03-28 01:20:11 
2021-03-28 01:23:21 
2021-03-28 01:26:41 
2021-03-28 01:29:46 
2021-03-28 01:33:04 
2021-03-28 01:36:24 
2021-03-28 01:39:41 
2021-03-28 01:43:00 
2021-03-28 01:46:17 
2021-03-28 01:49:39 
2021-03-28 01:53:02 
2021-03-28 01:56:20 
2021-03-28 01:59:41 
2021-03-28 03:03:05 
2021-03-28 03:06:21 
2021-03-28 03:09:45 
2021-03-28 03:13:03 
2021-03-28 03:16:26 
2021-03-28 03:19:46 
2021-03-28 03:22:58 
2021-03-28 03:26:19 
2021-03-28 03:29:42 
2021-03-28 03:33:08 
2021-03-28 03:36:27 
2021-03-28 03:39:48 
2021-03-28 03:43:04 
2021-03-28 03:46:21 
2021-03-28 03:49:39 
2021-03-28 03:53:03 
2021-03-28 03:56:22 
2021-03-28 03:59:41 
2021-03-28 04:02:57 
2021-03-28 04:06:17 
2021-03-28 04:09:27 
2021-03-28 04:12:51 
2021-03-28 04:16:03 
2021-03-28 04:19:15 
2021-03-28 04:22:28 
2021-03-28 04:25:45 
2021-03-28 04:29:08 
2021-03-28 04:32:17 
2021-03-28 04:35:28 
2021-03-28 04:38:51 
2021-03-28 04:42:13 
2021-03-28 04:45:26 
2021-03-28 04:48:49 
2021-03-28 04:52:08 
2021-03-28 04:55:19 
2021-03-28 04:58:29 
2021-03-28 05:01:51 
2021-03-28 05:05:13 
2021-03-28 05:08:27 
2021-03-28 05:11:46 
2021-03-28 05:15:07 
2021-03-28 05:18:21 
2021-03-28 05:21:43 
2021-03-28 05:24:59 
2021-03-28 05:28:18 
2021-03-28 05:31:38 
2021-03-28 05:35:03 
2021-03-28 05:38:21 
2021-03-28 05:41:44 
2021-03-28 05:44:58 
2021-03-28 05:48:23 
2021-03-28 05:51:42 
2021-03-28 05:55:05 
2021-03-28 05:58:23 
2021-03-28 06:01:46 
2021-03-28 06:05:08 
2021-03-28 06:08:30 
2021-03-28 06:11:50 
2021-03-28 06:15:14 
2021-03-28 06:18:31 
2021-03-28 06:21:52 
2021-03-28 06:25:16 
2021-03-28 06:28:29 
2021-03-28 06:31:44 
2021-03-28 06:35:04 
2021-03-28 06:38:23 
2021-03-28 06:41:42 
2021-03-28 06:45:03 
2021-03-28 06:48:12 
2021-03-28 06:51:26 
2021-03-28 06:54:47 
2021-03-28 06:58:02 
2021-03-28 07:01:18 
2021-03-28 07:04:25 
2021-03-28 07:07:46 
2021-03-28 07:10:56 
2021-03-28 07:14:15 
2021-03-28 07:17:37 
2021-03-28 07:20:50 
2021-03-28 07:24:07 
2021-03-28 07:27:23 
2021-03-28 07:30:47 
2021-03-28 07:34:10 
2021-03-28 07:37:25 
2021-03-28 07:40:50 
2021-03-28 07:44:07 
2021-03-28 07:47:17 
2021-03-28 07:50:32 
2021-03-28 07:53:42 
2021-03-28 07:57:00 
2021-03-28 08:00:19 
2021-03-28 08:03:43 
2021-03-28 08:07:06 
2021-03-28 08:10:19 
2021-03-28 08:13:31 
2021-03-28 08:16:54 
2021-03-28 08:20:14 
2021-03-28 08:23:27 
2021-03-28 08:26:45 
2021-03-28 08:30:01 
2021-03-28 08:33:19 
2021-03-28 08:36:41 
2021-03-28 08:40:02 
2021-03-28 08:43:22 
2021-03-28 08:46:45 
2021-03-28 08:50:02 
2021-03-28 08:53:10 
2021-03-28 08:56:25 
2021-03-28 08:59:43 
2021-03-28 09:03:05 
2021-03-28 09:06:17 
2021-03-28 09:09:28 
2021-03-28 09:12:50 
2021-03-28 09:16:08 
2021-03-28 09:19:19 
2021-03-28 09:22:31 
2021-03-28 09:25:54 
2021-03-28 09:29:14 
2021-03-28 09:32:37 
2021-03-28 09:35:56 
2021-03-28 09:39:14 
Reached maxHours without converging.
Predicting on val...
Predicting on test...
