ID =  6 
[[1]]
[[1]]$value
function (rsl, n, outputClassifiers = TRUE, outputLabels = TRUE, 
    outputRules = TRUE) 
{
    rsl <- .compile(rsl)
    data <- gRain::simulate.grain(rsl$compiledNet, n)
    outputVars <- character(0)
    if (outputClassifiers) 
        outputVars <- c(outputVars, .getAllClassifiers(rsl))
    if (outputLabels) 
        outputVars <- c(outputVars, .getAllLabelNodes(rsl))
    if (outputRules) 
        outputVars <- c(outputVars, .getAllRules(rsl))
    data <- data[, outputVars]
    data <- .colnamesIDtoNames(rsl, data)
    data[] <- lapply(data, as.character)
    return(data)
}

[[1]]$visible
[1] FALSE


[[2]]
[[2]]$value
function (rsl, n, outputClassifiers = TRUE, outputLabels = TRUE, 
    outputRules = TRUE) 
{
    rsl <- .compile(rsl)
    data <- gRain::simulate.grain(rsl$compiledNet, n)
    outputVars <- character(0)
    if (outputClassifiers) 
        outputVars <- c(outputVars, .getAllClassifiers(rsl))
    if (outputLabels) 
        outputVars <- c(outputVars, .getAllLabelNodes(rsl))
    if (outputRules) 
        outputVars <- c(outputVars, .getAllRules(rsl))
    data <- data[, outputVars]
    data <- .colnamesIDtoNames(rsl, data)
    data[] <- lapply(data, as.character)
    return(data)
}

[[2]]$visible
[1] FALSE


[[3]]
[[3]]$value
function (rsl, n, outputClassifiers = TRUE, outputLabels = TRUE, 
    outputRules = TRUE) 
{
    rsl <- .compile(rsl)
    data <- gRain::simulate.grain(rsl$compiledNet, n)
    outputVars <- character(0)
    if (outputClassifiers) 
        outputVars <- c(outputVars, .getAllClassifiers(rsl))
    if (outputLabels) 
        outputVars <- c(outputVars, .getAllLabelNodes(rsl))
    if (outputRules) 
        outputVars <- c(outputVars, .getAllRules(rsl))
    data <- data[, outputVars]
    data <- .colnamesIDtoNames(rsl, data)
    data[] <- lapply(data, as.character)
    return(data)
}

[[3]]$visible
[1] FALSE


[[4]]
[[4]]$value
function (rsl, n, outputClassifiers = TRUE, outputLabels = TRUE, 
    outputRules = TRUE) 
{
    rsl <- .compile(rsl)
    data <- gRain::simulate.grain(rsl$compiledNet, n)
    outputVars <- character(0)
    if (outputClassifiers) 
        outputVars <- c(outputVars, .getAllClassifiers(rsl))
    if (outputLabels) 
        outputVars <- c(outputVars, .getAllLabelNodes(rsl))
    if (outputRules) 
        outputVars <- c(outputVars, .getAllRules(rsl))
    data <- data[, outputVars]
    data <- .colnamesIDtoNames(rsl, data)
    data[] <- lapply(data, as.character)
    return(data)
}

[[4]]$visible
[1] FALSE


[[5]]
[[5]]$value
function (rsl, n, outputClassifiers = TRUE, outputLabels = TRUE, 
    outputRules = TRUE) 
{
    rsl <- .compile(rsl)
    data <- gRain::simulate.grain(rsl$compiledNet, n)
    outputVars <- character(0)
    if (outputClassifiers) 
        outputVars <- c(outputVars, .getAllClassifiers(rsl))
    if (outputLabels) 
        outputVars <- c(outputVars, .getAllLabelNodes(rsl))
    if (outputRules) 
        outputVars <- c(outputVars, .getAllRules(rsl))
    data <- data[, outputVars]
    data <- .colnamesIDtoNames(rsl, data)
    data[] <- lapply(data, as.character)
    return(data)
}

[[5]]$visible
[1] FALSE


[[6]]
[[6]]$value
function (rsl, n, outputClassifiers = TRUE, outputLabels = TRUE, 
    outputRules = TRUE) 
{
    rsl <- .compile(rsl)
    data <- gRain::simulate.grain(rsl$compiledNet, n)
    outputVars <- character(0)
    if (outputClassifiers) 
        outputVars <- c(outputVars, .getAllClassifiers(rsl))
    if (outputLabels) 
        outputVars <- c(outputVars, .getAllLabelNodes(rsl))
    if (outputRules) 
        outputVars <- c(outputVars, .getAllRules(rsl))
    data <- data[, outputVars]
    data <- .colnamesIDtoNames(rsl, data)
    data[] <- lapply(data, as.character)
    return(data)
}

[[6]]$visible
[1] FALSE


[[7]]
[[7]]$value
function (rsl, n, outputClassifiers = TRUE, outputLabels = TRUE, 
    outputRules = TRUE) 
{
    rsl <- .compile(rsl)
    data <- gRain::simulate.grain(rsl$compiledNet, n)
    outputVars <- character(0)
    if (outputClassifiers) 
        outputVars <- c(outputVars, .getAllClassifiers(rsl))
    if (outputLabels) 
        outputVars <- c(outputVars, .getAllLabelNodes(rsl))
    if (outputRules) 
        outputVars <- c(outputVars, .getAllRules(rsl))
    data <- data[, outputVars]
    data <- .colnamesIDtoNames(rsl, data)
    data[] <- lapply(data, as.character)
    return(data)
}

[[7]]$visible
[1] FALSE


[[8]]
[[8]]$value
function (rsl, n, outputClassifiers = TRUE, outputLabels = TRUE, 
    outputRules = TRUE) 
{
    rsl <- .compile(rsl)
    data <- gRain::simulate.grain(rsl$compiledNet, n)
    outputVars <- character(0)
    if (outputClassifiers) 
        outputVars <- c(outputVars, .getAllClassifiers(rsl))
    if (outputLabels) 
        outputVars <- c(outputVars, .getAllLabelNodes(rsl))
    if (outputRules) 
        outputVars <- c(outputVars, .getAllRules(rsl))
    data <- data[, outputVars]
    data <- .colnamesIDtoNames(rsl, data)
    data[] <- lapply(data, as.character)
    return(data)
}

[[8]]$visible
[1] FALSE


[[9]]
[[9]]$value
function (rsl, n, outputClassifiers = TRUE, outputLabels = TRUE, 
    outputRules = TRUE) 
{
    rsl <- .compile(rsl)
    data <- gRain::simulate.grain(rsl$compiledNet, n)
    outputVars <- character(0)
    if (outputClassifiers) 
        outputVars <- c(outputVars, .getAllClassifiers(rsl))
    if (outputLabels) 
        outputVars <- c(outputVars, .getAllLabelNodes(rsl))
    if (outputRules) 
        outputVars <- c(outputVars, .getAllRules(rsl))
    data <- data[, outputVars]
    data <- .colnamesIDtoNames(rsl, data)
    data[] <- lapply(data, as.character)
    return(data)
}

[[9]]$visible
[1] FALSE


[[10]]
[[10]]$value
function (rsl, n, outputClassifiers = TRUE, outputLabels = TRUE, 
    outputRules = TRUE) 
{
    rsl <- .compile(rsl)
    data <- gRain::simulate.grain(rsl$compiledNet, n)
    outputVars <- character(0)
    if (outputClassifiers) 
        outputVars <- c(outputVars, .getAllClassifiers(rsl))
    if (outputLabels) 
        outputVars <- c(outputVars, .getAllLabelNodes(rsl))
    if (outputRules) 
        outputVars <- c(outputVars, .getAllRules(rsl))
    data <- data[, outputVars]
    data <- .colnamesIDtoNames(rsl, data)
    data[] <- lapply(data, as.character)
    return(data)
}

[[10]]$visible
[1] FALSE


Preprocessing data...
Learning...
Loading required namespace: gRain
2021-03-23 23:15:41 
2021-03-23 23:17:20 
2021-03-23 23:18:57 
2021-03-23 23:20:38 
2021-03-23 23:22:28 
2021-03-23 23:24:06 
2021-03-23 23:25:42 
2021-03-23 23:27:20 
2021-03-23 23:29:12 
2021-03-23 23:31:02 
2021-03-23 23:32:39 
2021-03-23 23:34:17 
2021-03-23 23:35:55 
2021-03-23 23:37:36 
2021-03-23 23:39:19 
2021-03-23 23:41:12 
2021-03-23 23:42:50 
2021-03-23 23:44:34 
2021-03-23 23:46:15 
2021-03-23 23:48:02 
2021-03-23 23:49:47 
2021-03-23 23:51:33 
2021-03-23 23:53:18 
2021-03-23 23:55:13 
2021-03-23 23:57:08 
2021-03-23 23:58:53 
2021-03-24 00:00:37 
2021-03-24 00:02:27 
2021-03-24 00:04:32 
2021-03-24 00:06:26 
2021-03-24 00:08:27 
2021-03-24 00:10:27 
2021-03-24 00:12:41 
2021-03-24 00:14:54 
2021-03-24 00:16:55 
2021-03-24 00:18:53 
2021-03-24 00:20:51 
2021-03-24 00:22:54 
2021-03-24 00:24:51 
2021-03-24 00:26:49 
2021-03-24 00:28:49 
2021-03-24 00:30:50 
2021-03-24 00:32:51 
2021-03-24 00:34:53 
2021-03-24 00:36:57 
2021-03-24 00:38:59 
2021-03-24 00:41:05 
2021-03-24 00:43:05 
2021-03-24 00:45:09 
2021-03-24 00:47:06 
2021-03-24 00:48:59 
2021-03-24 00:50:52 
2021-03-24 00:52:47 
2021-03-24 00:54:42 
2021-03-24 00:56:48 
2021-03-24 00:58:38 
2021-03-24 01:00:36 
2021-03-24 01:02:22 
2021-03-24 01:04:08 
2021-03-24 01:06:02 
2021-03-24 01:07:58 
2021-03-24 01:09:55 
2021-03-24 01:11:52 
2021-03-24 01:14:03 
2021-03-24 01:16:02 
2021-03-24 01:17:57 
2021-03-24 01:19:51 
2021-03-24 01:21:44 
2021-03-24 01:23:44 
2021-03-24 01:25:52 
2021-03-24 01:28:04 
2021-03-24 01:30:14 
2021-03-24 01:32:25 
2021-03-24 01:34:34 
2021-03-24 01:36:43 
2021-03-24 01:38:54 
2021-03-24 01:41:07 
2021-03-24 01:43:22 
2021-03-24 01:45:37 
2021-03-24 01:47:53 
2021-03-24 01:50:11 
2021-03-24 01:52:43 
2021-03-24 01:55:02 
2021-03-24 01:57:27 
2021-03-24 01:59:49 
2021-03-24 02:02:11 
2021-03-24 02:04:43 
2021-03-24 02:07:13 
2021-03-24 02:09:35 
2021-03-24 02:12:15 
2021-03-24 02:14:51 
2021-03-24 02:17:30 
2021-03-24 02:20:12 
2021-03-24 02:23:06 
2021-03-24 02:25:46 
2021-03-24 02:28:28 
2021-03-24 02:31:11 
2021-03-24 02:33:52 
2021-03-24 02:36:35 
2021-03-24 02:39:24 
2021-03-24 02:42:19 
2021-03-24 02:45:12 
2021-03-24 02:48:08 
2021-03-24 02:51:14 
2021-03-24 02:54:16 
2021-03-24 02:57:17 
2021-03-24 03:00:07 
2021-03-24 03:03:07 
2021-03-24 03:06:06 
2021-03-24 03:09:02 
2021-03-24 03:11:53 
2021-03-24 03:14:49 
2021-03-24 03:17:48 
2021-03-24 03:20:51 
2021-03-24 03:24:05 
2021-03-24 03:27:28 
2021-03-24 03:30:40 
2021-03-24 03:33:51 
2021-03-24 03:37:04 
2021-03-24 03:40:19 
2021-03-24 03:43:33 
2021-03-24 03:46:43 
2021-03-24 03:49:59 
2021-03-24 03:53:09 
2021-03-24 03:56:21 
2021-03-24 03:59:28 
2021-03-24 04:02:42 
2021-03-24 04:06:03 
2021-03-24 04:09:19 
2021-03-24 04:12:32 
2021-03-24 04:15:45 
2021-03-24 04:18:53 
2021-03-24 04:22:15 
2021-03-24 04:25:25 
2021-03-24 04:28:33 
2021-03-24 04:31:37 
2021-03-24 04:34:46 
2021-03-24 04:38:03 
2021-03-24 04:41:21 
2021-03-24 04:44:36 
2021-03-24 04:47:58 
2021-03-24 04:51:12 
2021-03-24 04:54:30 
2021-03-24 04:57:58 
2021-03-24 05:01:14 
2021-03-24 05:04:30 
2021-03-24 05:07:50 
2021-03-24 05:11:12 
2021-03-24 05:14:32 
2021-03-24 05:18:08 
2021-03-24 05:21:29 
2021-03-24 05:25:04 
2021-03-24 05:28:29 
2021-03-24 05:31:56 
2021-03-24 05:35:25 
2021-03-24 05:38:51 
2021-03-24 05:42:21 
2021-03-24 05:45:54 
2021-03-24 05:49:27 
2021-03-24 05:52:58 
2021-03-24 05:56:29 
2021-03-24 06:00:03 
2021-03-24 06:03:37 
2021-03-24 06:07:11 
2021-03-24 06:10:47 
2021-03-24 06:14:17 
2021-03-24 06:17:49 
2021-03-24 06:21:27 
2021-03-24 06:25:06 
2021-03-24 06:28:40 
2021-03-24 06:32:15 
2021-03-24 06:35:49 
2021-03-24 06:39:32 
2021-03-24 06:43:13 
2021-03-24 06:47:03 
2021-03-24 06:50:41 
2021-03-24 06:54:22 
2021-03-24 06:58:00 
2021-03-24 07:01:36 
2021-03-24 07:05:16 
2021-03-24 07:08:54 
2021-03-24 07:12:39 
2021-03-24 07:16:19 
2021-03-24 07:19:57 
2021-03-24 07:23:34 
2021-03-24 07:27:13 
2021-03-24 07:30:55 
2021-03-24 07:34:33 
2021-03-24 07:38:18 
2021-03-24 07:42:02 
2021-03-24 07:45:46 
2021-03-24 07:49:37 
2021-03-24 07:53:21 
2021-03-24 07:57:07 
2021-03-24 08:00:58 
2021-03-24 08:04:47 
2021-03-24 08:08:37 
2021-03-24 08:12:19 
2021-03-24 08:16:02 
2021-03-24 08:19:44 
2021-03-24 08:23:26 
2021-03-24 08:27:11 
2021-03-24 08:30:53 
2021-03-24 08:34:36 
2021-03-24 08:38:22 
2021-03-24 08:42:04 
2021-03-24 08:45:46 
2021-03-24 08:49:29 
2021-03-24 08:53:25 
2021-03-24 08:57:06 
2021-03-24 09:00:49 
2021-03-24 09:04:41 
2021-03-24 09:08:34 
2021-03-24 09:12:25 
2021-03-24 09:16:21 
2021-03-24 09:20:15 
2021-03-24 09:24:12 
2021-03-24 09:28:09 
2021-03-24 09:32:05 
2021-03-24 09:36:05 
2021-03-24 09:40:04 
2021-03-24 09:44:01 
2021-03-24 09:47:59 
2021-03-24 09:51:55 
2021-03-24 09:56:04 
2021-03-24 10:00:01 
2021-03-24 10:04:09 
2021-03-24 10:08:07 
2021-03-24 10:12:03 
2021-03-24 10:16:01 
2021-03-24 10:19:56 
2021-03-24 10:23:49 
2021-03-24 10:27:51 
2021-03-24 10:31:44 
2021-03-24 10:35:43 
2021-03-24 10:39:40 
2021-03-24 10:43:34 
2021-03-24 10:47:31 
2021-03-24 10:51:28 
2021-03-24 10:55:22 
2021-03-24 10:59:14 
2021-03-24 11:03:05 
2021-03-24 11:06:56 
2021-03-24 11:10:48 
2021-03-24 11:14:38 
2021-03-24 11:18:30 
2021-03-24 11:22:26 
2021-03-24 11:26:18 
2021-03-24 11:30:05 
2021-03-24 11:34:07 
2021-03-24 11:38:01 
2021-03-24 11:41:56 
2021-03-24 11:45:46 
2021-03-24 11:49:38 
2021-03-24 11:53:36 
2021-03-24 11:57:24 
2021-03-24 12:01:23 
2021-03-24 12:05:21 
2021-03-24 12:09:11 
2021-03-24 12:13:11 
2021-03-24 12:17:07 
2021-03-24 12:20:52 
2021-03-24 12:24:42 
2021-03-24 12:28:37 
2021-03-24 12:32:24 
2021-03-24 12:36:17 
2021-03-24 12:40:16 
2021-03-24 12:44:13 
2021-03-24 12:48:13 
2021-03-24 12:52:07 
2021-03-24 12:56:03 
2021-03-24 12:59:53 
2021-03-24 13:03:41 
2021-03-24 13:07:34 
2021-03-24 13:11:26 
2021-03-24 13:15:20 
2021-03-24 13:19:14 
2021-03-24 13:23:13 
2021-03-24 13:27:09 
2021-03-24 13:31:06 
2021-03-24 13:35:00 
2021-03-24 13:38:50 
2021-03-24 13:42:43 
2021-03-24 13:46:34 
2021-03-24 13:50:28 
2021-03-24 13:54:23 
2021-03-24 13:58:16 
2021-03-24 14:02:13 
2021-03-24 14:06:24 
2021-03-24 14:10:20 
2021-03-24 14:14:14 
2021-03-24 14:18:08 
2021-03-24 14:22:07 
2021-03-24 14:26:12 
2021-03-24 14:30:11 
2021-03-24 14:34:09 
2021-03-24 14:38:11 
2021-03-24 14:42:13 
2021-03-24 14:46:11 
2021-03-24 14:50:10 
2021-03-24 14:54:08 
2021-03-24 14:58:08 
2021-03-24 15:02:14 
2021-03-24 15:06:27 
2021-03-24 15:10:31 
2021-03-24 15:14:36 
2021-03-24 15:18:42 
2021-03-24 15:22:50 
2021-03-24 15:26:54 
2021-03-24 15:31:03 
2021-03-24 15:35:11 
2021-03-24 15:39:12 
2021-03-24 15:43:23 
2021-03-24 15:47:29 
2021-03-24 15:51:22 
2021-03-24 15:55:20 
2021-03-24 15:59:28 
2021-03-24 16:03:38 
2021-03-24 16:07:54 
2021-03-24 16:11:53 
2021-03-24 16:15:54 
2021-03-24 16:20:19 
2021-03-24 16:24:23 
2021-03-24 16:28:23 
2021-03-24 16:32:21 
2021-03-24 16:36:27 
2021-03-24 16:40:39 
2021-03-24 16:44:46 
2021-03-24 16:48:51 
2021-03-24 16:53:02 
2021-03-24 16:57:11 
2021-03-24 17:01:22 
2021-03-24 17:05:29 
2021-03-24 17:09:40 
2021-03-24 17:14:00 
2021-03-24 17:18:03 
2021-03-24 17:22:16 
2021-03-24 17:26:07 
2021-03-24 17:30:25 
2021-03-24 17:34:23 
2021-03-24 17:38:34 
2021-03-24 17:42:44 
2021-03-24 17:46:37 
2021-03-24 17:50:29 
2021-03-24 17:54:42 
2021-03-24 17:58:52 
2021-03-24 18:02:56 
2021-03-24 18:07:03 
2021-03-24 18:11:23 
2021-03-24 18:15:25 
2021-03-24 18:19:35 
2021-03-24 18:23:45 
2021-03-24 18:27:53 
2021-03-24 18:32:01 
2021-03-24 18:36:09 
2021-03-24 18:40:18 
2021-03-24 18:44:24 
2021-03-24 18:48:38 
2021-03-24 18:52:52 
2021-03-24 18:56:57 
2021-03-24 19:01:01 
2021-03-24 19:05:07 
2021-03-24 19:09:10 
2021-03-24 19:13:18 
2021-03-24 19:17:23 
2021-03-24 19:21:31 
2021-03-24 19:25:40 
2021-03-24 19:29:43 
2021-03-24 19:34:00 
2021-03-24 19:37:50 
2021-03-24 19:41:53 
2021-03-24 19:46:00 
2021-03-24 19:50:04 
2021-03-24 19:54:12 
2021-03-24 19:58:17 
2021-03-24 20:02:22 
2021-03-24 20:06:31 
2021-03-24 20:10:56 
2021-03-24 20:15:16 
2021-03-24 20:19:26 
2021-03-24 20:23:35 
2021-03-24 20:27:50 
2021-03-24 20:32:13 
2021-03-24 20:36:26 
2021-03-24 20:40:34 
2021-03-24 20:44:54 
2021-03-24 20:49:06 
2021-03-24 20:53:19 
2021-03-24 20:57:22 
2021-03-24 21:01:30 
2021-03-24 21:05:50 
2021-03-24 21:10:05 
2021-03-24 21:14:20 
2021-03-24 21:18:25 
2021-03-24 21:22:31 
2021-03-24 21:26:41 
2021-03-24 21:31:00 
2021-03-24 21:35:08 
2021-03-24 21:39:24 
2021-03-24 21:43:24 
2021-03-24 21:47:23 
2021-03-24 21:51:26 
2021-03-24 21:55:31 
2021-03-24 21:59:54 
2021-03-24 22:04:01 
2021-03-24 22:08:18 
2021-03-24 22:12:28 
2021-03-24 22:16:26 
2021-03-24 22:20:36 
2021-03-24 22:24:58 
2021-03-24 22:29:07 
2021-03-24 22:33:17 
2021-03-24 22:37:29 
2021-03-24 22:41:39 
2021-03-24 22:45:47 
2021-03-24 22:50:05 
2021-03-24 22:54:16 
2021-03-24 22:58:21 
2021-03-24 23:02:28 
2021-03-24 23:06:50 
2021-03-24 23:10:59 
2021-03-24 23:15:21 
2021-03-24 23:19:37 
2021-03-24 23:23:44 
2021-03-24 23:27:57 
2021-03-24 23:32:02 
2021-03-24 23:36:21 
2021-03-24 23:40:31 
2021-03-24 23:44:59 
2021-03-24 23:49:11 
2021-03-24 23:53:15 
2021-03-24 23:57:21 
2021-03-25 00:01:32 
2021-03-25 00:05:43 
2021-03-25 00:10:06 
2021-03-25 00:14:16 
2021-03-25 00:18:26 
2021-03-25 00:22:30 
2021-03-25 00:26:46 
2021-03-25 00:30:52 
2021-03-25 00:34:59 
2021-03-25 00:39:04 
2021-03-25 00:43:14 
2021-03-25 00:47:22 
2021-03-25 00:51:28 
2021-03-25 00:55:49 
2021-03-25 01:00:14 
2021-03-25 01:04:27 
2021-03-25 01:08:49 
2021-03-25 01:13:01 
2021-03-25 01:17:16 
2021-03-25 01:21:24 
2021-03-25 01:25:31 
2021-03-25 01:29:52 
2021-03-25 01:34:12 
2021-03-25 01:38:10 
2021-03-25 01:42:12 
2021-03-25 01:46:27 
2021-03-25 01:50:51 
2021-03-25 01:55:15 
2021-03-25 01:59:29 
2021-03-25 02:03:56 
2021-03-25 02:08:13 
2021-03-25 02:12:29 
2021-03-25 02:16:42 
2021-03-25 02:20:54 
2021-03-25 02:25:05 
2021-03-25 02:29:23 
2021-03-25 02:33:46 
2021-03-25 02:38:12 
2021-03-25 02:42:26 
2021-03-25 02:46:50 
2021-03-25 02:51:04 
2021-03-25 02:55:24 
2021-03-25 02:59:42 
2021-03-25 03:03:55 
2021-03-25 03:08:17 
2021-03-25 03:12:34 
2021-03-25 03:16:59 
2021-03-25 03:21:08 
2021-03-25 03:25:23 
2021-03-25 03:29:33 
2021-03-25 03:33:33 
2021-03-25 03:37:47 
2021-03-25 03:42:04 
2021-03-25 03:46:15 
2021-03-25 03:50:30 
2021-03-25 03:54:40 
2021-03-25 03:59:02 
2021-03-25 04:02:58 
2021-03-25 04:07:20 
2021-03-25 04:11:30 
2021-03-25 04:15:53 
2021-03-25 04:20:06 
2021-03-25 04:24:22 
2021-03-25 04:28:50 
2021-03-25 04:33:03 
2021-03-25 04:37:23 
2021-03-25 04:41:31 
2021-03-25 04:45:56 
2021-03-25 04:50:13 
2021-03-25 04:54:28 
2021-03-25 04:58:50 
2021-03-25 05:03:07 
2021-03-25 05:07:11 
2021-03-25 05:11:29 
2021-03-25 05:15:53 
2021-03-25 05:20:06 
2021-03-25 05:24:25 
2021-03-25 05:28:49 
2021-03-25 05:33:15 
2021-03-25 05:37:24 
2021-03-25 05:41:31 
2021-03-25 05:45:41 
2021-03-25 05:49:58 
2021-03-25 05:54:08 
2021-03-25 05:58:18 
2021-03-25 06:02:31 
2021-03-25 06:06:50 
2021-03-25 06:11:14 
2021-03-25 06:15:24 
2021-03-25 06:19:47 
2021-03-25 06:24:08 
2021-03-25 06:28:20 
2021-03-25 06:32:45 
2021-03-25 06:37:12 
2021-03-25 06:41:27 
2021-03-25 06:45:40 
2021-03-25 06:49:49 
2021-03-25 06:53:57 
2021-03-25 06:57:50 
2021-03-25 07:01:53 
2021-03-25 07:05:46 
2021-03-25 07:09:47 
2021-03-25 07:13:59 
2021-03-25 07:18:05 
2021-03-25 07:22:12 
2021-03-25 07:26:05 
2021-03-25 07:30:14 
2021-03-25 07:34:24 
2021-03-25 07:38:24 
2021-03-25 07:42:32 
2021-03-25 07:46:38 
2021-03-25 07:50:30 
2021-03-25 07:54:40 
2021-03-25 07:58:51 
2021-03-25 08:03:00 
2021-03-25 08:06:53 
2021-03-25 08:10:45 
2021-03-25 08:14:38 
2021-03-25 08:18:51 
2021-03-25 08:23:00 
2021-03-25 08:27:07 
2021-03-25 08:31:22 
2021-03-25 08:35:17 
2021-03-25 08:39:17 
2021-03-25 08:43:25 
2021-03-25 08:47:34 
2021-03-25 08:51:42 
2021-03-25 08:56:06 
2021-03-25 09:00:20 
2021-03-25 09:04:19 
2021-03-25 09:08:19 
2021-03-25 09:12:32 
2021-03-25 09:16:58 
2021-03-25 09:21:11 
2021-03-25 09:25:25 
2021-03-25 09:29:29 
2021-03-25 09:33:30 
2021-03-25 09:37:50 
2021-03-25 09:42:07 
2021-03-25 09:46:40 
2021-03-25 09:51:00 
2021-03-25 09:55:17 
2021-03-25 09:59:34 
2021-03-25 10:03:58 
2021-03-25 10:07:57 
2021-03-25 10:11:57 
2021-03-25 10:16:12 
2021-03-25 10:20:13 
2021-03-25 10:24:33 
2021-03-25 10:28:34 
2021-03-25 10:32:33 
2021-03-25 10:36:50 
2021-03-25 10:41:07 
2021-03-25 10:45:24 
2021-03-25 10:49:40 
2021-03-25 10:53:58 
2021-03-25 10:58:23 
2021-03-25 11:02:40 
2021-03-25 11:07:08 
2021-03-25 11:11:25 
2021-03-25 11:15:53 
2021-03-25 11:20:09 
2021-03-25 11:24:27 
2021-03-25 11:28:46 
2021-03-25 11:33:15 
2021-03-25 11:37:33 
2021-03-25 11:42:03 
2021-03-25 11:46:20 
2021-03-25 11:50:49 
2021-03-25 11:55:04 
2021-03-25 11:59:20 
2021-03-25 12:03:36 
2021-03-25 12:07:52 
2021-03-25 12:12:15 
2021-03-25 12:16:32 
2021-03-25 12:20:49 
2021-03-25 12:25:04 
2021-03-25 12:29:24 
2021-03-25 12:33:45 
2021-03-25 12:38:14 
2021-03-25 12:42:30 
2021-03-25 12:46:51 
2021-03-25 12:51:18 
2021-03-25 12:55:40 
2021-03-25 12:59:59 
2021-03-25 13:04:23 
2021-03-25 13:08:39 
2021-03-25 13:12:55 
2021-03-25 13:17:10 
2021-03-25 13:21:28 
2021-03-25 13:25:58 
2021-03-25 13:30:13 
2021-03-25 13:34:32 
2021-03-25 13:38:48 
2021-03-25 13:43:16 
2021-03-25 13:47:36 
2021-03-25 13:52:00 
2021-03-25 13:56:19 
2021-03-25 14:00:49 
2021-03-25 14:05:16 
2021-03-25 14:09:33 
2021-03-25 14:14:00 
2021-03-25 14:18:16 
2021-03-25 14:22:33 
2021-03-25 14:26:53 
2021-03-25 14:31:14 
2021-03-25 14:35:30 
2021-03-25 14:40:02 
2021-03-25 14:44:20 
2021-03-25 14:48:48 
2021-03-25 14:53:17 
2021-03-25 14:57:36 
2021-03-25 15:01:57 
2021-03-25 15:06:12 
2021-03-25 15:10:35 
2021-03-25 15:14:52 
2021-03-25 15:19:13 
2021-03-25 15:23:28 
2021-03-25 15:27:55 
2021-03-25 15:32:13 
2021-03-25 15:36:29 
2021-03-25 15:40:55 
2021-03-25 15:45:12 
2021-03-25 15:49:30 
2021-03-25 15:53:47 
2021-03-25 15:58:11 
2021-03-25 16:02:30 
2021-03-25 16:06:51 
2021-03-25 16:11:16 
2021-03-25 16:15:33 
2021-03-25 16:19:51 
2021-03-25 16:24:07 
2021-03-25 16:28:26 
2021-03-25 16:32:43 
2021-03-25 16:37:13 
2021-03-25 16:41:29 
2021-03-25 16:45:54 
2021-03-25 16:50:23 
2021-03-25 16:54:41 
2021-03-25 16:58:57 
2021-03-25 17:03:20 
2021-03-25 17:07:43 
2021-03-25 17:11:59 
2021-03-25 17:16:22 
2021-03-25 17:20:32 
2021-03-25 17:24:38 
2021-03-25 17:28:49 
2021-03-25 17:32:57 
2021-03-25 17:37:01 
2021-03-25 17:41:07 
2021-03-25 17:45:19 
2021-03-25 17:49:25 
2021-03-25 17:53:29 
2021-03-25 17:57:41 
2021-03-25 18:01:47 
2021-03-25 18:05:52 
2021-03-25 18:09:58 
2021-03-25 18:14:04 
2021-03-25 18:18:11 
2021-03-25 18:22:22 
2021-03-25 18:26:27 
2021-03-25 18:30:31 
2021-03-25 18:34:38 
2021-03-25 18:38:51 
2021-03-25 18:42:58 
2021-03-25 18:47:05 
2021-03-25 18:51:14 
2021-03-25 18:55:23 
2021-03-25 18:59:29 
2021-03-25 19:03:40 
2021-03-25 19:07:47 
2021-03-25 19:11:55 
2021-03-25 19:16:04 
Reached maxHours without converging.
Predicting on val...
Predicting on test...
