ID =  5 
[[1]]
[[1]]$value
function (rsl, n, outputClassifiers = TRUE, outputLabels = TRUE, 
    outputRules = TRUE) 
{
    rsl <- .compile(rsl)
    data <- gRain::simulate.grain(rsl$compiledNet, n)
    outputVars <- character(0)
    if (outputClassifiers) 
        outputVars <- c(outputVars, .getAllClassifiers(rsl))
    if (outputLabels) 
        outputVars <- c(outputVars, .getAllLabelNodes(rsl))
    if (outputRules) 
        outputVars <- c(outputVars, .getAllRules(rsl))
    data <- data[, outputVars]
    data <- .colnamesIDtoNames(rsl, data)
    data[] <- lapply(data, as.character)
    return(data)
}

[[1]]$visible
[1] FALSE


[[2]]
[[2]]$value
function (rsl, n, outputClassifiers = TRUE, outputLabels = TRUE, 
    outputRules = TRUE) 
{
    rsl <- .compile(rsl)
    data <- gRain::simulate.grain(rsl$compiledNet, n)
    outputVars <- character(0)
    if (outputClassifiers) 
        outputVars <- c(outputVars, .getAllClassifiers(rsl))
    if (outputLabels) 
        outputVars <- c(outputVars, .getAllLabelNodes(rsl))
    if (outputRules) 
        outputVars <- c(outputVars, .getAllRules(rsl))
    data <- data[, outputVars]
    data <- .colnamesIDtoNames(rsl, data)
    data[] <- lapply(data, as.character)
    return(data)
}

[[2]]$visible
[1] FALSE


[[3]]
[[3]]$value
function (rsl, n, outputClassifiers = TRUE, outputLabels = TRUE, 
    outputRules = TRUE) 
{
    rsl <- .compile(rsl)
    data <- gRain::simulate.grain(rsl$compiledNet, n)
    outputVars <- character(0)
    if (outputClassifiers) 
        outputVars <- c(outputVars, .getAllClassifiers(rsl))
    if (outputLabels) 
        outputVars <- c(outputVars, .getAllLabelNodes(rsl))
    if (outputRules) 
        outputVars <- c(outputVars, .getAllRules(rsl))
    data <- data[, outputVars]
    data <- .colnamesIDtoNames(rsl, data)
    data[] <- lapply(data, as.character)
    return(data)
}

[[3]]$visible
[1] FALSE


[[4]]
[[4]]$value
function (rsl, n, outputClassifiers = TRUE, outputLabels = TRUE, 
    outputRules = TRUE) 
{
    rsl <- .compile(rsl)
    data <- gRain::simulate.grain(rsl$compiledNet, n)
    outputVars <- character(0)
    if (outputClassifiers) 
        outputVars <- c(outputVars, .getAllClassifiers(rsl))
    if (outputLabels) 
        outputVars <- c(outputVars, .getAllLabelNodes(rsl))
    if (outputRules) 
        outputVars <- c(outputVars, .getAllRules(rsl))
    data <- data[, outputVars]
    data <- .colnamesIDtoNames(rsl, data)
    data[] <- lapply(data, as.character)
    return(data)
}

[[4]]$visible
[1] FALSE


[[5]]
[[5]]$value
function (rsl, n, outputClassifiers = TRUE, outputLabels = TRUE, 
    outputRules = TRUE) 
{
    rsl <- .compile(rsl)
    data <- gRain::simulate.grain(rsl$compiledNet, n)
    outputVars <- character(0)
    if (outputClassifiers) 
        outputVars <- c(outputVars, .getAllClassifiers(rsl))
    if (outputLabels) 
        outputVars <- c(outputVars, .getAllLabelNodes(rsl))
    if (outputRules) 
        outputVars <- c(outputVars, .getAllRules(rsl))
    data <- data[, outputVars]
    data <- .colnamesIDtoNames(rsl, data)
    data[] <- lapply(data, as.character)
    return(data)
}

[[5]]$visible
[1] FALSE


[[6]]
[[6]]$value
function (rsl, n, outputClassifiers = TRUE, outputLabels = TRUE, 
    outputRules = TRUE) 
{
    rsl <- .compile(rsl)
    data <- gRain::simulate.grain(rsl$compiledNet, n)
    outputVars <- character(0)
    if (outputClassifiers) 
        outputVars <- c(outputVars, .getAllClassifiers(rsl))
    if (outputLabels) 
        outputVars <- c(outputVars, .getAllLabelNodes(rsl))
    if (outputRules) 
        outputVars <- c(outputVars, .getAllRules(rsl))
    data <- data[, outputVars]
    data <- .colnamesIDtoNames(rsl, data)
    data[] <- lapply(data, as.character)
    return(data)
}

[[6]]$visible
[1] FALSE


[[7]]
[[7]]$value
function (rsl, n, outputClassifiers = TRUE, outputLabels = TRUE, 
    outputRules = TRUE) 
{
    rsl <- .compile(rsl)
    data <- gRain::simulate.grain(rsl$compiledNet, n)
    outputVars <- character(0)
    if (outputClassifiers) 
        outputVars <- c(outputVars, .getAllClassifiers(rsl))
    if (outputLabels) 
        outputVars <- c(outputVars, .getAllLabelNodes(rsl))
    if (outputRules) 
        outputVars <- c(outputVars, .getAllRules(rsl))
    data <- data[, outputVars]
    data <- .colnamesIDtoNames(rsl, data)
    data[] <- lapply(data, as.character)
    return(data)
}

[[7]]$visible
[1] FALSE


[[8]]
[[8]]$value
function (rsl, n, outputClassifiers = TRUE, outputLabels = TRUE, 
    outputRules = TRUE) 
{
    rsl <- .compile(rsl)
    data <- gRain::simulate.grain(rsl$compiledNet, n)
    outputVars <- character(0)
    if (outputClassifiers) 
        outputVars <- c(outputVars, .getAllClassifiers(rsl))
    if (outputLabels) 
        outputVars <- c(outputVars, .getAllLabelNodes(rsl))
    if (outputRules) 
        outputVars <- c(outputVars, .getAllRules(rsl))
    data <- data[, outputVars]
    data <- .colnamesIDtoNames(rsl, data)
    data[] <- lapply(data, as.character)
    return(data)
}

[[8]]$visible
[1] FALSE


[[9]]
[[9]]$value
function (rsl, n, outputClassifiers = TRUE, outputLabels = TRUE, 
    outputRules = TRUE) 
{
    rsl <- .compile(rsl)
    data <- gRain::simulate.grain(rsl$compiledNet, n)
    outputVars <- character(0)
    if (outputClassifiers) 
        outputVars <- c(outputVars, .getAllClassifiers(rsl))
    if (outputLabels) 
        outputVars <- c(outputVars, .getAllLabelNodes(rsl))
    if (outputRules) 
        outputVars <- c(outputVars, .getAllRules(rsl))
    data <- data[, outputVars]
    data <- .colnamesIDtoNames(rsl, data)
    data[] <- lapply(data, as.character)
    return(data)
}

[[9]]$visible
[1] FALSE


[[10]]
[[10]]$value
function (rsl, n, outputClassifiers = TRUE, outputLabels = TRUE, 
    outputRules = TRUE) 
{
    rsl <- .compile(rsl)
    data <- gRain::simulate.grain(rsl$compiledNet, n)
    outputVars <- character(0)
    if (outputClassifiers) 
        outputVars <- c(outputVars, .getAllClassifiers(rsl))
    if (outputLabels) 
        outputVars <- c(outputVars, .getAllLabelNodes(rsl))
    if (outputRules) 
        outputVars <- c(outputVars, .getAllRules(rsl))
    data <- data[, outputVars]
    data <- .colnamesIDtoNames(rsl, data)
    data[] <- lapply(data, as.character)
    return(data)
}

[[10]]$visible
[1] FALSE


Preprocessing data...
Learning...
Loading required namespace: gRain
2021-03-23 23:15:24 
2021-03-23 23:16:41 
2021-03-23 23:17:56 
2021-03-23 23:19:12 
2021-03-23 23:20:28 
2021-03-23 23:21:42 
2021-03-23 23:22:57 
2021-03-23 23:24:11 
2021-03-23 23:25:29 
2021-03-23 23:26:44 
2021-03-23 23:27:59 
2021-03-23 23:29:14 
2021-03-23 23:30:29 
2021-03-23 23:31:43 
2021-03-23 23:32:59 
2021-03-23 23:34:14 
2021-03-23 23:35:30 
2021-03-23 23:36:52 
2021-03-23 23:38:13 
2021-03-23 23:39:31 
2021-03-23 23:40:51 
2021-03-23 23:42:08 
2021-03-23 23:43:26 
2021-03-23 23:44:46 
2021-03-23 23:46:05 
2021-03-23 23:47:23 
2021-03-23 23:48:42 
2021-03-23 23:50:05 
2021-03-23 23:51:30 
2021-03-23 23:52:53 
2021-03-23 23:54:16 
2021-03-23 23:55:41 
2021-03-23 23:57:09 
2021-03-23 23:58:37 
2021-03-24 00:00:06 
2021-03-24 00:01:37 
2021-03-24 00:03:11 
2021-03-24 00:04:39 
2021-03-24 00:06:10 
2021-03-24 00:07:40 
2021-03-24 00:09:07 
2021-03-24 00:10:34 
2021-03-24 00:12:03 
2021-03-24 00:13:30 
2021-03-24 00:15:00 
2021-03-24 00:16:31 
2021-03-24 00:18:01 
2021-03-24 00:19:29 
2021-03-24 00:20:57 
2021-03-24 00:22:26 
2021-03-24 00:23:53 
2021-03-24 00:25:17 
2021-03-24 00:26:42 
2021-03-24 00:28:07 
2021-03-24 00:29:32 
2021-03-24 00:30:56 
2021-03-24 00:32:17 
2021-03-24 00:33:36 
2021-03-24 00:34:55 
2021-03-24 00:36:14 
2021-03-24 00:37:36 
2021-03-24 00:38:54 
2021-03-24 00:40:12 
2021-03-24 00:41:30 
2021-03-24 00:42:50 
2021-03-24 00:44:12 
2021-03-24 00:45:36 
2021-03-24 00:47:03 
2021-03-24 00:48:30 
2021-03-24 00:49:58 
2021-03-24 00:51:22 
2021-03-24 00:52:46 
2021-03-24 00:54:16 
2021-03-24 00:55:47 
2021-03-24 00:57:22 
2021-03-24 00:58:58 
2021-03-24 01:00:36 
2021-03-24 01:02:10 
2021-03-24 01:03:47 
2021-03-24 01:05:25 
2021-03-24 01:07:03 
2021-03-24 01:08:42 
2021-03-24 01:10:29 
2021-03-24 01:12:19 
2021-03-24 01:14:10 
2021-03-24 01:15:57 
2021-03-24 01:17:45 
2021-03-24 01:19:34 
2021-03-24 01:21:22 
2021-03-24 01:23:14 
2021-03-24 01:25:10 
2021-03-24 01:27:07 
2021-03-24 01:29:04 
2021-03-24 01:31:02 
2021-03-24 01:33:02 
2021-03-24 01:35:08 
2021-03-24 01:37:06 
2021-03-24 01:39:04 
2021-03-24 01:41:06 
2021-03-24 01:43:07 
2021-03-24 01:45:06 
2021-03-24 01:47:04 
2021-03-24 01:49:05 
2021-03-24 01:51:04 
2021-03-24 01:53:02 
2021-03-24 01:55:07 
2021-03-24 01:57:14 
2021-03-24 01:59:19 
2021-03-24 02:01:31 
2021-03-24 02:03:50 
2021-03-24 02:06:08 
2021-03-24 02:08:22 
2021-03-24 02:10:36 
2021-03-24 02:12:51 
2021-03-24 02:15:01 
2021-03-24 02:17:14 
2021-03-24 02:19:32 
2021-03-24 02:21:51 
2021-03-24 02:24:12 
2021-03-24 02:26:35 
2021-03-24 02:28:55 
2021-03-24 02:31:14 
2021-03-24 02:33:31 
2021-03-24 02:35:53 
2021-03-24 02:38:11 
2021-03-24 02:40:29 
2021-03-24 02:42:50 
2021-03-24 02:45:12 
2021-03-24 02:47:39 
2021-03-24 02:50:08 
2021-03-24 02:52:35 
2021-03-24 02:55:03 
2021-03-24 02:57:31 
2021-03-24 03:00:06 
2021-03-24 03:02:46 
2021-03-24 03:05:24 
2021-03-24 03:08:02 
2021-03-24 03:10:40 
2021-03-24 03:13:19 
2021-03-24 03:15:59 
2021-03-24 03:18:43 
2021-03-24 03:21:24 
2021-03-24 03:24:06 
2021-03-24 03:26:47 
2021-03-24 03:29:29 
2021-03-24 03:32:07 
2021-03-24 03:34:46 
2021-03-24 03:37:27 
2021-03-24 03:40:07 
2021-03-24 03:42:49 
2021-03-24 03:45:25 
2021-03-24 03:48:01 
2021-03-24 03:50:37 
2021-03-24 03:53:14 
2021-03-24 03:55:51 
2021-03-24 03:58:30 
2021-03-24 04:01:09 
2021-03-24 04:03:53 
2021-03-24 04:06:32 
2021-03-24 04:09:11 
2021-03-24 04:11:49 
2021-03-24 04:14:29 
2021-03-24 04:17:09 
2021-03-24 04:19:48 
2021-03-24 04:22:24 
2021-03-24 04:24:58 
2021-03-24 04:27:35 
2021-03-24 04:30:13 
2021-03-24 04:32:50 
2021-03-24 04:35:29 
2021-03-24 04:38:08 
2021-03-24 04:40:50 
2021-03-24 04:43:34 
2021-03-24 04:46:17 
2021-03-24 04:48:57 
2021-03-24 04:51:44 
2021-03-24 04:54:28 
2021-03-24 04:57:12 
2021-03-24 04:59:55 
2021-03-24 05:02:37 
2021-03-24 05:05:22 
2021-03-24 05:08:05 
2021-03-24 05:10:49 
2021-03-24 05:13:33 
2021-03-24 05:16:16 
2021-03-24 05:19:02 
2021-03-24 05:21:49 
2021-03-24 05:24:33 
2021-03-24 05:27:14 
2021-03-24 05:29:59 
2021-03-24 05:32:40 
2021-03-24 05:35:23 
2021-03-24 05:38:09 
2021-03-24 05:40:55 
2021-03-24 05:43:37 
2021-03-24 05:46:21 
2021-03-24 05:49:04 
2021-03-24 05:51:47 
2021-03-24 05:54:39 
2021-03-24 05:57:24 
2021-03-24 06:00:09 
2021-03-24 06:02:49 
2021-03-24 06:05:29 
2021-03-24 06:08:15 
2021-03-24 06:10:58 
2021-03-24 06:13:44 
2021-03-24 06:16:25 
2021-03-24 06:19:10 
2021-03-24 06:21:50 
2021-03-24 06:24:35 
2021-03-24 06:27:20 
2021-03-24 06:30:05 
2021-03-24 06:32:50 
2021-03-24 06:35:42 
2021-03-24 06:38:34 
2021-03-24 06:41:23 
2021-03-24 06:44:12 
2021-03-24 06:47:05 
2021-03-24 06:49:57 
2021-03-24 06:52:51 
2021-03-24 06:55:40 
2021-03-24 06:58:27 
2021-03-24 07:01:15 
2021-03-24 07:04:01 
2021-03-24 07:06:49 
2021-03-24 07:09:36 
2021-03-24 07:12:25 
2021-03-24 07:15:13 
2021-03-24 07:18:02 
2021-03-24 07:20:51 
2021-03-24 07:23:41 
2021-03-24 07:26:29 
2021-03-24 07:29:17 
2021-03-24 07:32:05 
2021-03-24 07:34:59 
2021-03-24 07:37:49 
2021-03-24 07:40:41 
2021-03-24 07:43:32 
2021-03-24 07:46:21 
2021-03-24 07:49:16 
2021-03-24 07:52:08 
2021-03-24 07:55:01 
2021-03-24 07:57:54 
2021-03-24 08:00:46 
2021-03-24 08:03:35 
2021-03-24 08:06:24 
2021-03-24 08:09:15 
2021-03-24 08:12:08 
2021-03-24 08:14:58 
2021-03-24 08:17:48 
2021-03-24 08:20:41 
2021-03-24 08:23:28 
2021-03-24 08:26:14 
2021-03-24 08:29:03 
2021-03-24 08:31:57 
2021-03-24 08:34:46 
2021-03-24 08:37:40 
2021-03-24 08:40:32 
2021-03-24 08:43:20 
2021-03-24 08:46:10 
2021-03-24 08:48:59 
2021-03-24 08:51:47 
2021-03-24 08:54:34 
2021-03-24 08:57:21 
2021-03-24 09:00:09 
2021-03-24 09:02:57 
2021-03-24 09:05:47 
2021-03-24 09:08:36 
2021-03-24 09:11:24 
2021-03-24 09:14:13 
2021-03-24 09:17:04 
2021-03-24 09:19:53 
2021-03-24 09:22:36 
2021-03-24 09:25:18 
2021-03-24 09:28:03 
2021-03-24 09:30:54 
2021-03-24 09:33:40 
2021-03-24 09:36:25 
2021-03-24 09:39:15 
2021-03-24 09:42:07 
2021-03-24 09:44:53 
2021-03-24 09:47:40 
2021-03-24 09:50:28 
2021-03-24 09:53:15 
2021-03-24 09:56:06 
2021-03-24 09:58:59 
2021-03-24 10:01:54 
2021-03-24 10:04:47 
2021-03-24 10:07:35 
2021-03-24 10:10:24 
2021-03-24 10:13:19 
2021-03-24 10:16:10 
2021-03-24 10:19:01 
2021-03-24 10:21:53 
2021-03-24 10:24:45 
2021-03-24 10:27:34 
2021-03-24 10:30:24 
2021-03-24 10:33:16 
2021-03-24 10:36:11 
2021-03-24 10:39:01 
2021-03-24 10:41:52 
2021-03-24 10:44:42 
2021-03-24 10:47:30 
2021-03-24 10:50:23 
2021-03-24 10:53:13 
2021-03-24 10:56:01 
2021-03-24 10:58:52 
2021-03-24 11:01:42 
2021-03-24 11:04:35 
2021-03-24 11:07:27 
2021-03-24 11:10:20 
2021-03-24 11:13:15 
2021-03-24 11:16:14 
2021-03-24 11:19:07 
2021-03-24 11:22:01 
2021-03-24 11:24:52 
2021-03-24 11:27:43 
2021-03-24 11:30:38 
2021-03-24 11:33:29 
2021-03-24 11:36:23 
2021-03-24 11:39:16 
2021-03-24 11:42:09 
2021-03-24 11:45:02 
2021-03-24 11:47:53 
2021-03-24 11:50:51 
2021-03-24 11:53:47 
2021-03-24 11:56:42 
2021-03-24 11:59:38 
2021-03-24 12:02:34 
2021-03-24 12:05:26 
2021-03-24 12:08:18 
2021-03-24 12:11:13 
2021-03-24 12:14:08 
2021-03-24 12:16:58 
2021-03-24 12:19:49 
2021-03-24 12:22:42 
2021-03-24 12:25:39 
2021-03-24 12:28:30 
2021-03-24 12:31:25 
2021-03-24 12:34:18 
2021-03-24 12:37:12 
2021-03-24 12:40:04 
2021-03-24 12:43:00 
2021-03-24 12:45:53 
2021-03-24 12:48:46 
2021-03-24 12:51:35 
2021-03-24 12:54:26 
2021-03-24 12:57:22 
2021-03-24 13:00:18 
2021-03-24 13:03:12 
2021-03-24 13:06:02 
2021-03-24 13:08:54 
2021-03-24 13:11:49 
2021-03-24 13:14:40 
2021-03-24 13:17:31 
2021-03-24 13:20:24 
2021-03-24 13:23:14 
2021-03-24 13:26:06 
2021-03-24 13:29:03 
2021-03-24 13:31:58 
2021-03-24 13:34:49 
2021-03-24 13:37:41 
2021-03-24 13:40:33 
2021-03-24 13:43:25 
2021-03-24 13:46:19 
2021-03-24 13:49:19 
2021-03-24 13:52:13 
2021-03-24 13:55:12 
2021-03-24 13:58:08 
2021-03-24 14:01:04 
2021-03-24 14:04:04 
2021-03-24 14:07:00 
2021-03-24 14:10:03 
2021-03-24 14:13:05 
2021-03-24 14:16:05 
2021-03-24 14:19:02 
2021-03-24 14:22:03 
2021-03-24 14:25:01 
2021-03-24 14:27:57 
2021-03-24 14:30:53 
2021-03-24 14:33:53 
2021-03-24 14:36:51 
2021-03-24 14:39:48 
2021-03-24 14:42:46 
2021-03-24 14:45:43 
2021-03-24 14:48:45 
2021-03-24 14:51:43 
2021-03-24 14:54:41 
2021-03-24 14:57:39 
2021-03-24 15:00:37 
2021-03-24 15:03:34 
2021-03-24 15:06:31 
2021-03-24 15:09:30 
2021-03-24 15:12:30 
2021-03-24 15:15:28 
2021-03-24 15:18:25 
2021-03-24 15:21:22 
2021-03-24 15:24:20 
2021-03-24 15:27:18 
2021-03-24 15:30:14 
2021-03-24 15:33:11 
2021-03-24 15:36:14 
2021-03-24 15:39:12 
2021-03-24 15:42:09 
2021-03-24 15:45:06 
2021-03-24 15:48:03 
2021-03-24 15:51:04 
2021-03-24 15:54:02 
2021-03-24 15:57:00 
2021-03-24 15:59:59 
2021-03-24 16:02:59 
2021-03-24 16:05:59 
2021-03-24 16:08:56 
2021-03-24 16:11:57 
2021-03-24 16:14:54 
2021-03-24 16:17:53 
2021-03-24 16:20:50 
2021-03-24 16:23:49 
2021-03-24 16:26:49 
2021-03-24 16:29:48 
2021-03-24 16:32:48 
2021-03-24 16:35:45 
2021-03-24 16:38:47 
2021-03-24 16:41:47 
2021-03-24 16:44:44 
2021-03-24 16:47:42 
2021-03-24 16:50:44 
2021-03-24 16:53:42 
2021-03-24 16:56:41 
2021-03-24 16:59:39 
2021-03-24 17:02:36 
2021-03-24 17:05:33 
2021-03-24 17:08:31 
2021-03-24 17:11:30 
2021-03-24 17:14:29 
2021-03-24 17:17:29 
2021-03-24 17:20:28 
2021-03-24 17:23:25 
2021-03-24 17:26:25 
2021-03-24 17:29:25 
2021-03-24 17:32:24 
2021-03-24 17:35:23 
2021-03-24 17:38:18 
2021-03-24 17:41:16 
2021-03-24 17:44:13 
2021-03-24 17:47:12 
2021-03-24 17:50:10 
2021-03-24 17:53:07 
2021-03-24 17:56:06 
2021-03-24 17:59:04 
2021-03-24 18:02:05 
2021-03-24 18:05:01 
2021-03-24 18:07:57 
2021-03-24 18:10:54 
2021-03-24 18:13:50 
2021-03-24 18:16:48 
2021-03-24 18:19:46 
2021-03-24 18:22:43 
2021-03-24 18:25:39 
2021-03-24 18:28:37 
2021-03-24 18:31:34 
2021-03-24 18:34:33 
2021-03-24 18:37:30 
2021-03-24 18:40:32 
2021-03-24 18:43:28 
2021-03-24 18:46:26 
2021-03-24 18:49:21 
2021-03-24 18:52:18 
2021-03-24 18:55:13 
2021-03-24 18:58:10 
2021-03-24 19:01:06 
2021-03-24 19:04:02 
2021-03-24 19:07:02 
2021-03-24 19:09:59 
2021-03-24 19:12:58 
2021-03-24 19:15:55 
2021-03-24 19:18:59 
2021-03-24 19:21:56 
2021-03-24 19:24:54 
2021-03-24 19:27:52 
2021-03-24 19:30:49 
2021-03-24 19:33:50 
2021-03-24 19:36:49 
2021-03-24 19:39:50 
2021-03-24 19:42:49 
2021-03-24 19:45:52 
2021-03-24 19:48:55 
2021-03-24 19:51:53 
2021-03-24 19:54:51 
2021-03-24 19:57:51 
2021-03-24 20:00:52 
2021-03-24 20:03:52 
2021-03-24 20:06:53 
2021-03-24 20:09:54 
2021-03-24 20:12:53 
2021-03-24 20:15:52 
2021-03-24 20:18:50 
2021-03-24 20:21:51 
2021-03-24 20:24:51 
2021-03-24 20:27:53 
2021-03-24 20:30:52 
2021-03-24 20:33:52 
2021-03-24 20:36:52 
2021-03-24 20:39:53 
2021-03-24 20:42:54 
2021-03-24 20:45:56 
2021-03-24 20:48:56 
2021-03-24 20:51:56 
2021-03-24 20:54:57 
2021-03-24 20:57:56 
2021-03-24 21:00:55 
2021-03-24 21:03:55 
2021-03-24 21:06:55 
2021-03-24 21:09:56 
2021-03-24 21:12:55 
2021-03-24 21:15:55 
2021-03-24 21:18:53 
2021-03-24 21:21:52 
2021-03-24 21:24:53 
2021-03-24 21:27:56 
2021-03-24 21:30:55 
2021-03-24 21:33:54 
2021-03-24 21:36:52 
2021-03-24 21:39:50 
2021-03-24 21:42:49 
2021-03-24 21:45:48 
2021-03-24 21:48:50 
2021-03-24 21:51:49 
2021-03-24 21:54:48 
2021-03-24 21:57:45 
2021-03-24 22:00:44 
2021-03-24 22:03:42 
2021-03-24 22:06:41 
2021-03-24 22:09:39 
2021-03-24 22:12:41 
2021-03-24 22:15:39 
2021-03-24 22:18:39 
2021-03-24 22:21:39 
2021-03-24 22:24:42 
2021-03-24 22:27:43 
2021-03-24 22:30:42 
2021-03-24 22:33:42 
2021-03-24 22:36:41 
2021-03-24 22:39:42 
2021-03-24 22:42:39 
2021-03-24 22:45:35 
2021-03-24 22:48:32 
2021-03-24 22:51:30 
2021-03-24 22:54:26 
2021-03-24 22:57:23 
2021-03-24 23:00:22 
2021-03-24 23:03:22 
2021-03-24 23:06:21 
2021-03-24 23:09:22 
2021-03-24 23:12:20 
2021-03-24 23:15:16 
2021-03-24 23:18:20 
2021-03-24 23:21:20 
2021-03-24 23:24:17 
2021-03-24 23:27:13 
2021-03-24 23:30:08 
2021-03-24 23:33:05 
2021-03-24 23:36:02 
2021-03-24 23:39:01 
2021-03-24 23:42:00 
2021-03-24 23:44:59 
2021-03-24 23:47:59 
2021-03-24 23:51:00 
2021-03-24 23:53:59 
2021-03-24 23:56:57 
2021-03-24 23:59:54 
2021-03-25 00:02:55 
2021-03-25 00:05:50 
2021-03-25 00:08:50 
2021-03-25 00:11:49 
2021-03-25 00:14:45 
2021-03-25 00:17:47 
2021-03-25 00:20:47 
2021-03-25 00:23:43 
2021-03-25 00:26:42 
2021-03-25 00:29:37 
2021-03-25 00:32:35 
2021-03-25 00:35:32 
2021-03-25 00:38:32 
2021-03-25 00:41:30 
2021-03-25 00:44:32 
2021-03-25 00:47:34 
2021-03-25 00:50:31 
2021-03-25 00:53:28 
2021-03-25 00:56:23 
2021-03-25 00:59:19 
2021-03-25 01:02:14 
2021-03-25 01:05:09 
2021-03-25 01:08:08 
2021-03-25 01:11:04 
2021-03-25 01:13:59 
2021-03-25 01:16:55 
2021-03-25 01:19:50 
2021-03-25 01:22:46 
2021-03-25 01:25:42 
2021-03-25 01:28:41 
2021-03-25 01:31:41 
2021-03-25 01:34:40 
2021-03-25 01:37:35 
2021-03-25 01:40:39 
2021-03-25 01:43:37 
2021-03-25 01:46:36 
2021-03-25 01:49:34 
2021-03-25 01:52:32 
2021-03-25 01:55:30 
2021-03-25 01:58:28 
2021-03-25 02:01:30 
2021-03-25 02:04:32 
2021-03-25 02:07:29 
2021-03-25 02:10:28 
2021-03-25 02:13:27 
2021-03-25 02:16:24 
2021-03-25 02:19:25 
2021-03-25 02:22:22 
2021-03-25 02:25:19 
2021-03-25 02:28:16 
2021-03-25 02:31:12 
2021-03-25 02:34:07 
2021-03-25 02:37:05 
2021-03-25 02:40:00 
2021-03-25 02:42:57 
2021-03-25 02:45:53 
2021-03-25 02:48:52 
2021-03-25 02:51:48 
2021-03-25 02:54:47 
2021-03-25 02:57:49 
2021-03-25 03:00:46 
2021-03-25 03:03:44 
2021-03-25 03:06:46 
2021-03-25 03:09:44 
2021-03-25 03:12:46 
2021-03-25 03:15:45 
2021-03-25 03:18:44 
2021-03-25 03:21:42 
2021-03-25 03:24:41 
2021-03-25 03:27:39 
2021-03-25 03:30:37 
2021-03-25 03:33:38 
2021-03-25 03:36:37 
2021-03-25 03:39:35 
2021-03-25 03:42:35 
2021-03-25 03:45:34 
2021-03-25 03:48:33 
2021-03-25 03:51:34 
2021-03-25 03:54:34 
2021-03-25 03:57:32 
2021-03-25 04:00:36 
2021-03-25 04:03:33 
2021-03-25 04:06:40 
2021-03-25 04:09:39 
2021-03-25 04:12:44 
2021-03-25 04:15:43 
2021-03-25 04:18:42 
2021-03-25 04:21:42 
2021-03-25 04:24:41 
2021-03-25 04:27:38 
2021-03-25 04:30:36 
2021-03-25 04:33:41 
2021-03-25 04:36:45 
2021-03-25 04:39:52 
2021-03-25 04:42:54 
2021-03-25 04:45:53 
2021-03-25 04:48:56 
2021-03-25 04:51:58 
2021-03-25 04:54:59 
2021-03-25 04:57:57 
2021-03-25 05:01:03 
2021-03-25 05:04:02 
2021-03-25 05:07:04 
2021-03-25 05:10:02 
2021-03-25 05:13:00 
2021-03-25 05:15:58 
2021-03-25 05:18:59 
2021-03-25 05:21:57 
2021-03-25 05:24:59 
2021-03-25 05:28:00 
2021-03-25 05:31:01 
2021-03-25 05:34:00 
2021-03-25 05:36:59 
2021-03-25 05:39:59 
2021-03-25 05:42:58 
2021-03-25 05:46:01 
2021-03-25 05:49:01 
2021-03-25 05:52:03 
2021-03-25 05:55:04 
2021-03-25 05:58:07 
2021-03-25 06:01:10 
2021-03-25 06:04:08 
2021-03-25 06:07:05 
2021-03-25 06:10:01 
2021-03-25 06:12:58 
2021-03-25 06:15:56 
2021-03-25 06:18:54 
2021-03-25 06:21:54 
2021-03-25 06:24:54 
2021-03-25 06:27:54 
2021-03-25 06:30:53 
2021-03-25 06:34:06 
2021-03-25 06:37:14 
2021-03-25 06:40:17 
2021-03-25 06:43:14 
2021-03-25 06:46:16 
2021-03-25 06:49:22 
2021-03-25 06:52:32 
2021-03-25 06:55:39 
2021-03-25 06:58:45 
2021-03-25 07:01:53 
2021-03-25 07:05:09 
2021-03-25 07:08:05 
2021-03-25 07:11:03 
2021-03-25 07:14:16 
2021-03-25 07:17:21 
2021-03-25 07:20:17 
2021-03-25 07:23:23 
2021-03-25 07:26:20 
2021-03-25 07:29:19 
2021-03-25 07:32:27 
2021-03-25 07:35:21 
2021-03-25 07:38:27 
2021-03-25 07:41:24 
2021-03-25 07:44:32 
2021-03-25 07:47:37 
2021-03-25 07:50:34 
2021-03-25 07:53:29 
2021-03-25 07:56:26 
2021-03-25 07:59:35 
2021-03-25 08:02:31 
2021-03-25 08:05:36 
2021-03-25 08:08:35 
2021-03-25 08:11:37 
2021-03-25 08:14:42 
2021-03-25 08:17:54 
2021-03-25 08:20:58 
2021-03-25 08:24:04 
2021-03-25 08:27:03 
2021-03-25 08:30:08 
2021-03-25 08:33:11 
2021-03-25 08:36:11 
2021-03-25 08:39:07 
2021-03-25 08:42:01 
2021-03-25 08:44:58 
2021-03-25 08:48:07 
2021-03-25 08:51:06 
2021-03-25 08:54:03 
2021-03-25 08:57:01 
2021-03-25 09:00:02 
2021-03-25 09:03:01 
2021-03-25 09:06:02 
2021-03-25 09:09:01 
2021-03-25 09:11:59 
2021-03-25 09:15:00 
2021-03-25 09:18:00 
2021-03-25 09:20:59 
2021-03-25 09:23:59 
2021-03-25 09:27:00 
2021-03-25 09:30:00 
2021-03-25 09:33:03 
2021-03-25 09:36:03 
2021-03-25 09:39:05 
2021-03-25 09:42:05 
2021-03-25 09:45:04 
2021-03-25 09:48:03 
2021-03-25 09:51:02 
2021-03-25 09:53:58 
2021-03-25 09:57:00 
2021-03-25 10:00:00 
2021-03-25 10:03:03 
2021-03-25 10:06:05 
2021-03-25 10:09:06 
2021-03-25 10:12:07 
2021-03-25 10:15:09 
2021-03-25 10:18:09 
2021-03-25 10:21:11 
2021-03-25 10:24:11 
2021-03-25 10:27:06 
2021-03-25 10:30:04 
2021-03-25 10:33:01 
2021-03-25 10:35:58 
2021-03-25 10:38:56 
2021-03-25 10:41:54 
2021-03-25 10:44:49 
2021-03-25 10:47:45 
2021-03-25 10:50:42 
2021-03-25 10:53:37 
2021-03-25 10:56:33 
2021-03-25 10:59:28 
2021-03-25 11:02:25 
2021-03-25 11:05:21 
2021-03-25 11:08:17 
2021-03-25 11:11:10 
2021-03-25 11:14:05 
2021-03-25 11:17:02 
2021-03-25 11:19:58 
2021-03-25 11:22:56 
2021-03-25 11:25:52 
2021-03-25 11:28:49 
2021-03-25 11:31:46 
2021-03-25 11:34:47 
2021-03-25 11:37:43 
2021-03-25 11:40:45 
2021-03-25 11:43:43 
2021-03-25 11:46:40 
2021-03-25 11:49:37 
2021-03-25 11:52:35 
2021-03-25 11:55:32 
2021-03-25 11:58:28 
2021-03-25 12:01:25 
2021-03-25 12:04:21 
2021-03-25 12:07:19 
2021-03-25 12:10:17 
2021-03-25 12:13:13 
2021-03-25 12:16:09 
2021-03-25 12:19:07 
2021-03-25 12:22:03 
2021-03-25 12:24:59 
2021-03-25 12:27:58 
2021-03-25 12:30:53 
2021-03-25 12:33:51 
2021-03-25 12:36:47 
2021-03-25 12:39:42 
2021-03-25 12:42:38 
2021-03-25 12:45:34 
2021-03-25 12:48:31 
2021-03-25 12:51:28 
2021-03-25 12:54:25 
2021-03-25 12:57:21 
2021-03-25 13:00:17 
2021-03-25 13:03:15 
2021-03-25 13:06:13 
2021-03-25 13:09:09 
2021-03-25 13:12:08 
2021-03-25 13:15:07 
2021-03-25 13:18:05 
2021-03-25 13:21:03 
2021-03-25 13:23:59 
2021-03-25 13:26:56 
2021-03-25 13:29:54 
2021-03-25 13:32:51 
2021-03-25 13:35:47 
2021-03-25 13:38:46 
2021-03-25 13:41:44 
2021-03-25 13:44:42 
2021-03-25 13:47:40 
2021-03-25 13:50:41 
2021-03-25 13:53:44 
2021-03-25 13:56:45 
2021-03-25 13:59:45 
2021-03-25 14:02:46 
2021-03-25 14:05:48 
2021-03-25 14:08:48 
2021-03-25 14:11:51 
2021-03-25 14:14:53 
2021-03-25 14:17:53 
2021-03-25 14:20:54 
2021-03-25 14:23:56 
2021-03-25 14:27:00 
2021-03-25 14:30:00 
2021-03-25 14:33:00 
2021-03-25 14:35:58 
2021-03-25 14:38:59 
2021-03-25 14:42:03 
2021-03-25 14:45:02 
2021-03-25 14:48:02 
2021-03-25 14:51:03 
2021-03-25 14:54:09 
2021-03-25 14:57:09 
2021-03-25 15:00:10 
2021-03-25 15:03:10 
2021-03-25 15:06:11 
2021-03-25 15:09:10 
2021-03-25 15:12:10 
2021-03-25 15:15:11 
2021-03-25 15:18:12 
2021-03-25 15:21:12 
2021-03-25 15:24:13 
2021-03-25 15:27:13 
2021-03-25 15:30:14 
2021-03-25 15:33:23 
2021-03-25 15:36:22 
2021-03-25 15:39:22 
2021-03-25 15:42:21 
2021-03-25 15:45:19 
2021-03-25 15:48:20 
2021-03-25 15:51:18 
2021-03-25 15:54:17 
2021-03-25 15:57:18 
2021-03-25 16:00:17 
2021-03-25 16:03:19 
2021-03-25 16:06:19 
2021-03-25 16:09:20 
2021-03-25 16:12:22 
2021-03-25 16:15:22 
2021-03-25 16:18:23 
2021-03-25 16:21:24 
2021-03-25 16:24:21 
2021-03-25 16:27:22 
2021-03-25 16:30:21 
2021-03-25 16:33:18 
2021-03-25 16:36:13 
2021-03-25 16:39:11 
2021-03-25 16:42:12 
2021-03-25 16:45:09 
2021-03-25 16:48:08 
2021-03-25 16:51:04 
2021-03-25 16:54:00 
2021-03-25 16:56:56 
2021-03-25 16:59:56 
2021-03-25 17:02:52 
2021-03-25 17:05:48 
2021-03-25 17:08:44 
2021-03-25 17:11:39 
2021-03-25 17:14:37 
2021-03-25 17:17:34 
2021-03-25 17:20:32 
2021-03-25 17:23:31 
2021-03-25 17:26:33 
2021-03-25 17:29:32 
2021-03-25 17:32:33 
2021-03-25 17:35:32 
2021-03-25 17:38:31 
2021-03-25 17:41:28 
2021-03-25 17:44:30 
2021-03-25 17:47:29 
2021-03-25 17:50:30 
2021-03-25 17:53:30 
2021-03-25 17:56:32 
2021-03-25 17:59:29 
2021-03-25 18:02:28 
2021-03-25 18:05:29 
2021-03-25 18:08:28 
2021-03-25 18:11:27 
2021-03-25 18:14:27 
2021-03-25 18:17:28 
2021-03-25 18:20:29 
2021-03-25 18:23:27 
2021-03-25 18:26:26 
2021-03-25 18:29:24 
2021-03-25 18:32:22 
2021-03-25 18:35:26 
2021-03-25 18:38:27 
2021-03-25 18:41:33 
2021-03-25 18:44:34 
2021-03-25 18:47:33 
2021-03-25 18:50:34 
2021-03-25 18:53:33 
2021-03-25 18:56:33 
2021-03-25 18:59:38 
2021-03-25 19:02:38 
2021-03-25 19:05:41 
2021-03-25 19:08:42 
2021-03-25 19:11:46 
2021-03-25 19:14:46 
Reached maxHours without converging.
Predicting on val...
Predicting on test...
