ID =  4 
[[1]]
[[1]]$value
function (rsl, n, outputClassifiers = TRUE, outputLabels = TRUE, 
    outputRules = TRUE) 
{
    rsl <- .compile(rsl)
    data <- gRain::simulate.grain(rsl$compiledNet, n)
    outputVars <- character(0)
    if (outputClassifiers) 
        outputVars <- c(outputVars, .getAllClassifiers(rsl))
    if (outputLabels) 
        outputVars <- c(outputVars, .getAllLabelNodes(rsl))
    if (outputRules) 
        outputVars <- c(outputVars, .getAllRules(rsl))
    data <- data[, outputVars]
    data <- .colnamesIDtoNames(rsl, data)
    data[] <- lapply(data, as.character)
    return(data)
}

[[1]]$visible
[1] FALSE


[[2]]
[[2]]$value
function (rsl, n, outputClassifiers = TRUE, outputLabels = TRUE, 
    outputRules = TRUE) 
{
    rsl <- .compile(rsl)
    data <- gRain::simulate.grain(rsl$compiledNet, n)
    outputVars <- character(0)
    if (outputClassifiers) 
        outputVars <- c(outputVars, .getAllClassifiers(rsl))
    if (outputLabels) 
        outputVars <- c(outputVars, .getAllLabelNodes(rsl))
    if (outputRules) 
        outputVars <- c(outputVars, .getAllRules(rsl))
    data <- data[, outputVars]
    data <- .colnamesIDtoNames(rsl, data)
    data[] <- lapply(data, as.character)
    return(data)
}

[[2]]$visible
[1] FALSE


[[3]]
[[3]]$value
function (rsl, n, outputClassifiers = TRUE, outputLabels = TRUE, 
    outputRules = TRUE) 
{
    rsl <- .compile(rsl)
    data <- gRain::simulate.grain(rsl$compiledNet, n)
    outputVars <- character(0)
    if (outputClassifiers) 
        outputVars <- c(outputVars, .getAllClassifiers(rsl))
    if (outputLabels) 
        outputVars <- c(outputVars, .getAllLabelNodes(rsl))
    if (outputRules) 
        outputVars <- c(outputVars, .getAllRules(rsl))
    data <- data[, outputVars]
    data <- .colnamesIDtoNames(rsl, data)
    data[] <- lapply(data, as.character)
    return(data)
}

[[3]]$visible
[1] FALSE


[[4]]
[[4]]$value
function (rsl, n, outputClassifiers = TRUE, outputLabels = TRUE, 
    outputRules = TRUE) 
{
    rsl <- .compile(rsl)
    data <- gRain::simulate.grain(rsl$compiledNet, n)
    outputVars <- character(0)
    if (outputClassifiers) 
        outputVars <- c(outputVars, .getAllClassifiers(rsl))
    if (outputLabels) 
        outputVars <- c(outputVars, .getAllLabelNodes(rsl))
    if (outputRules) 
        outputVars <- c(outputVars, .getAllRules(rsl))
    data <- data[, outputVars]
    data <- .colnamesIDtoNames(rsl, data)
    data[] <- lapply(data, as.character)
    return(data)
}

[[4]]$visible
[1] FALSE


[[5]]
[[5]]$value
function (rsl, n, outputClassifiers = TRUE, outputLabels = TRUE, 
    outputRules = TRUE) 
{
    rsl <- .compile(rsl)
    data <- gRain::simulate.grain(rsl$compiledNet, n)
    outputVars <- character(0)
    if (outputClassifiers) 
        outputVars <- c(outputVars, .getAllClassifiers(rsl))
    if (outputLabels) 
        outputVars <- c(outputVars, .getAllLabelNodes(rsl))
    if (outputRules) 
        outputVars <- c(outputVars, .getAllRules(rsl))
    data <- data[, outputVars]
    data <- .colnamesIDtoNames(rsl, data)
    data[] <- lapply(data, as.character)
    return(data)
}

[[5]]$visible
[1] FALSE


[[6]]
[[6]]$value
function (rsl, n, outputClassifiers = TRUE, outputLabels = TRUE, 
    outputRules = TRUE) 
{
    rsl <- .compile(rsl)
    data <- gRain::simulate.grain(rsl$compiledNet, n)
    outputVars <- character(0)
    if (outputClassifiers) 
        outputVars <- c(outputVars, .getAllClassifiers(rsl))
    if (outputLabels) 
        outputVars <- c(outputVars, .getAllLabelNodes(rsl))
    if (outputRules) 
        outputVars <- c(outputVars, .getAllRules(rsl))
    data <- data[, outputVars]
    data <- .colnamesIDtoNames(rsl, data)
    data[] <- lapply(data, as.character)
    return(data)
}

[[6]]$visible
[1] FALSE


[[7]]
[[7]]$value
function (rsl, n, outputClassifiers = TRUE, outputLabels = TRUE, 
    outputRules = TRUE) 
{
    rsl <- .compile(rsl)
    data <- gRain::simulate.grain(rsl$compiledNet, n)
    outputVars <- character(0)
    if (outputClassifiers) 
        outputVars <- c(outputVars, .getAllClassifiers(rsl))
    if (outputLabels) 
        outputVars <- c(outputVars, .getAllLabelNodes(rsl))
    if (outputRules) 
        outputVars <- c(outputVars, .getAllRules(rsl))
    data <- data[, outputVars]
    data <- .colnamesIDtoNames(rsl, data)
    data[] <- lapply(data, as.character)
    return(data)
}

[[7]]$visible
[1] FALSE


[[8]]
[[8]]$value
function (rsl, n, outputClassifiers = TRUE, outputLabels = TRUE, 
    outputRules = TRUE) 
{
    rsl <- .compile(rsl)
    data <- gRain::simulate.grain(rsl$compiledNet, n)
    outputVars <- character(0)
    if (outputClassifiers) 
        outputVars <- c(outputVars, .getAllClassifiers(rsl))
    if (outputLabels) 
        outputVars <- c(outputVars, .getAllLabelNodes(rsl))
    if (outputRules) 
        outputVars <- c(outputVars, .getAllRules(rsl))
    data <- data[, outputVars]
    data <- .colnamesIDtoNames(rsl, data)
    data[] <- lapply(data, as.character)
    return(data)
}

[[8]]$visible
[1] FALSE


[[9]]
[[9]]$value
function (rsl, n, outputClassifiers = TRUE, outputLabels = TRUE, 
    outputRules = TRUE) 
{
    rsl <- .compile(rsl)
    data <- gRain::simulate.grain(rsl$compiledNet, n)
    outputVars <- character(0)
    if (outputClassifiers) 
        outputVars <- c(outputVars, .getAllClassifiers(rsl))
    if (outputLabels) 
        outputVars <- c(outputVars, .getAllLabelNodes(rsl))
    if (outputRules) 
        outputVars <- c(outputVars, .getAllRules(rsl))
    data <- data[, outputVars]
    data <- .colnamesIDtoNames(rsl, data)
    data[] <- lapply(data, as.character)
    return(data)
}

[[9]]$visible
[1] FALSE


[[10]]
[[10]]$value
function (rsl, n, outputClassifiers = TRUE, outputLabels = TRUE, 
    outputRules = TRUE) 
{
    rsl <- .compile(rsl)
    data <- gRain::simulate.grain(rsl$compiledNet, n)
    outputVars <- character(0)
    if (outputClassifiers) 
        outputVars <- c(outputVars, .getAllClassifiers(rsl))
    if (outputLabels) 
        outputVars <- c(outputVars, .getAllLabelNodes(rsl))
    if (outputRules) 
        outputVars <- c(outputVars, .getAllRules(rsl))
    data <- data[, outputVars]
    data <- .colnamesIDtoNames(rsl, data)
    data[] <- lapply(data, as.character)
    return(data)
}

[[10]]$visible
[1] FALSE


Preprocessing data...
Learning...
Loading required namespace: gRain
2021-03-23 23:15:04 
2021-03-23 23:16:04 
2021-03-23 23:17:09 
2021-03-23 23:18:14 
2021-03-23 23:19:17 
2021-03-23 23:20:15 
2021-03-23 23:21:14 
2021-03-23 23:22:15 
2021-03-23 23:23:12 
2021-03-23 23:24:12 
2021-03-23 23:25:13 
2021-03-23 23:26:10 
2021-03-23 23:27:12 
2021-03-23 23:28:17 
2021-03-23 23:29:16 
2021-03-23 23:30:10 
2021-03-23 23:31:14 
2021-03-23 23:32:14 
2021-03-23 23:33:15 
2021-03-23 23:34:18 
2021-03-23 23:35:15 
2021-03-23 23:36:15 
2021-03-23 23:37:20 
2021-03-23 23:38:18 
2021-03-23 23:39:19 
2021-03-23 23:40:15 
2021-03-23 23:41:21 
2021-03-23 23:42:32 
2021-03-23 23:43:42 
2021-03-23 23:44:55 
2021-03-23 23:46:05 
2021-03-23 23:47:16 
2021-03-23 23:48:28 
2021-03-23 23:49:41 
2021-03-23 23:50:51 
2021-03-23 23:52:03 
2021-03-23 23:53:05 
2021-03-23 23:54:15 
2021-03-23 23:55:23 
2021-03-23 23:56:30 
2021-03-23 23:57:33 
2021-03-23 23:58:41 
2021-03-23 23:59:47 
2021-03-24 00:00:50 
2021-03-24 00:02:00 
2021-03-24 00:03:06 
2021-03-24 00:04:15 
2021-03-24 00:05:27 
2021-03-24 00:06:36 
2021-03-24 00:07:41 
2021-03-24 00:08:46 
2021-03-24 00:09:53 
2021-03-24 00:10:58 
2021-03-24 00:11:57 
2021-03-24 00:13:05 
2021-03-24 00:14:10 
2021-03-24 00:15:11 
2021-03-24 00:16:16 
2021-03-24 00:17:14 
2021-03-24 00:18:20 
2021-03-24 00:19:28 
2021-03-24 00:20:34 
2021-03-24 00:21:42 
2021-03-24 00:22:48 
2021-03-24 00:23:55 
2021-03-24 00:25:05 
2021-03-24 00:26:07 
2021-03-24 00:27:07 
2021-03-24 00:28:07 
2021-03-24 00:29:08 
2021-03-24 00:30:07 
2021-03-24 00:31:03 
2021-03-24 00:32:06 
2021-03-24 00:33:09 
2021-03-24 00:34:10 
2021-03-24 00:35:12 
2021-03-24 00:36:13 
2021-03-24 00:37:11 
2021-03-24 00:38:11 
2021-03-24 00:39:08 
2021-03-24 00:40:10 
2021-03-24 00:41:04 
2021-03-24 00:42:04 
2021-03-24 00:43:00 
2021-03-24 00:43:56 
2021-03-24 00:44:58 
2021-03-24 00:46:04 
2021-03-24 00:47:12 
2021-03-24 00:48:26 
2021-03-24 00:49:41 
2021-03-24 00:51:01 
2021-03-24 00:52:17 
2021-03-24 00:53:46 
2021-03-24 00:55:10 
2021-03-24 00:56:35 
2021-03-24 00:58:00 
2021-03-24 00:59:28 
2021-03-24 01:00:54 
2021-03-24 01:02:29 
2021-03-24 01:04:02 
2021-03-24 01:05:27 
2021-03-24 01:07:04 
2021-03-24 01:08:42 
2021-03-24 01:10:16 
2021-03-24 01:11:48 
2021-03-24 01:13:29 
2021-03-24 01:15:10 
2021-03-24 01:16:50 
2021-03-24 01:18:35 
2021-03-24 01:20:09 
2021-03-24 01:21:50 
2021-03-24 01:23:23 
2021-03-24 01:25:01 
2021-03-24 01:26:30 
2021-03-24 01:28:08 
2021-03-24 01:29:44 
2021-03-24 01:31:24 
2021-03-24 01:33:11 
2021-03-24 01:35:00 
2021-03-24 01:36:52 
2021-03-24 01:38:40 
2021-03-24 01:40:31 
2021-03-24 01:42:13 
2021-03-24 01:44:00 
2021-03-24 01:45:46 
2021-03-24 01:47:33 
2021-03-24 01:49:15 
2021-03-24 01:51:05 
2021-03-24 01:52:52 
2021-03-24 01:54:39 
2021-03-24 01:56:30 
2021-03-24 01:58:22 
2021-03-24 02:00:11 
2021-03-24 02:02:04 
2021-03-24 02:03:49 
2021-03-24 02:05:33 
2021-03-24 02:07:21 
2021-03-24 02:09:11 
2021-03-24 02:11:03 
2021-03-24 02:12:44 
2021-03-24 02:14:34 
2021-03-24 02:16:16 
2021-03-24 02:18:07 
2021-03-24 02:20:02 
2021-03-24 02:21:48 
2021-03-24 02:23:36 
2021-03-24 02:25:33 
2021-03-24 02:27:29 
2021-03-24 02:29:23 
2021-03-24 02:31:10 
2021-03-24 02:33:03 
2021-03-24 02:35:00 
2021-03-24 02:36:57 
2021-03-24 02:38:58 
2021-03-24 02:40:55 
2021-03-24 02:42:53 
2021-03-24 02:44:56 
2021-03-24 02:46:52 
2021-03-24 02:48:42 
2021-03-24 02:50:36 
2021-03-24 02:52:24 
2021-03-24 02:54:21 
2021-03-24 02:56:17 
2021-03-24 02:58:14 
2021-03-24 03:00:09 
2021-03-24 03:02:07 
2021-03-24 03:04:00 
2021-03-24 03:05:54 
2021-03-24 03:07:50 
2021-03-24 03:09:39 
2021-03-24 03:11:29 
2021-03-24 03:13:28 
2021-03-24 03:15:31 
2021-03-24 03:17:36 
2021-03-24 03:19:38 
2021-03-24 03:21:42 
2021-03-24 03:23:40 
2021-03-24 03:25:46 
2021-03-24 03:27:49 
2021-03-24 03:29:48 
2021-03-24 03:31:51 
2021-03-24 03:33:49 
2021-03-24 03:35:57 
2021-03-24 03:38:00 
2021-03-24 03:40:07 
2021-03-24 03:42:08 
2021-03-24 03:44:10 
2021-03-24 03:46:09 
2021-03-24 03:48:11 
2021-03-24 03:50:11 
2021-03-24 03:52:15 
2021-03-24 03:54:14 
2021-03-24 03:56:18 
2021-03-24 03:58:20 
2021-03-24 04:00:25 
2021-03-24 04:02:29 
2021-03-24 04:04:34 
2021-03-24 04:06:37 
2021-03-24 04:08:46 
2021-03-24 04:10:52 
2021-03-24 04:12:59 
2021-03-24 04:14:55 
2021-03-24 04:17:03 
2021-03-24 04:19:00 
2021-03-24 04:20:57 
2021-03-24 04:23:04 
2021-03-24 04:25:07 
2021-03-24 04:27:11 
2021-03-24 04:29:20 
2021-03-24 04:31:16 
2021-03-24 04:33:21 
2021-03-24 04:35:30 
2021-03-24 04:37:35 
2021-03-24 04:39:43 
2021-03-24 04:41:51 
2021-03-24 04:43:48 
2021-03-24 04:45:53 
2021-03-24 04:47:48 
2021-03-24 04:49:44 
2021-03-24 04:51:45 
2021-03-24 04:53:51 
2021-03-24 04:55:53 
2021-03-24 04:57:59 
2021-03-24 05:00:02 
2021-03-24 05:02:08 
2021-03-24 05:04:11 
2021-03-24 05:06:14 
2021-03-24 05:08:15 
2021-03-24 05:10:16 
2021-03-24 05:12:21 
2021-03-24 05:14:26 
2021-03-24 05:16:35 
2021-03-24 05:18:38 
2021-03-24 05:20:49 
2021-03-24 05:22:57 
2021-03-24 05:25:06 
2021-03-24 05:27:05 
2021-03-24 05:29:10 
2021-03-24 05:31:13 
2021-03-24 05:33:15 
2021-03-24 05:35:21 
2021-03-24 05:37:20 
2021-03-24 05:39:24 
2021-03-24 05:41:30 
2021-03-24 05:43:38 
2021-03-24 05:45:37 
2021-03-24 05:47:50 
2021-03-24 05:50:02 
2021-03-24 05:52:14 
2021-03-24 05:54:17 
2021-03-24 05:56:16 
2021-03-24 05:58:21 
2021-03-24 06:00:30 
2021-03-24 06:02:37 
2021-03-24 06:04:45 
2021-03-24 06:06:54 
2021-03-24 06:09:03 
2021-03-24 06:11:01 
2021-03-24 06:13:00 
2021-03-24 06:14:58 
2021-03-24 06:16:56 
2021-03-24 06:19:00 
2021-03-24 06:20:57 
2021-03-24 06:22:56 
2021-03-24 06:24:55 
2021-03-24 06:26:52 
2021-03-24 06:28:50 
2021-03-24 06:30:50 
2021-03-24 06:32:49 
2021-03-24 06:34:46 
2021-03-24 06:36:43 
2021-03-24 06:38:45 
2021-03-24 06:40:44 
2021-03-24 06:42:42 
2021-03-24 06:44:40 
2021-03-24 06:46:39 
2021-03-24 06:48:37 
2021-03-24 06:50:36 
2021-03-24 06:52:37 
2021-03-24 06:54:36 
2021-03-24 06:56:37 
2021-03-24 06:58:38 
2021-03-24 07:00:38 
2021-03-24 07:02:38 
2021-03-24 07:04:38 
2021-03-24 07:06:37 
2021-03-24 07:08:34 
2021-03-24 07:10:39 
2021-03-24 07:12:38 
2021-03-24 07:14:39 
2021-03-24 07:16:38 
2021-03-24 07:18:38 
2021-03-24 07:20:38 
2021-03-24 07:22:43 
2021-03-24 07:24:43 
2021-03-24 07:26:42 
2021-03-24 07:28:46 
2021-03-24 07:30:44 
2021-03-24 07:32:43 
2021-03-24 07:34:42 
2021-03-24 07:36:41 
2021-03-24 07:38:41 
2021-03-24 07:40:47 
2021-03-24 07:42:46 
2021-03-24 07:44:44 
2021-03-24 07:46:42 
2021-03-24 07:48:43 
2021-03-24 07:50:43 
2021-03-24 07:52:41 
2021-03-24 07:54:42 
2021-03-24 07:56:48 
2021-03-24 07:58:54 
2021-03-24 08:00:53 
2021-03-24 08:02:57 
2021-03-24 08:04:55 
2021-03-24 08:06:55 
2021-03-24 08:08:53 
2021-03-24 08:10:51 
2021-03-24 08:12:58 
2021-03-24 08:14:59 
2021-03-24 08:17:00 
2021-03-24 08:19:08 
2021-03-24 08:21:12 
2021-03-24 08:23:12 
2021-03-24 08:25:13 
2021-03-24 08:27:14 
2021-03-24 08:29:13 
2021-03-24 08:31:15 
2021-03-24 08:33:14 
2021-03-24 08:35:14 
2021-03-24 08:37:15 
2021-03-24 08:39:16 
2021-03-24 08:41:17 
2021-03-24 08:43:20 
2021-03-24 08:45:30 
2021-03-24 08:47:39 
2021-03-24 08:49:49 
2021-03-24 08:52:03 
2021-03-24 08:54:11 
2021-03-24 08:56:17 
2021-03-24 08:58:29 
2021-03-24 09:00:36 
2021-03-24 09:02:41 
2021-03-24 09:04:45 
2021-03-24 09:06:47 
2021-03-24 09:08:44 
2021-03-24 09:10:47 
2021-03-24 09:12:51 
2021-03-24 09:14:55 
2021-03-24 09:17:03 
2021-03-24 09:19:02 
2021-03-24 09:21:08 
2021-03-24 09:23:15 
2021-03-24 09:25:15 
2021-03-24 09:27:15 
2021-03-24 09:29:13 
2021-03-24 09:31:10 
2021-03-24 09:33:07 
2021-03-24 09:35:09 
2021-03-24 09:37:15 
2021-03-24 09:39:14 
2021-03-24 09:41:14 
2021-03-24 09:43:16 
2021-03-24 09:45:16 
2021-03-24 09:47:19 
2021-03-24 09:49:24 
2021-03-24 09:51:23 
2021-03-24 09:53:34 
2021-03-24 09:55:47 
2021-03-24 09:57:55 
2021-03-24 10:00:04 
2021-03-24 10:02:10 
2021-03-24 10:04:13 
2021-03-24 10:06:13 
2021-03-24 10:08:13 
2021-03-24 10:10:15 
2021-03-24 10:12:23 
2021-03-24 10:14:35 
2021-03-24 10:16:37 
2021-03-24 10:18:48 
2021-03-24 10:21:02 
2021-03-24 10:23:10 
2021-03-24 10:25:13 
2021-03-24 10:27:15 
2021-03-24 10:29:27 
2021-03-24 10:31:29 
2021-03-24 10:33:35 
2021-03-24 10:35:43 
2021-03-24 10:37:55 
2021-03-24 10:39:57 
2021-03-24 10:42:09 
2021-03-24 10:44:13 
2021-03-24 10:46:14 
2021-03-24 10:48:18 
2021-03-24 10:50:24 
2021-03-24 10:52:37 
2021-03-24 10:54:50 
2021-03-24 10:56:58 
2021-03-24 10:59:01 
2021-03-24 11:01:01 
2021-03-24 11:03:10 
2021-03-24 11:05:14 
2021-03-24 11:07:17 
2021-03-24 11:09:18 
2021-03-24 11:11:23 
2021-03-24 11:13:35 
2021-03-24 11:15:43 
2021-03-24 11:17:49 
2021-03-24 11:20:01 
2021-03-24 11:22:07 
2021-03-24 11:24:09 
2021-03-24 11:26:08 
2021-03-24 11:28:11 
2021-03-24 11:30:15 
2021-03-24 11:32:26 
2021-03-24 11:34:35 
2021-03-24 11:36:49 
2021-03-24 11:38:59 
2021-03-24 11:41:08 
2021-03-24 11:43:19 
2021-03-24 11:45:27 
2021-03-24 11:47:29 
2021-03-24 11:49:39 
2021-03-24 11:51:53 
2021-03-24 11:53:55 
2021-03-24 11:55:59 
2021-03-24 11:58:03 
2021-03-24 12:00:11 
2021-03-24 12:02:13 
2021-03-24 12:04:16 
2021-03-24 12:06:24 
2021-03-24 12:08:35 
2021-03-24 12:10:38 
2021-03-24 12:12:50 
2021-03-24 12:15:01 
2021-03-24 12:17:02 
2021-03-24 12:19:10 
2021-03-24 12:21:12 
2021-03-24 12:23:14 
2021-03-24 12:25:17 
2021-03-24 12:27:19 
2021-03-24 12:29:34 
2021-03-24 12:31:38 
2021-03-24 12:33:42 
2021-03-24 12:35:44 
2021-03-24 12:37:51 
2021-03-24 12:39:58 
2021-03-24 12:42:04 
2021-03-24 12:44:10 
2021-03-24 12:46:15 
2021-03-24 12:48:14 
2021-03-24 12:50:16 
2021-03-24 12:52:24 
2021-03-24 12:54:37 
2021-03-24 12:56:48 
2021-03-24 12:58:56 
2021-03-24 13:01:08 
2021-03-24 13:03:08 
2021-03-24 13:05:11 
2021-03-24 13:07:12 
2021-03-24 13:09:13 
2021-03-24 13:11:15 
2021-03-24 13:13:15 
2021-03-24 13:15:15 
2021-03-24 13:17:14 
2021-03-24 13:19:21 
2021-03-24 13:21:25 
2021-03-24 13:23:32 
2021-03-24 13:25:42 
2021-03-24 13:27:52 
2021-03-24 13:29:51 
2021-03-24 13:32:00 
2021-03-24 13:33:58 
2021-03-24 13:35:59 
2021-03-24 13:38:09 
2021-03-24 13:40:12 
2021-03-24 13:42:15 
2021-03-24 13:44:19 
2021-03-24 13:46:27 
2021-03-24 13:48:37 
2021-03-24 13:50:50 
2021-03-24 13:52:55 
2021-03-24 13:55:06 
2021-03-24 13:57:11 
2021-03-24 13:59:13 
2021-03-24 14:01:13 
2021-03-24 14:03:20 
2021-03-24 14:05:26 
2021-03-24 14:07:28 
2021-03-24 14:09:32 
2021-03-24 14:11:35 
2021-03-24 14:13:35 
2021-03-24 14:15:44 
2021-03-24 14:17:46 
2021-03-24 14:19:47 
2021-03-24 14:21:48 
2021-03-24 14:23:57 
2021-03-24 14:26:03 
2021-03-24 14:28:10 
2021-03-24 14:30:15 
2021-03-24 14:32:16 
2021-03-24 14:34:17 
2021-03-24 14:36:17 
2021-03-24 14:38:29 
2021-03-24 14:40:34 
2021-03-24 14:42:40 
2021-03-24 14:44:51 
2021-03-24 14:46:51 
2021-03-24 14:48:52 
2021-03-24 14:50:59 
2021-03-24 14:53:08 
2021-03-24 14:55:15 
2021-03-24 14:57:18 
2021-03-24 14:59:18 
2021-03-24 15:01:18 
2021-03-24 15:03:17 
2021-03-24 15:05:16 
2021-03-24 15:07:16 
2021-03-24 15:09:16 
2021-03-24 15:11:16 
2021-03-24 15:13:13 
2021-03-24 15:15:15 
2021-03-24 15:17:21 
2021-03-24 15:19:28 
2021-03-24 15:21:31 
2021-03-24 15:23:30 
2021-03-24 15:25:34 
2021-03-24 15:27:41 
2021-03-24 15:29:45 
2021-03-24 15:31:50 
2021-03-24 15:33:51 
2021-03-24 15:36:00 
2021-03-24 15:38:10 
2021-03-24 15:40:14 
2021-03-24 15:42:16 
2021-03-24 15:44:17 
2021-03-24 15:46:20 
2021-03-24 15:48:31 
2021-03-24 15:50:39 
2021-03-24 15:52:40 
2021-03-24 15:54:39 
2021-03-24 15:56:51 
2021-03-24 15:59:01 
2021-03-24 16:01:09 
2021-03-24 16:03:14 
2021-03-24 16:05:16 
2021-03-24 16:07:16 
2021-03-24 16:09:16 
2021-03-24 16:11:21 
2021-03-24 16:13:31 
2021-03-24 16:15:40 
2021-03-24 16:17:44 
2021-03-24 16:19:51 
2021-03-24 16:22:00 
2021-03-24 16:24:09 
2021-03-24 16:26:10 
2021-03-24 16:28:13 
2021-03-24 16:30:15 
2021-03-24 16:32:17 
2021-03-24 16:34:17 
2021-03-24 16:36:22 
2021-03-24 16:38:34 
2021-03-24 16:40:38 
2021-03-24 16:42:44 
2021-03-24 16:44:49 
2021-03-24 16:46:56 
2021-03-24 16:49:06 
2021-03-24 16:51:16 
2021-03-24 16:53:31 
2021-03-24 16:55:45 
2021-03-24 16:57:58 
2021-03-24 17:00:08 
2021-03-24 17:02:12 
2021-03-24 17:04:21 
2021-03-24 17:06:23 
2021-03-24 17:08:34 
2021-03-24 17:10:46 
2021-03-24 17:12:55 
2021-03-24 17:15:06 
2021-03-24 17:17:16 
2021-03-24 17:19:17 
2021-03-24 17:21:30 
2021-03-24 17:23:29 
2021-03-24 17:25:42 
2021-03-24 17:27:46 
2021-03-24 17:29:47 
2021-03-24 17:31:46 
2021-03-24 17:33:48 
2021-03-24 17:35:52 
2021-03-24 17:38:02 
2021-03-24 17:40:09 
2021-03-24 17:42:12 
2021-03-24 17:44:16 
2021-03-24 17:46:16 
2021-03-24 17:48:17 
2021-03-24 17:50:19 
2021-03-24 17:52:24 
2021-03-24 17:54:31 
2021-03-24 17:56:38 
2021-03-24 17:58:45 
2021-03-24 18:00:52 
2021-03-24 18:02:54 
2021-03-24 18:04:52 
2021-03-24 18:06:54 
2021-03-24 18:08:55 
2021-03-24 18:11:02 
2021-03-24 18:13:14 
2021-03-24 18:15:16 
2021-03-24 18:17:17 
2021-03-24 18:19:17 
2021-03-24 18:21:17 
2021-03-24 18:23:17 
2021-03-24 18:25:20 
2021-03-24 18:27:21 
2021-03-24 18:29:27 
2021-03-24 18:31:34 
2021-03-24 18:33:33 
2021-03-24 18:35:34 
2021-03-24 18:37:39 
2021-03-24 18:39:41 
2021-03-24 18:41:48 
2021-03-24 18:43:50 
2021-03-24 18:45:52 
2021-03-24 18:47:55 
2021-03-24 18:49:57 
2021-03-24 18:52:00 
2021-03-24 18:54:04 
2021-03-24 18:56:11 
2021-03-24 18:58:15 
2021-03-24 19:00:16 
2021-03-24 19:02:16 
2021-03-24 19:04:16 
2021-03-24 19:06:18 
2021-03-24 19:08:19 
2021-03-24 19:10:21 
2021-03-24 19:12:20 
2021-03-24 19:14:22 
2021-03-24 19:16:21 
2021-03-24 19:18:29 
2021-03-24 19:20:30 
2021-03-24 19:22:34 
2021-03-24 19:24:38 
2021-03-24 19:26:50 
2021-03-24 19:28:54 
2021-03-24 19:31:01 
2021-03-24 19:33:07 
2021-03-24 19:35:05 
2021-03-24 19:37:05 
2021-03-24 19:39:01 
2021-03-24 19:41:04 
2021-03-24 19:43:07 
2021-03-24 19:45:09 
2021-03-24 19:47:08 
2021-03-24 19:49:10 
2021-03-24 19:51:06 
2021-03-24 19:53:04 
2021-03-24 19:55:12 
2021-03-24 19:57:11 
2021-03-24 19:59:11 
2021-03-24 20:01:07 
2021-03-24 20:03:11 
2021-03-24 20:05:13 
2021-03-24 20:07:13 
2021-03-24 20:09:17 
2021-03-24 20:11:30 
2021-03-24 20:13:40 
2021-03-24 20:15:38 
2021-03-24 20:17:45 
2021-03-24 20:19:50 
2021-03-24 20:21:51 
2021-03-24 20:23:50 
2021-03-24 20:25:59 
2021-03-24 20:28:01 
2021-03-24 20:30:03 
2021-03-24 20:32:02 
2021-03-24 20:34:04 
2021-03-24 20:36:03 
2021-03-24 20:38:02 
2021-03-24 20:40:03 
2021-03-24 20:42:02 
2021-03-24 20:44:11 
2021-03-24 20:46:13 
2021-03-24 20:48:14 
2021-03-24 20:50:15 
2021-03-24 20:52:14 
2021-03-24 20:54:15 
2021-03-24 20:56:17 
2021-03-24 20:58:19 
2021-03-24 21:00:20 
2021-03-24 21:02:22 
2021-03-24 21:04:24 
2021-03-24 21:06:29 
2021-03-24 21:08:30 
2021-03-24 21:10:34 
2021-03-24 21:12:43 
2021-03-24 21:14:41 
2021-03-24 21:16:42 
2021-03-24 21:18:45 
2021-03-24 21:20:47 
2021-03-24 21:22:48 
2021-03-24 21:24:57 
2021-03-24 21:27:02 
2021-03-24 21:29:03 
2021-03-24 21:31:09 
2021-03-24 21:33:14 
2021-03-24 21:35:23 
2021-03-24 21:37:22 
2021-03-24 21:39:24 
2021-03-24 21:41:23 
2021-03-24 21:43:30 
2021-03-24 21:45:38 
2021-03-24 21:47:45 
2021-03-24 21:49:44 
2021-03-24 21:51:43 
2021-03-24 21:53:50 
2021-03-24 21:55:58 
2021-03-24 21:58:02 
2021-03-24 22:00:09 
2021-03-24 22:02:13 
2021-03-24 22:04:13 
2021-03-24 22:06:17 
2021-03-24 22:08:20 
2021-03-24 22:10:20 
2021-03-24 22:12:19 
2021-03-24 22:14:19 
2021-03-24 22:16:20 
2021-03-24 22:18:22 
2021-03-24 22:20:30 
2021-03-24 22:22:33 
2021-03-24 22:24:40 
2021-03-24 22:26:50 
2021-03-24 22:28:52 
2021-03-24 22:30:52 
2021-03-24 22:32:51 
2021-03-24 22:34:51 
2021-03-24 22:36:50 
2021-03-24 22:38:56 
2021-03-24 22:40:55 
2021-03-24 22:43:06 
2021-03-24 22:45:07 
2021-03-24 22:47:09 
2021-03-24 22:49:17 
2021-03-24 22:51:26 
2021-03-24 22:53:26 
2021-03-24 22:55:24 
2021-03-24 22:57:25 
2021-03-24 22:59:23 
2021-03-24 23:01:24 
2021-03-24 23:03:25 
2021-03-24 23:05:32 
2021-03-24 23:07:43 
2021-03-24 23:09:46 
2021-03-24 23:11:52 
2021-03-24 23:13:51 
2021-03-24 23:15:58 
2021-03-24 23:17:57 
2021-03-24 23:20:02 
2021-03-24 23:22:03 
2021-03-24 23:24:03 
2021-03-24 23:26:01 
2021-03-24 23:27:59 
2021-03-24 23:30:00 
2021-03-24 23:31:59 
2021-03-24 23:33:59 
2021-03-24 23:36:04 
2021-03-24 23:38:04 
2021-03-24 23:40:03 
2021-03-24 23:42:05 
2021-03-24 23:44:09 
2021-03-24 23:46:13 
2021-03-24 23:48:11 
2021-03-24 23:50:19 
2021-03-24 23:52:19 
2021-03-24 23:54:18 
2021-03-24 23:56:19 
2021-03-24 23:58:27 
2021-03-25 00:00:28 
2021-03-25 00:02:30 
2021-03-25 00:04:32 
2021-03-25 00:06:31 
2021-03-25 00:08:32 
2021-03-25 00:10:34 
2021-03-25 00:12:33 
2021-03-25 00:14:43 
2021-03-25 00:16:43 
2021-03-25 00:18:45 
2021-03-25 00:20:47 
2021-03-25 00:22:52 
2021-03-25 00:24:53 
2021-03-25 00:26:55 
2021-03-25 00:28:54 
2021-03-25 00:30:57 
2021-03-25 00:33:00 
2021-03-25 00:35:00 
2021-03-25 00:37:03 
2021-03-25 00:39:08 
2021-03-25 00:41:09 
2021-03-25 00:43:13 
2021-03-25 00:45:13 
2021-03-25 00:47:16 
2021-03-25 00:49:16 
2021-03-25 00:51:17 
2021-03-25 00:53:16 
2021-03-25 00:55:17 
2021-03-25 00:57:19 
2021-03-25 00:59:18 
2021-03-25 01:01:17 
2021-03-25 01:03:20 
2021-03-25 01:05:30 
2021-03-25 01:07:29 
2021-03-25 01:09:26 
2021-03-25 01:11:38 
2021-03-25 01:13:36 
2021-03-25 01:15:42 
2021-03-25 01:17:44 
2021-03-25 01:19:50 
2021-03-25 01:21:49 
2021-03-25 01:23:49 
2021-03-25 01:25:49 
2021-03-25 01:27:59 
2021-03-25 01:30:08 
2021-03-25 01:32:08 
2021-03-25 01:34:08 
2021-03-25 01:36:18 
2021-03-25 01:38:18 
2021-03-25 01:40:26 
2021-03-25 01:42:37 
2021-03-25 01:44:38 
2021-03-25 01:46:46 
2021-03-25 01:48:48 
2021-03-25 01:50:44 
2021-03-25 01:52:45 
2021-03-25 01:54:42 
2021-03-25 01:56:38 
2021-03-25 01:58:38 
2021-03-25 02:00:36 
2021-03-25 02:02:42 
2021-03-25 02:04:44 
2021-03-25 02:06:43 
2021-03-25 02:08:48 
2021-03-25 02:10:50 
2021-03-25 02:12:52 
2021-03-25 02:14:54 
2021-03-25 02:17:03 
2021-03-25 02:19:03 
2021-03-25 02:21:05 
2021-03-25 02:23:05 
2021-03-25 02:25:07 
2021-03-25 02:27:13 
2021-03-25 02:29:15 
2021-03-25 02:31:16 
2021-03-25 02:33:18 
2021-03-25 02:35:18 
2021-03-25 02:37:19 
2021-03-25 02:39:21 
2021-03-25 02:41:24 
2021-03-25 02:43:23 
2021-03-25 02:45:34 
2021-03-25 02:47:36 
2021-03-25 02:49:35 
2021-03-25 02:51:34 
2021-03-25 02:53:32 
2021-03-25 02:55:37 
2021-03-25 02:57:48 
2021-03-25 02:59:50 
2021-03-25 03:01:52 
2021-03-25 03:03:54 
2021-03-25 03:05:56 
2021-03-25 03:07:54 
2021-03-25 03:09:55 
2021-03-25 03:11:58 
2021-03-25 03:14:07 
2021-03-25 03:16:06 
2021-03-25 03:18:08 
2021-03-25 03:20:07 
2021-03-25 03:22:10 
2021-03-25 03:24:12 
2021-03-25 03:26:15 
2021-03-25 03:28:16 
2021-03-25 03:30:17 
2021-03-25 03:32:16 
2021-03-25 03:34:18 
2021-03-25 03:36:29 
2021-03-25 03:38:29 
2021-03-25 03:40:29 
2021-03-25 03:42:30 
2021-03-25 03:44:31 
2021-03-25 03:46:36 
2021-03-25 03:48:47 
2021-03-25 03:50:57 
2021-03-25 03:53:08 
2021-03-25 03:55:17 
2021-03-25 03:57:30 
2021-03-25 03:59:41 
2021-03-25 04:01:43 
2021-03-25 04:03:43 
2021-03-25 04:05:43 
2021-03-25 04:07:54 
2021-03-25 04:09:54 
2021-03-25 04:11:57 
2021-03-25 04:13:58 
2021-03-25 04:15:59 
2021-03-25 04:18:02 
2021-03-25 04:20:01 
2021-03-25 04:22:00 
2021-03-25 04:23:58 
2021-03-25 04:26:07 
2021-03-25 04:28:08 
2021-03-25 04:30:14 
2021-03-25 04:32:16 
2021-03-25 04:34:18 
2021-03-25 04:36:24 
2021-03-25 04:38:37 
2021-03-25 04:40:38 
2021-03-25 04:42:39 
2021-03-25 04:44:48 
2021-03-25 04:46:48 
2021-03-25 04:48:52 
2021-03-25 04:50:53 
2021-03-25 04:52:58 
2021-03-25 04:54:57 
2021-03-25 04:56:56 
2021-03-25 04:58:55 
2021-03-25 05:00:55 
2021-03-25 05:02:57 
2021-03-25 05:04:56 
2021-03-25 05:06:58 
2021-03-25 05:08:57 
2021-03-25 05:10:59 
2021-03-25 05:13:02 
2021-03-25 05:15:08 
2021-03-25 05:17:13 
2021-03-25 05:19:12 
2021-03-25 05:21:12 
2021-03-25 05:23:13 
2021-03-25 05:25:13 
2021-03-25 05:27:15 
2021-03-25 05:29:14 
2021-03-25 05:31:16 
2021-03-25 05:33:18 
2021-03-25 05:35:19 
2021-03-25 05:37:27 
2021-03-25 05:39:38 
2021-03-25 05:41:40 
2021-03-25 05:43:46 
2021-03-25 05:45:51 
2021-03-25 05:48:03 
2021-03-25 05:50:05 
2021-03-25 05:52:09 
2021-03-25 05:54:14 
2021-03-25 05:56:13 
2021-03-25 05:58:10 
2021-03-25 06:00:11 
2021-03-25 06:02:14 
2021-03-25 06:04:17 
2021-03-25 06:06:17 
2021-03-25 06:08:20 
2021-03-25 06:10:21 
2021-03-25 06:12:25 
2021-03-25 06:14:28 
2021-03-25 06:16:29 
2021-03-25 06:18:34 
2021-03-25 06:20:35 
2021-03-25 06:22:44 
2021-03-25 06:24:52 
2021-03-25 06:26:51 
2021-03-25 06:28:54 
2021-03-25 06:30:54 
2021-03-25 06:32:56 
2021-03-25 06:35:06 
2021-03-25 06:37:09 
2021-03-25 06:39:11 
2021-03-25 06:41:13 
2021-03-25 06:43:16 
2021-03-25 06:45:17 
2021-03-25 06:47:23 
2021-03-25 06:49:27 
2021-03-25 06:51:27 
2021-03-25 06:53:28 
2021-03-25 06:55:28 
2021-03-25 06:57:38 
2021-03-25 06:59:38 
2021-03-25 07:01:39 
2021-03-25 07:03:51 
2021-03-25 07:05:56 
2021-03-25 07:07:56 
2021-03-25 07:09:59 
2021-03-25 07:12:00 
2021-03-25 07:13:59 
2021-03-25 07:16:01 
2021-03-25 07:18:01 
2021-03-25 07:20:01 
2021-03-25 07:22:01 
2021-03-25 07:24:09 
2021-03-25 07:26:09 
2021-03-25 07:28:16 
2021-03-25 07:30:18 
2021-03-25 07:32:20 
2021-03-25 07:34:29 
2021-03-25 07:36:31 
Reached maxIter without converging.
Predicting on val...
Predicting on test...
