ID =  3 
[[1]]
[[1]]$value
function (rsl, n, outputClassifiers = TRUE, outputLabels = TRUE, 
    outputRules = TRUE) 
{
    rsl <- .compile(rsl)
    data <- gRain::simulate.grain(rsl$compiledNet, n)
    outputVars <- character(0)
    if (outputClassifiers) 
        outputVars <- c(outputVars, .getAllClassifiers(rsl))
    if (outputLabels) 
        outputVars <- c(outputVars, .getAllLabelNodes(rsl))
    if (outputRules) 
        outputVars <- c(outputVars, .getAllRules(rsl))
    data <- data[, outputVars]
    data <- .colnamesIDtoNames(rsl, data)
    data[] <- lapply(data, as.character)
    return(data)
}

[[1]]$visible
[1] FALSE


[[2]]
[[2]]$value
function (rsl, n, outputClassifiers = TRUE, outputLabels = TRUE, 
    outputRules = TRUE) 
{
    rsl <- .compile(rsl)
    data <- gRain::simulate.grain(rsl$compiledNet, n)
    outputVars <- character(0)
    if (outputClassifiers) 
        outputVars <- c(outputVars, .getAllClassifiers(rsl))
    if (outputLabels) 
        outputVars <- c(outputVars, .getAllLabelNodes(rsl))
    if (outputRules) 
        outputVars <- c(outputVars, .getAllRules(rsl))
    data <- data[, outputVars]
    data <- .colnamesIDtoNames(rsl, data)
    data[] <- lapply(data, as.character)
    return(data)
}

[[2]]$visible
[1] FALSE


[[3]]
[[3]]$value
function (rsl, n, outputClassifiers = TRUE, outputLabels = TRUE, 
    outputRules = TRUE) 
{
    rsl <- .compile(rsl)
    data <- gRain::simulate.grain(rsl$compiledNet, n)
    outputVars <- character(0)
    if (outputClassifiers) 
        outputVars <- c(outputVars, .getAllClassifiers(rsl))
    if (outputLabels) 
        outputVars <- c(outputVars, .getAllLabelNodes(rsl))
    if (outputRules) 
        outputVars <- c(outputVars, .getAllRules(rsl))
    data <- data[, outputVars]
    data <- .colnamesIDtoNames(rsl, data)
    data[] <- lapply(data, as.character)
    return(data)
}

[[3]]$visible
[1] FALSE


[[4]]
[[4]]$value
function (rsl, n, outputClassifiers = TRUE, outputLabels = TRUE, 
    outputRules = TRUE) 
{
    rsl <- .compile(rsl)
    data <- gRain::simulate.grain(rsl$compiledNet, n)
    outputVars <- character(0)
    if (outputClassifiers) 
        outputVars <- c(outputVars, .getAllClassifiers(rsl))
    if (outputLabels) 
        outputVars <- c(outputVars, .getAllLabelNodes(rsl))
    if (outputRules) 
        outputVars <- c(outputVars, .getAllRules(rsl))
    data <- data[, outputVars]
    data <- .colnamesIDtoNames(rsl, data)
    data[] <- lapply(data, as.character)
    return(data)
}

[[4]]$visible
[1] FALSE


[[5]]
[[5]]$value
function (rsl, n, outputClassifiers = TRUE, outputLabels = TRUE, 
    outputRules = TRUE) 
{
    rsl <- .compile(rsl)
    data <- gRain::simulate.grain(rsl$compiledNet, n)
    outputVars <- character(0)
    if (outputClassifiers) 
        outputVars <- c(outputVars, .getAllClassifiers(rsl))
    if (outputLabels) 
        outputVars <- c(outputVars, .getAllLabelNodes(rsl))
    if (outputRules) 
        outputVars <- c(outputVars, .getAllRules(rsl))
    data <- data[, outputVars]
    data <- .colnamesIDtoNames(rsl, data)
    data[] <- lapply(data, as.character)
    return(data)
}

[[5]]$visible
[1] FALSE


[[6]]
[[6]]$value
function (rsl, n, outputClassifiers = TRUE, outputLabels = TRUE, 
    outputRules = TRUE) 
{
    rsl <- .compile(rsl)
    data <- gRain::simulate.grain(rsl$compiledNet, n)
    outputVars <- character(0)
    if (outputClassifiers) 
        outputVars <- c(outputVars, .getAllClassifiers(rsl))
    if (outputLabels) 
        outputVars <- c(outputVars, .getAllLabelNodes(rsl))
    if (outputRules) 
        outputVars <- c(outputVars, .getAllRules(rsl))
    data <- data[, outputVars]
    data <- .colnamesIDtoNames(rsl, data)
    data[] <- lapply(data, as.character)
    return(data)
}

[[6]]$visible
[1] FALSE


[[7]]
[[7]]$value
function (rsl, n, outputClassifiers = TRUE, outputLabels = TRUE, 
    outputRules = TRUE) 
{
    rsl <- .compile(rsl)
    data <- gRain::simulate.grain(rsl$compiledNet, n)
    outputVars <- character(0)
    if (outputClassifiers) 
        outputVars <- c(outputVars, .getAllClassifiers(rsl))
    if (outputLabels) 
        outputVars <- c(outputVars, .getAllLabelNodes(rsl))
    if (outputRules) 
        outputVars <- c(outputVars, .getAllRules(rsl))
    data <- data[, outputVars]
    data <- .colnamesIDtoNames(rsl, data)
    data[] <- lapply(data, as.character)
    return(data)
}

[[7]]$visible
[1] FALSE


[[8]]
[[8]]$value
function (rsl, n, outputClassifiers = TRUE, outputLabels = TRUE, 
    outputRules = TRUE) 
{
    rsl <- .compile(rsl)
    data <- gRain::simulate.grain(rsl$compiledNet, n)
    outputVars <- character(0)
    if (outputClassifiers) 
        outputVars <- c(outputVars, .getAllClassifiers(rsl))
    if (outputLabels) 
        outputVars <- c(outputVars, .getAllLabelNodes(rsl))
    if (outputRules) 
        outputVars <- c(outputVars, .getAllRules(rsl))
    data <- data[, outputVars]
    data <- .colnamesIDtoNames(rsl, data)
    data[] <- lapply(data, as.character)
    return(data)
}

[[8]]$visible
[1] FALSE


[[9]]
[[9]]$value
function (rsl, n, outputClassifiers = TRUE, outputLabels = TRUE, 
    outputRules = TRUE) 
{
    rsl <- .compile(rsl)
    data <- gRain::simulate.grain(rsl$compiledNet, n)
    outputVars <- character(0)
    if (outputClassifiers) 
        outputVars <- c(outputVars, .getAllClassifiers(rsl))
    if (outputLabels) 
        outputVars <- c(outputVars, .getAllLabelNodes(rsl))
    if (outputRules) 
        outputVars <- c(outputVars, .getAllRules(rsl))
    data <- data[, outputVars]
    data <- .colnamesIDtoNames(rsl, data)
    data[] <- lapply(data, as.character)
    return(data)
}

[[9]]$visible
[1] FALSE


[[10]]
[[10]]$value
function (rsl, n, outputClassifiers = TRUE, outputLabels = TRUE, 
    outputRules = TRUE) 
{
    rsl <- .compile(rsl)
    data <- gRain::simulate.grain(rsl$compiledNet, n)
    outputVars <- character(0)
    if (outputClassifiers) 
        outputVars <- c(outputVars, .getAllClassifiers(rsl))
    if (outputLabels) 
        outputVars <- c(outputVars, .getAllLabelNodes(rsl))
    if (outputRules) 
        outputVars <- c(outputVars, .getAllRules(rsl))
    data <- data[, outputVars]
    data <- .colnamesIDtoNames(rsl, data)
    data[] <- lapply(data, as.character)
    return(data)
}

[[10]]$visible
[1] FALSE


Preprocessing data...
Learning...
Loading required namespace: gRain
2021-03-23 23:14:51 
2021-03-23 23:15:23 
2021-03-23 23:15:53 
2021-03-23 23:16:27 
2021-03-23 23:16:57 
2021-03-23 23:17:28 
2021-03-23 23:18:02 
2021-03-23 23:18:38 
2021-03-23 23:19:11 
2021-03-23 23:19:46 
2021-03-23 23:20:20 
2021-03-23 23:20:53 
2021-03-23 23:21:25 
2021-03-23 23:22:02 
2021-03-23 23:22:33 
2021-03-23 23:23:02 
2021-03-23 23:23:37 
2021-03-23 23:24:10 
2021-03-23 23:24:46 
2021-03-23 23:25:20 
2021-03-23 23:25:54 
2021-03-23 23:26:29 
2021-03-23 23:27:02 
2021-03-23 23:27:33 
2021-03-23 23:28:08 
2021-03-23 23:28:43 
2021-03-23 23:29:19 
2021-03-23 23:29:56 
2021-03-23 23:30:35 
2021-03-23 23:31:10 
2021-03-23 23:31:47 
2021-03-23 23:32:23 
2021-03-23 23:33:02 
2021-03-23 23:33:41 
2021-03-23 23:34:20 
2021-03-23 23:34:57 
2021-03-23 23:35:31 
2021-03-23 23:36:05 
2021-03-23 23:36:40 
2021-03-23 23:37:14 
2021-03-23 23:37:52 
2021-03-23 23:38:30 
2021-03-23 23:39:07 
2021-03-23 23:39:43 
2021-03-23 23:40:20 
2021-03-23 23:40:56 
2021-03-23 23:41:32 
2021-03-23 23:42:09 
2021-03-23 23:42:43 
2021-03-23 23:43:19 
2021-03-23 23:43:54 
2021-03-23 23:44:30 
2021-03-23 23:45:01 
2021-03-23 23:45:33 
2021-03-23 23:46:05 
2021-03-23 23:46:39 
2021-03-23 23:47:15 
2021-03-23 23:47:47 
2021-03-23 23:48:20 
2021-03-23 23:48:53 
2021-03-23 23:49:29 
2021-03-23 23:50:02 
2021-03-23 23:50:36 
2021-03-23 23:51:09 
2021-03-23 23:51:47 
2021-03-23 23:52:26 
2021-03-23 23:53:03 
2021-03-23 23:53:41 
2021-03-23 23:54:16 
2021-03-23 23:54:58 
2021-03-23 23:55:36 
2021-03-23 23:56:10 
2021-03-23 23:56:46 
2021-03-23 23:57:21 
2021-03-23 23:58:00 
2021-03-23 23:58:36 
2021-03-23 23:59:09 
2021-03-23 23:59:42 
2021-03-24 00:00:19 
2021-03-24 00:00:54 
2021-03-24 00:01:28 
2021-03-24 00:02:02 
2021-03-24 00:02:38 
2021-03-24 00:03:14 
2021-03-24 00:03:49 
2021-03-24 00:04:25 
2021-03-24 00:05:04 
2021-03-24 00:05:42 
2021-03-24 00:06:21 
2021-03-24 00:07:05 
2021-03-24 00:07:46 
2021-03-24 00:08:29 
2021-03-24 00:09:07 
2021-03-24 00:09:47 
2021-03-24 00:10:28 
2021-03-24 00:11:12 
2021-03-24 00:12:00 
2021-03-24 00:12:46 
2021-03-24 00:13:32 
2021-03-24 00:14:13 
2021-03-24 00:14:53 
2021-03-24 00:15:35 
2021-03-24 00:16:16 
2021-03-24 00:16:58 
2021-03-24 00:17:41 
2021-03-24 00:18:28 
2021-03-24 00:19:16 
2021-03-24 00:20:01 
2021-03-24 00:20:45 
2021-03-24 00:21:29 
2021-03-24 00:22:13 
2021-03-24 00:22:57 
2021-03-24 00:23:45 
2021-03-24 00:24:34 
2021-03-24 00:25:26 
2021-03-24 00:26:18 
2021-03-24 00:27:08 
2021-03-24 00:28:03 
2021-03-24 00:28:57 
2021-03-24 00:29:54 
2021-03-24 00:30:51 
2021-03-24 00:31:49 
2021-03-24 00:32:45 
2021-03-24 00:33:40 
2021-03-24 00:34:38 
2021-03-24 00:35:30 
2021-03-24 00:36:23 
2021-03-24 00:37:17 
2021-03-24 00:38:12 
2021-03-24 00:39:08 
2021-03-24 00:40:03 
2021-03-24 00:41:06 
2021-03-24 00:42:08 
2021-03-24 00:43:04 
2021-03-24 00:43:59 
2021-03-24 00:44:56 
2021-03-24 00:45:54 
2021-03-24 00:46:50 
2021-03-24 00:47:47 
2021-03-24 00:48:46 
2021-03-24 00:49:42 
2021-03-24 00:50:43 
2021-03-24 00:51:42 
2021-03-24 00:52:41 
2021-03-24 00:53:41 
2021-03-24 00:54:38 
2021-03-24 00:55:39 
2021-03-24 00:56:44 
2021-03-24 00:57:44 
2021-03-24 00:58:44 
2021-03-24 00:59:49 
2021-03-24 01:00:54 
2021-03-24 01:01:58 
2021-03-24 01:02:58 
2021-03-24 01:04:00 
2021-03-24 01:05:01 
2021-03-24 01:06:04 
2021-03-24 01:07:06 
2021-03-24 01:08:10 
2021-03-24 01:09:11 
2021-03-24 01:10:12 
2021-03-24 01:11:11 
2021-03-24 01:12:12 
2021-03-24 01:13:20 
2021-03-24 01:14:23 
2021-03-24 01:15:23 
2021-03-24 01:16:25 
2021-03-24 01:17:27 
2021-03-24 01:18:33 
2021-03-24 01:19:36 
2021-03-24 01:20:42 
2021-03-24 01:21:50 
2021-03-24 01:22:53 
2021-03-24 01:24:01 
2021-03-24 01:25:04 
2021-03-24 01:26:08 
2021-03-24 01:27:12 
2021-03-24 01:28:17 
2021-03-24 01:29:21 
2021-03-24 01:30:23 
2021-03-24 01:31:27 
2021-03-24 01:32:32 
2021-03-24 01:33:35 
2021-03-24 01:34:37 
2021-03-24 01:35:43 
2021-03-24 01:36:50 
2021-03-24 01:37:53 
2021-03-24 01:38:55 
2021-03-24 01:40:01 
2021-03-24 01:41:06 
2021-03-24 01:42:10 
2021-03-24 01:43:13 
2021-03-24 01:44:15 
2021-03-24 01:45:20 
2021-03-24 01:46:27 
2021-03-24 01:47:36 
2021-03-24 01:48:41 
2021-03-24 01:49:47 
2021-03-24 01:50:53 
2021-03-24 01:51:59 
2021-03-24 01:53:02 
2021-03-24 01:54:06 
2021-03-24 01:55:11 
2021-03-24 01:56:12 
2021-03-24 01:57:15 
2021-03-24 01:58:18 
2021-03-24 01:59:20 
2021-03-24 02:00:22 
2021-03-24 02:01:25 
2021-03-24 02:02:28 
2021-03-24 02:03:31 
2021-03-24 02:04:35 
2021-03-24 02:05:38 
2021-03-24 02:06:39 
2021-03-24 02:07:41 
2021-03-24 02:08:46 
2021-03-24 02:09:52 
2021-03-24 02:11:00 
2021-03-24 02:12:04 
2021-03-24 02:13:09 
2021-03-24 02:14:12 
2021-03-24 02:15:17 
2021-03-24 02:16:22 
2021-03-24 02:17:27 
2021-03-24 02:18:31 
2021-03-24 02:19:34 
2021-03-24 02:20:42 
2021-03-24 02:21:43 
2021-03-24 02:22:50 
2021-03-24 02:23:52 
2021-03-24 02:24:57 
2021-03-24 02:26:02 
2021-03-24 02:27:07 
2021-03-24 02:28:11 
2021-03-24 02:29:15 
2021-03-24 02:30:25 
2021-03-24 02:31:30 
2021-03-24 02:32:35 
2021-03-24 02:33:40 
2021-03-24 02:34:46 
2021-03-24 02:35:51 
2021-03-24 02:36:55 
2021-03-24 02:38:00 
2021-03-24 02:39:04 
2021-03-24 02:40:08 
2021-03-24 02:41:15 
2021-03-24 02:42:19 
2021-03-24 02:43:29 
2021-03-24 02:44:37 
2021-03-24 02:45:45 
2021-03-24 02:46:53 
2021-03-24 02:48:01 
2021-03-24 02:49:05 
2021-03-24 02:50:10 
2021-03-24 02:51:18 
2021-03-24 02:52:27 
2021-03-24 02:53:31 
2021-03-24 02:54:36 
2021-03-24 02:55:43 
2021-03-24 02:56:48 
2021-03-24 02:57:57 
2021-03-24 02:59:04 
2021-03-24 03:00:08 
2021-03-24 03:01:12 
2021-03-24 03:02:17 
2021-03-24 03:03:21 
2021-03-24 03:04:25 
2021-03-24 03:05:32 
2021-03-24 03:06:37 
2021-03-24 03:07:45 
2021-03-24 03:08:51 
2021-03-24 03:09:54 
2021-03-24 03:11:03 
2021-03-24 03:12:07 
2021-03-24 03:13:16 
2021-03-24 03:14:22 
2021-03-24 03:15:25 
2021-03-24 03:16:30 
2021-03-24 03:17:38 
2021-03-24 03:18:42 
2021-03-24 03:19:50 
2021-03-24 03:20:54 
2021-03-24 03:21:57 
2021-03-24 03:23:01 
2021-03-24 03:24:07 
2021-03-24 03:25:12 
2021-03-24 03:26:21 
2021-03-24 03:27:30 
2021-03-24 03:28:33 
2021-03-24 03:29:40 
2021-03-24 03:30:44 
2021-03-24 03:31:52 
2021-03-24 03:32:55 
2021-03-24 03:34:00 
2021-03-24 03:35:06 
2021-03-24 03:36:09 
2021-03-24 03:37:16 
2021-03-24 03:38:21 
2021-03-24 03:39:22 
2021-03-24 03:40:26 
2021-03-24 03:41:30 
2021-03-24 03:42:33 
2021-03-24 03:43:37 
2021-03-24 03:44:39 
2021-03-24 03:45:42 
2021-03-24 03:46:44 
2021-03-24 03:47:45 
2021-03-24 03:48:48 
2021-03-24 03:49:50 
2021-03-24 03:50:52 
2021-03-24 03:51:56 
2021-03-24 03:52:57 
2021-03-24 03:53:59 
2021-03-24 03:55:01 
2021-03-24 03:56:03 
2021-03-24 03:57:08 
2021-03-24 03:58:10 
2021-03-24 03:59:12 
2021-03-24 04:00:15 
2021-03-24 04:01:18 
2021-03-24 04:02:26 
2021-03-24 04:03:30 
2021-03-24 04:04:33 
2021-03-24 04:05:37 
2021-03-24 04:06:43 
2021-03-24 04:07:49 
2021-03-24 04:08:54 
2021-03-24 04:09:55 
2021-03-24 04:10:59 
2021-03-24 04:11:59 
2021-03-24 04:13:00 
2021-03-24 04:13:58 
2021-03-24 04:14:59 
2021-03-24 04:15:59 
2021-03-24 04:17:00 
2021-03-24 04:17:59 
2021-03-24 04:19:01 
2021-03-24 04:20:04 
2021-03-24 04:21:09 
2021-03-24 04:22:11 
2021-03-24 04:23:13 
2021-03-24 04:24:20 
2021-03-24 04:25:25 
2021-03-24 04:26:28 
2021-03-24 04:27:30 
2021-03-24 04:28:34 
2021-03-24 04:29:41 
2021-03-24 04:30:47 
2021-03-24 04:31:54 
2021-03-24 04:33:00 
2021-03-24 04:34:02 
2021-03-24 04:35:04 
2021-03-24 04:36:04 
2021-03-24 04:37:05 
2021-03-24 04:38:06 
2021-03-24 04:39:05 
2021-03-24 04:40:05 
2021-03-24 04:41:05 
2021-03-24 04:42:07 
2021-03-24 04:43:11 
2021-03-24 04:44:11 
2021-03-24 04:45:10 
2021-03-24 04:46:11 
2021-03-24 04:47:11 
2021-03-24 04:48:14 
2021-03-24 04:49:19 
2021-03-24 04:50:22 
2021-03-24 04:51:31 
2021-03-24 04:52:32 
2021-03-24 04:53:35 
2021-03-24 04:54:39 
2021-03-24 04:55:43 
2021-03-24 04:56:46 
2021-03-24 04:57:47 
2021-03-24 04:58:45 
2021-03-24 04:59:48 
2021-03-24 05:00:51 
2021-03-24 05:01:52 
2021-03-24 05:02:56 
2021-03-24 05:03:57 
2021-03-24 05:05:02 
2021-03-24 05:06:04 
2021-03-24 05:07:08 
2021-03-24 05:08:10 
2021-03-24 05:09:10 
2021-03-24 05:10:10 
2021-03-24 05:11:15 
2021-03-24 05:12:17 
2021-03-24 05:13:20 
2021-03-24 05:14:22 
2021-03-24 05:15:26 
2021-03-24 05:16:29 
2021-03-24 05:17:31 
2021-03-24 05:18:35 
2021-03-24 05:19:43 
2021-03-24 05:20:46 
2021-03-24 05:21:51 
2021-03-24 05:22:55 
2021-03-24 05:24:04 
2021-03-24 05:25:06 
2021-03-24 05:26:09 
2021-03-24 05:27:10 
2021-03-24 05:28:13 
2021-03-24 05:29:15 
2021-03-24 05:30:17 
2021-03-24 05:31:19 
2021-03-24 05:32:22 
2021-03-24 05:33:23 
2021-03-24 05:34:26 
2021-03-24 05:35:31 
2021-03-24 05:36:38 
2021-03-24 05:37:43 
2021-03-24 05:38:46 
2021-03-24 05:39:52 
2021-03-24 05:40:59 
2021-03-24 05:42:08 
2021-03-24 05:43:16 
2021-03-24 05:44:20 
2021-03-24 05:45:24 
2021-03-24 05:46:27 
2021-03-24 05:47:29 
2021-03-24 05:48:32 
2021-03-24 05:49:39 
2021-03-24 05:50:45 
2021-03-24 05:51:48 
2021-03-24 05:52:53 
2021-03-24 05:53:56 
2021-03-24 05:55:03 
2021-03-24 05:56:07 
2021-03-24 05:57:16 
2021-03-24 05:58:26 
2021-03-24 05:59:33 
2021-03-24 06:00:39 
2021-03-24 06:01:44 
2021-03-24 06:02:48 
2021-03-24 06:03:53 
2021-03-24 06:04:56 
2021-03-24 06:06:04 
2021-03-24 06:07:07 
2021-03-24 06:08:10 
2021-03-24 06:09:18 
2021-03-24 06:10:23 
2021-03-24 06:11:27 
2021-03-24 06:12:32 
2021-03-24 06:13:39 
2021-03-24 06:14:40 
2021-03-24 06:15:45 
2021-03-24 06:16:51 
2021-03-24 06:17:56 
2021-03-24 06:18:59 
2021-03-24 06:20:07 
2021-03-24 06:21:09 
2021-03-24 06:22:11 
2021-03-24 06:23:14 
2021-03-24 06:24:18 
2021-03-24 06:25:23 
2021-03-24 06:26:29 
2021-03-24 06:27:34 
2021-03-24 06:28:44 
2021-03-24 06:29:48 
2021-03-24 06:30:55 
2021-03-24 06:32:04 
2021-03-24 06:33:09 
2021-03-24 06:34:10 
2021-03-24 06:35:14 
2021-03-24 06:36:18 
2021-03-24 06:37:28 
2021-03-24 06:38:31 
2021-03-24 06:39:37 
2021-03-24 06:40:41 
2021-03-24 06:41:47 
2021-03-24 06:42:52 
2021-03-24 06:43:55 
2021-03-24 06:44:55 
2021-03-24 06:46:01 
2021-03-24 06:47:02 
2021-03-24 06:48:08 
2021-03-24 06:49:15 
2021-03-24 06:50:18 
2021-03-24 06:51:20 
2021-03-24 06:52:24 
2021-03-24 06:53:30 
2021-03-24 06:54:32 
2021-03-24 06:55:38 
2021-03-24 06:56:44 
2021-03-24 06:57:46 
2021-03-24 06:58:47 
2021-03-24 06:59:51 
2021-03-24 07:00:52 
2021-03-24 07:01:52 
2021-03-24 07:02:55 
2021-03-24 07:03:58 
2021-03-24 07:05:02 
2021-03-24 07:06:07 
2021-03-24 07:07:09 
2021-03-24 07:08:10 
2021-03-24 07:09:15 
2021-03-24 07:10:18 
2021-03-24 07:11:21 
2021-03-24 07:12:24 
2021-03-24 07:13:31 
2021-03-24 07:14:36 
2021-03-24 07:15:40 
2021-03-24 07:16:43 
2021-03-24 07:17:47 
2021-03-24 07:18:52 
2021-03-24 07:19:56 
2021-03-24 07:21:07 
2021-03-24 07:22:10 
2021-03-24 07:23:14 
2021-03-24 07:24:19 
2021-03-24 07:25:24 
2021-03-24 07:26:33 
2021-03-24 07:27:36 
2021-03-24 07:28:39 
2021-03-24 07:29:44 
2021-03-24 07:30:48 
2021-03-24 07:31:50 
2021-03-24 07:32:55 
2021-03-24 07:33:57 
2021-03-24 07:35:03 
2021-03-24 07:36:05 
2021-03-24 07:37:08 
2021-03-24 07:38:16 
2021-03-24 07:39:22 
2021-03-24 07:40:26 
2021-03-24 07:41:29 
2021-03-24 07:42:34 
2021-03-24 07:43:38 
2021-03-24 07:44:40 
2021-03-24 07:45:46 
2021-03-24 07:46:50 
2021-03-24 07:47:54 
2021-03-24 07:48:59 
2021-03-24 07:50:05 
2021-03-24 07:51:09 
2021-03-24 07:52:15 
2021-03-24 07:53:20 
2021-03-24 07:54:27 
2021-03-24 07:55:33 
2021-03-24 07:56:43 
2021-03-24 07:57:48 
2021-03-24 07:58:55 
2021-03-24 08:00:03 
2021-03-24 08:01:08 
2021-03-24 08:02:10 
2021-03-24 08:03:18 
2021-03-24 08:04:27 
2021-03-24 08:05:34 
2021-03-24 08:06:40 
2021-03-24 08:07:42 
2021-03-24 08:08:47 
2021-03-24 08:09:51 
2021-03-24 08:10:57 
2021-03-24 08:11:59 
2021-03-24 08:13:03 
2021-03-24 08:14:06 
2021-03-24 08:15:09 
2021-03-24 08:16:11 
2021-03-24 08:17:16 
2021-03-24 08:18:20 
2021-03-24 08:19:23 
2021-03-24 08:20:31 
2021-03-24 08:21:38 
2021-03-24 08:22:44 
2021-03-24 08:23:48 
2021-03-24 08:24:55 
2021-03-24 08:25:58 
2021-03-24 08:27:02 
2021-03-24 08:28:06 
2021-03-24 08:29:17 
2021-03-24 08:30:23 
2021-03-24 08:31:30 
2021-03-24 08:32:35 
2021-03-24 08:33:39 
2021-03-24 08:34:45 
2021-03-24 08:35:49 
2021-03-24 08:36:52 
2021-03-24 08:37:54 
2021-03-24 08:38:59 
2021-03-24 08:40:02 
2021-03-24 08:41:08 
2021-03-24 08:42:11 
2021-03-24 08:43:16 
2021-03-24 08:44:22 
2021-03-24 08:45:24 
2021-03-24 08:46:30 
2021-03-24 08:47:41 
2021-03-24 08:48:47 
2021-03-24 08:49:50 
2021-03-24 08:50:56 
2021-03-24 08:52:04 
2021-03-24 08:53:07 
2021-03-24 08:54:10 
2021-03-24 08:55:15 
2021-03-24 08:56:19 
2021-03-24 08:57:26 
2021-03-24 08:58:29 
2021-03-24 08:59:33 
2021-03-24 09:00:40 
2021-03-24 09:01:46 
2021-03-24 09:02:55 
2021-03-24 09:04:02 
2021-03-24 09:05:09 
2021-03-24 09:06:13 
2021-03-24 09:07:18 
2021-03-24 09:08:25 
2021-03-24 09:09:31 
2021-03-24 09:10:35 
2021-03-24 09:11:42 
2021-03-24 09:12:49 
2021-03-24 09:13:53 
2021-03-24 09:14:59 
2021-03-24 09:16:05 
2021-03-24 09:17:10 
2021-03-24 09:18:15 
2021-03-24 09:19:21 
2021-03-24 09:20:27 
2021-03-24 09:21:32 
2021-03-24 09:22:36 
2021-03-24 09:23:43 
2021-03-24 09:24:48 
2021-03-24 09:25:55 
2021-03-24 09:27:00 
2021-03-24 09:28:06 
2021-03-24 09:29:10 
2021-03-24 09:30:14 
2021-03-24 09:31:20 
2021-03-24 09:32:24 
2021-03-24 09:33:28 
2021-03-24 09:34:31 
2021-03-24 09:35:37 
2021-03-24 09:36:43 
2021-03-24 09:37:51 
2021-03-24 09:38:55 
2021-03-24 09:40:01 
2021-03-24 09:41:08 
2021-03-24 09:42:14 
2021-03-24 09:43:18 
2021-03-24 09:44:23 
2021-03-24 09:45:28 
2021-03-24 09:46:37 
2021-03-24 09:47:47 
2021-03-24 09:48:52 
2021-03-24 09:49:58 
2021-03-24 09:51:06 
2021-03-24 09:52:12 
2021-03-24 09:53:18 
2021-03-24 09:54:24 
2021-03-24 09:55:31 
2021-03-24 09:56:37 
2021-03-24 09:57:42 
2021-03-24 09:58:46 
2021-03-24 09:59:54 
2021-03-24 10:00:58 
2021-03-24 10:02:06 
2021-03-24 10:03:10 
2021-03-24 10:04:14 
2021-03-24 10:05:17 
2021-03-24 10:06:27 
2021-03-24 10:07:33 
2021-03-24 10:08:40 
2021-03-24 10:09:45 
2021-03-24 10:10:50 
2021-03-24 10:11:57 
2021-03-24 10:13:02 
2021-03-24 10:14:06 
2021-03-24 10:15:14 
2021-03-24 10:16:18 
2021-03-24 10:17:24 
2021-03-24 10:18:30 
2021-03-24 10:19:37 
2021-03-24 10:20:46 
2021-03-24 10:21:51 
2021-03-24 10:22:57 
2021-03-24 10:24:03 
2021-03-24 10:25:07 
2021-03-24 10:26:12 
2021-03-24 10:27:19 
2021-03-24 10:28:28 
2021-03-24 10:29:33 
2021-03-24 10:30:39 
2021-03-24 10:31:44 
2021-03-24 10:32:48 
2021-03-24 10:33:53 
2021-03-24 10:35:00 
2021-03-24 10:36:07 
2021-03-24 10:37:13 
2021-03-24 10:38:16 
2021-03-24 10:39:23 
2021-03-24 10:40:32 
2021-03-24 10:41:38 
2021-03-24 10:42:46 
2021-03-24 10:43:51 
2021-03-24 10:44:57 
2021-03-24 10:46:00 
2021-03-24 10:47:04 
2021-03-24 10:48:13 
2021-03-24 10:49:17 
2021-03-24 10:50:23 
2021-03-24 10:51:26 
2021-03-24 10:52:29 
2021-03-24 10:53:39 
2021-03-24 10:54:46 
2021-03-24 10:55:54 
2021-03-24 10:57:03 
2021-03-24 10:58:07 
2021-03-24 10:59:11 
2021-03-24 11:00:19 
2021-03-24 11:01:22 
2021-03-24 11:02:24 
2021-03-24 11:03:31 
2021-03-24 11:04:35 
2021-03-24 11:05:38 
2021-03-24 11:06:43 
2021-03-24 11:07:49 
2021-03-24 11:08:54 
2021-03-24 11:09:57 
2021-03-24 11:11:05 
2021-03-24 11:12:11 
2021-03-24 11:13:18 
2021-03-24 11:14:28 
2021-03-24 11:15:38 
2021-03-24 11:16:46 
2021-03-24 11:17:53 
2021-03-24 11:19:00 
2021-03-24 11:20:04 
2021-03-24 11:21:13 
2021-03-24 11:22:20 
2021-03-24 11:23:27 
2021-03-24 11:24:32 
2021-03-24 11:25:36 
2021-03-24 11:26:46 
2021-03-24 11:27:55 
2021-03-24 11:29:03 
2021-03-24 11:30:09 
2021-03-24 11:31:14 
2021-03-24 11:32:20 
2021-03-24 11:33:25 
2021-03-24 11:34:34 
2021-03-24 11:35:42 
2021-03-24 11:36:47 
2021-03-24 11:37:57 
2021-03-24 11:39:06 
2021-03-24 11:40:15 
2021-03-24 11:41:20 
2021-03-24 11:42:27 
2021-03-24 11:43:34 
2021-03-24 11:44:41 
2021-03-24 11:45:47 
2021-03-24 11:46:53 
2021-03-24 11:47:56 
2021-03-24 11:49:03 
2021-03-24 11:50:11 
2021-03-24 11:51:14 
2021-03-24 11:52:18 
2021-03-24 11:53:23 
2021-03-24 11:54:27 
2021-03-24 11:55:30 
2021-03-24 11:56:34 
2021-03-24 11:57:37 
2021-03-24 11:58:43 
2021-03-24 11:59:45 
2021-03-24 12:00:51 
2021-03-24 12:01:55 
2021-03-24 12:03:02 
2021-03-24 12:04:06 
2021-03-24 12:05:12 
2021-03-24 12:06:18 
2021-03-24 12:07:24 
2021-03-24 12:08:32 
2021-03-24 12:09:36 
2021-03-24 12:10:41 
2021-03-24 12:11:47 
2021-03-24 12:12:49 
2021-03-24 12:13:57 
2021-03-24 12:15:03 
2021-03-24 12:16:07 
2021-03-24 12:17:10 
2021-03-24 12:18:14 
2021-03-24 12:19:19 
2021-03-24 12:20:25 
2021-03-24 12:21:33 
2021-03-24 12:22:41 
2021-03-24 12:23:47 
2021-03-24 12:24:50 
2021-03-24 12:25:55 
2021-03-24 12:26:59 
2021-03-24 12:28:04 
2021-03-24 12:29:08 
2021-03-24 12:30:15 
2021-03-24 12:31:18 
2021-03-24 12:32:23 
2021-03-24 12:33:30 
2021-03-24 12:34:36 
2021-03-24 12:35:39 
2021-03-24 12:36:46 
2021-03-24 12:37:56 
2021-03-24 12:39:03 
2021-03-24 12:40:06 
2021-03-24 12:41:12 
2021-03-24 12:42:16 
2021-03-24 12:43:19 
2021-03-24 12:44:22 
2021-03-24 12:45:28 
2021-03-24 12:46:36 
2021-03-24 12:47:41 
2021-03-24 12:48:48 
2021-03-24 12:49:52 
2021-03-24 12:50:56 
2021-03-24 12:52:03 
2021-03-24 12:53:05 
2021-03-24 12:54:12 
2021-03-24 12:55:16 
2021-03-24 12:56:21 
2021-03-24 12:57:26 
2021-03-24 12:58:31 
2021-03-24 12:59:35 
2021-03-24 13:00:40 
2021-03-24 13:01:45 
2021-03-24 13:02:47 
2021-03-24 13:03:54 
2021-03-24 13:04:57 
2021-03-24 13:06:03 
2021-03-24 13:07:07 
2021-03-24 13:08:15 
2021-03-24 13:09:21 
2021-03-24 13:10:26 
2021-03-24 13:11:34 
2021-03-24 13:12:38 
2021-03-24 13:13:44 
2021-03-24 13:14:48 
2021-03-24 13:15:52 
2021-03-24 13:16:59 
2021-03-24 13:18:05 
2021-03-24 13:19:11 
2021-03-24 13:20:19 
2021-03-24 13:21:22 
2021-03-24 13:22:28 
2021-03-24 13:23:39 
2021-03-24 13:24:45 
2021-03-24 13:25:51 
2021-03-24 13:26:54 
2021-03-24 13:27:59 
2021-03-24 13:29:06 
2021-03-24 13:30:12 
2021-03-24 13:31:18 
2021-03-24 13:32:25 
2021-03-24 13:33:30 
2021-03-24 13:34:34 
2021-03-24 13:35:37 
2021-03-24 13:36:41 
2021-03-24 13:37:46 
2021-03-24 13:38:52 
2021-03-24 13:39:57 
2021-03-24 13:41:01 
2021-03-24 13:42:04 
2021-03-24 13:43:07 
2021-03-24 13:44:09 
2021-03-24 13:45:13 
2021-03-24 13:46:18 
2021-03-24 13:47:24 
2021-03-24 13:48:31 
2021-03-24 13:49:36 
2021-03-24 13:50:40 
2021-03-24 13:51:45 
2021-03-24 13:52:49 
2021-03-24 13:53:52 
2021-03-24 13:55:00 
2021-03-24 13:56:05 
2021-03-24 13:57:13 
2021-03-24 13:58:17 
2021-03-24 13:59:26 
2021-03-24 14:00:32 
2021-03-24 14:01:38 
2021-03-24 14:02:43 
2021-03-24 14:03:49 
2021-03-24 14:04:55 
2021-03-24 14:05:58 
2021-03-24 14:07:05 
2021-03-24 14:08:14 
2021-03-24 14:09:19 
2021-03-24 14:10:22 
2021-03-24 14:11:30 
2021-03-24 14:12:37 
2021-03-24 14:13:43 
2021-03-24 14:14:50 
2021-03-24 14:15:53 
2021-03-24 14:17:02 
2021-03-24 14:18:08 
2021-03-24 14:19:13 
2021-03-24 14:20:19 
2021-03-24 14:21:25 
2021-03-24 14:22:31 
2021-03-24 14:23:39 
2021-03-24 14:24:45 
2021-03-24 14:25:48 
2021-03-24 14:26:52 
2021-03-24 14:27:59 
2021-03-24 14:29:06 
2021-03-24 14:30:10 
2021-03-24 14:31:12 
2021-03-24 14:32:17 
2021-03-24 14:33:24 
2021-03-24 14:34:26 
2021-03-24 14:35:30 
2021-03-24 14:36:37 
2021-03-24 14:37:42 
2021-03-24 14:38:48 
2021-03-24 14:39:53 
2021-03-24 14:40:59 
2021-03-24 14:42:05 
2021-03-24 14:43:10 
2021-03-24 14:44:17 
2021-03-24 14:45:23 
2021-03-24 14:46:26 
2021-03-24 14:47:32 
2021-03-24 14:48:40 
2021-03-24 14:49:43 
2021-03-24 14:50:47 
2021-03-24 14:51:52 
2021-03-24 14:52:56 
2021-03-24 14:54:02 
2021-03-24 14:55:08 
2021-03-24 14:56:15 
2021-03-24 14:57:21 
2021-03-24 14:58:29 
2021-03-24 14:59:34 
2021-03-24 15:00:40 
2021-03-24 15:01:44 
2021-03-24 15:02:50 
2021-03-24 15:03:53 
2021-03-24 15:05:01 
2021-03-24 15:06:06 
2021-03-24 15:07:12 
2021-03-24 15:08:18 
2021-03-24 15:09:22 
2021-03-24 15:10:30 
2021-03-24 15:11:37 
2021-03-24 15:12:40 
2021-03-24 15:13:46 
2021-03-24 15:14:53 
2021-03-24 15:15:59 
2021-03-24 15:17:06 
2021-03-24 15:18:12 
2021-03-24 15:19:15 
2021-03-24 15:20:21 
2021-03-24 15:21:25 
2021-03-24 15:22:31 
2021-03-24 15:23:34 
2021-03-24 15:24:38 
2021-03-24 15:25:43 
2021-03-24 15:26:47 
2021-03-24 15:27:51 
2021-03-24 15:28:59 
2021-03-24 15:30:03 
2021-03-24 15:31:08 
2021-03-24 15:32:16 
2021-03-24 15:33:20 
2021-03-24 15:34:26 
2021-03-24 15:35:35 
2021-03-24 15:36:41 
2021-03-24 15:37:45 
2021-03-24 15:38:50 
2021-03-24 15:39:56 
2021-03-24 15:41:01 
2021-03-24 15:42:08 
2021-03-24 15:43:12 
2021-03-24 15:44:14 
2021-03-24 15:45:20 
2021-03-24 15:46:25 
2021-03-24 15:47:32 
2021-03-24 15:48:35 
2021-03-24 15:49:38 
2021-03-24 15:50:42 
2021-03-24 15:51:49 
2021-03-24 15:52:54 
2021-03-24 15:54:00 
2021-03-24 15:55:05 
2021-03-24 15:56:10 
2021-03-24 15:57:14 
2021-03-24 15:58:19 
2021-03-24 15:59:24 
2021-03-24 16:00:29 
2021-03-24 16:01:34 
2021-03-24 16:02:39 
2021-03-24 16:03:42 
2021-03-24 16:04:47 
2021-03-24 16:05:51 
2021-03-24 16:06:56 
2021-03-24 16:08:01 
2021-03-24 16:09:05 
2021-03-24 16:10:11 
2021-03-24 16:11:17 
2021-03-24 16:12:23 
2021-03-24 16:13:29 
2021-03-24 16:14:35 
2021-03-24 16:15:40 
2021-03-24 16:16:46 
2021-03-24 16:17:52 
Reached maxIter without converging.
Predicting on val...
Predicting on test...
