ID =  7 
[[1]]
[[1]]$value
function (rsl, n, outputClassifiers = TRUE, outputLabels = TRUE, 
    outputRules = TRUE) 
{
    rsl <- .compile(rsl)
    data <- gRain::simulate.grain(rsl$compiledNet, n)
    outputVars <- character(0)
    if (outputClassifiers) 
        outputVars <- c(outputVars, .getAllClassifiers(rsl))
    if (outputLabels) 
        outputVars <- c(outputVars, .getAllLabelNodes(rsl))
    if (outputRules) 
        outputVars <- c(outputVars, .getAllRules(rsl))
    data <- data[, outputVars]
    data <- .colnamesIDtoNames(rsl, data)
    data[] <- lapply(data, as.character)
    return(data)
}

[[1]]$visible
[1] FALSE


[[2]]
[[2]]$value
function (rsl, n, outputClassifiers = TRUE, outputLabels = TRUE, 
    outputRules = TRUE) 
{
    rsl <- .compile(rsl)
    data <- gRain::simulate.grain(rsl$compiledNet, n)
    outputVars <- character(0)
    if (outputClassifiers) 
        outputVars <- c(outputVars, .getAllClassifiers(rsl))
    if (outputLabels) 
        outputVars <- c(outputVars, .getAllLabelNodes(rsl))
    if (outputRules) 
        outputVars <- c(outputVars, .getAllRules(rsl))
    data <- data[, outputVars]
    data <- .colnamesIDtoNames(rsl, data)
    data[] <- lapply(data, as.character)
    return(data)
}

[[2]]$visible
[1] FALSE


[[3]]
[[3]]$value
function (rsl, n, outputClassifiers = TRUE, outputLabels = TRUE, 
    outputRules = TRUE) 
{
    rsl <- .compile(rsl)
    data <- gRain::simulate.grain(rsl$compiledNet, n)
    outputVars <- character(0)
    if (outputClassifiers) 
        outputVars <- c(outputVars, .getAllClassifiers(rsl))
    if (outputLabels) 
        outputVars <- c(outputVars, .getAllLabelNodes(rsl))
    if (outputRules) 
        outputVars <- c(outputVars, .getAllRules(rsl))
    data <- data[, outputVars]
    data <- .colnamesIDtoNames(rsl, data)
    data[] <- lapply(data, as.character)
    return(data)
}

[[3]]$visible
[1] FALSE


[[4]]
[[4]]$value
function (rsl, n, outputClassifiers = TRUE, outputLabels = TRUE, 
    outputRules = TRUE) 
{
    rsl <- .compile(rsl)
    data <- gRain::simulate.grain(rsl$compiledNet, n)
    outputVars <- character(0)
    if (outputClassifiers) 
        outputVars <- c(outputVars, .getAllClassifiers(rsl))
    if (outputLabels) 
        outputVars <- c(outputVars, .getAllLabelNodes(rsl))
    if (outputRules) 
        outputVars <- c(outputVars, .getAllRules(rsl))
    data <- data[, outputVars]
    data <- .colnamesIDtoNames(rsl, data)
    data[] <- lapply(data, as.character)
    return(data)
}

[[4]]$visible
[1] FALSE


[[5]]
[[5]]$value
function (rsl, n, outputClassifiers = TRUE, outputLabels = TRUE, 
    outputRules = TRUE) 
{
    rsl <- .compile(rsl)
    data <- gRain::simulate.grain(rsl$compiledNet, n)
    outputVars <- character(0)
    if (outputClassifiers) 
        outputVars <- c(outputVars, .getAllClassifiers(rsl))
    if (outputLabels) 
        outputVars <- c(outputVars, .getAllLabelNodes(rsl))
    if (outputRules) 
        outputVars <- c(outputVars, .getAllRules(rsl))
    data <- data[, outputVars]
    data <- .colnamesIDtoNames(rsl, data)
    data[] <- lapply(data, as.character)
    return(data)
}

[[5]]$visible
[1] FALSE


[[6]]
[[6]]$value
function (rsl, n, outputClassifiers = TRUE, outputLabels = TRUE, 
    outputRules = TRUE) 
{
    rsl <- .compile(rsl)
    data <- gRain::simulate.grain(rsl$compiledNet, n)
    outputVars <- character(0)
    if (outputClassifiers) 
        outputVars <- c(outputVars, .getAllClassifiers(rsl))
    if (outputLabels) 
        outputVars <- c(outputVars, .getAllLabelNodes(rsl))
    if (outputRules) 
        outputVars <- c(outputVars, .getAllRules(rsl))
    data <- data[, outputVars]
    data <- .colnamesIDtoNames(rsl, data)
    data[] <- lapply(data, as.character)
    return(data)
}

[[6]]$visible
[1] FALSE


[[7]]
[[7]]$value
function (rsl, n, outputClassifiers = TRUE, outputLabels = TRUE, 
    outputRules = TRUE) 
{
    rsl <- .compile(rsl)
    data <- gRain::simulate.grain(rsl$compiledNet, n)
    outputVars <- character(0)
    if (outputClassifiers) 
        outputVars <- c(outputVars, .getAllClassifiers(rsl))
    if (outputLabels) 
        outputVars <- c(outputVars, .getAllLabelNodes(rsl))
    if (outputRules) 
        outputVars <- c(outputVars, .getAllRules(rsl))
    data <- data[, outputVars]
    data <- .colnamesIDtoNames(rsl, data)
    data[] <- lapply(data, as.character)
    return(data)
}

[[7]]$visible
[1] FALSE


[[8]]
[[8]]$value
function (rsl, n, outputClassifiers = TRUE, outputLabels = TRUE, 
    outputRules = TRUE) 
{
    rsl <- .compile(rsl)
    data <- gRain::simulate.grain(rsl$compiledNet, n)
    outputVars <- character(0)
    if (outputClassifiers) 
        outputVars <- c(outputVars, .getAllClassifiers(rsl))
    if (outputLabels) 
        outputVars <- c(outputVars, .getAllLabelNodes(rsl))
    if (outputRules) 
        outputVars <- c(outputVars, .getAllRules(rsl))
    data <- data[, outputVars]
    data <- .colnamesIDtoNames(rsl, data)
    data[] <- lapply(data, as.character)
    return(data)
}

[[8]]$visible
[1] FALSE


[[9]]
[[9]]$value
function (rsl, n, outputClassifiers = TRUE, outputLabels = TRUE, 
    outputRules = TRUE) 
{
    rsl <- .compile(rsl)
    data <- gRain::simulate.grain(rsl$compiledNet, n)
    outputVars <- character(0)
    if (outputClassifiers) 
        outputVars <- c(outputVars, .getAllClassifiers(rsl))
    if (outputLabels) 
        outputVars <- c(outputVars, .getAllLabelNodes(rsl))
    if (outputRules) 
        outputVars <- c(outputVars, .getAllRules(rsl))
    data <- data[, outputVars]
    data <- .colnamesIDtoNames(rsl, data)
    data[] <- lapply(data, as.character)
    return(data)
}

[[9]]$visible
[1] FALSE


[[10]]
[[10]]$value
function (rsl, n, outputClassifiers = TRUE, outputLabels = TRUE, 
    outputRules = TRUE) 
{
    rsl <- .compile(rsl)
    data <- gRain::simulate.grain(rsl$compiledNet, n)
    outputVars <- character(0)
    if (outputClassifiers) 
        outputVars <- c(outputVars, .getAllClassifiers(rsl))
    if (outputLabels) 
        outputVars <- c(outputVars, .getAllLabelNodes(rsl))
    if (outputRules) 
        outputVars <- c(outputVars, .getAllRules(rsl))
    data <- data[, outputVars]
    data <- .colnamesIDtoNames(rsl, data)
    data[] <- lapply(data, as.character)
    return(data)
}

[[10]]$visible
[1] FALSE


Preprocessing data...
Learning...
Loading required namespace: gRain
2021-03-23 23:16:02 
2021-03-23 23:18:29 
2021-03-23 23:20:55 
2021-03-23 23:23:16 
2021-03-23 23:25:57 
2021-03-23 23:28:18 
2021-03-23 23:30:42 
2021-03-23 23:33:05 
2021-03-23 23:35:26 
2021-03-23 23:37:56 
2021-03-23 23:40:23 
2021-03-23 23:42:57 
2021-03-23 23:45:18 
2021-03-23 23:47:56 
2021-03-23 23:50:19 
2021-03-23 23:53:01 
2021-03-23 23:55:29 
2021-03-23 23:57:55 
2021-03-24 00:00:21 
2021-03-24 00:02:47 
2021-03-24 00:05:25 
2021-03-24 00:07:52 
2021-03-24 00:10:21 
2021-03-24 00:12:48 
2021-03-24 00:15:18 
2021-03-24 00:17:53 
2021-03-24 00:20:20 
2021-03-24 00:23:12 
2021-03-24 00:25:50 
2021-03-24 00:28:42 
2021-03-24 00:31:32 
2021-03-24 00:34:12 
2021-03-24 00:36:52 
2021-03-24 00:39:43 
2021-03-24 00:42:32 
2021-03-24 00:45:14 
2021-03-24 00:47:56 
2021-03-24 00:50:33 
2021-03-24 00:53:11 
2021-03-24 00:55:50 
2021-03-24 00:58:32 
2021-03-24 01:01:11 
2021-03-24 01:03:54 
2021-03-24 01:06:39 
2021-03-24 01:09:19 
2021-03-24 01:11:59 
2021-03-24 01:14:37 
2021-03-24 01:17:26 
2021-03-24 01:20:04 
2021-03-24 01:22:42 
2021-03-24 01:25:20 
2021-03-24 01:27:56 
2021-03-24 01:30:36 
2021-03-24 01:33:10 
2021-03-24 01:35:41 
2021-03-24 01:38:11 
2021-03-24 01:40:37 
2021-03-24 01:43:03 
2021-03-24 01:45:23 
2021-03-24 01:47:55 
2021-03-24 01:50:19 
2021-03-24 01:52:44 
2021-03-24 01:55:07 
2021-03-24 01:57:36 
2021-03-24 02:00:06 
2021-03-24 02:02:34 
2021-03-24 02:05:07 
2021-03-24 02:07:47 
2021-03-24 02:10:47 
2021-03-24 02:13:31 
2021-03-24 02:16:29 
2021-03-24 02:19:11 
2021-03-24 02:21:51 
2021-03-24 02:24:37 
2021-03-24 02:27:46 
2021-03-24 02:31:04 
2021-03-24 02:34:00 
2021-03-24 02:37:07 
2021-03-24 02:40:16 
2021-03-24 02:43:27 
2021-03-24 02:46:56 
2021-03-24 02:50:13 
2021-03-24 02:53:27 
2021-03-24 02:56:36 
2021-03-24 02:59:43 
2021-03-24 03:02:48 
2021-03-24 03:05:59 
2021-03-24 03:09:16 
2021-03-24 03:12:36 
2021-03-24 03:16:08 
2021-03-24 03:19:46 
2021-03-24 03:23:25 
2021-03-24 03:27:12 
2021-03-24 03:31:00 
2021-03-24 03:34:56 
2021-03-24 03:38:58 
2021-03-24 03:43:03 
2021-03-24 03:47:01 
2021-03-24 03:51:00 
2021-03-24 03:54:57 
2021-03-24 03:59:07 
2021-03-24 04:03:03 
2021-03-24 04:06:57 
2021-03-24 04:10:57 
2021-03-24 04:14:38 
2021-03-24 04:18:38 
2021-03-24 04:22:41 
2021-03-24 04:27:11 
2021-03-24 04:31:13 
2021-03-24 04:35:27 
2021-03-24 04:39:40 
2021-03-24 04:44:08 
2021-03-24 04:48:39 
2021-03-24 04:53:22 
2021-03-24 04:57:35 
2021-03-24 05:01:50 
2021-03-24 05:06:12 
2021-03-24 05:10:41 
2021-03-24 05:15:04 
2021-03-24 05:19:49 
2021-03-24 05:24:24 
2021-03-24 05:28:56 
2021-03-24 05:33:27 
2021-03-24 05:38:00 
2021-03-24 05:42:24 
2021-03-24 05:46:54 
2021-03-24 05:51:22 
2021-03-24 05:56:02 
2021-03-24 06:00:35 
2021-03-24 06:05:14 
2021-03-24 06:09:53 
2021-03-24 06:14:27 
2021-03-24 06:18:59 
2021-03-24 06:23:27 
2021-03-24 06:27:57 
2021-03-24 06:32:40 
2021-03-24 06:37:13 
2021-03-24 06:42:09 
2021-03-24 06:46:47 
2021-03-24 06:51:26 
2021-03-24 06:56:20 
2021-03-24 07:00:56 
2021-03-24 07:05:38 
2021-03-24 07:10:36 
2021-03-24 07:15:26 
2021-03-24 07:19:57 
2021-03-24 07:24:32 
2021-03-24 07:29:11 
2021-03-24 07:34:09 
2021-03-24 07:38:40 
2021-03-24 07:43:11 
2021-03-24 07:47:42 
2021-03-24 07:52:18 
2021-03-24 07:56:56 
2021-03-24 08:01:33 
2021-03-24 08:06:08 
2021-03-24 08:10:43 
2021-03-24 08:15:30 
2021-03-24 08:20:12 
2021-03-24 08:24:56 
2021-03-24 08:29:41 
2021-03-24 08:34:29 
2021-03-24 08:39:10 
2021-03-24 08:44:12 
2021-03-24 08:49:15 
2021-03-24 08:54:12 
2021-03-24 08:59:21 
2021-03-24 09:04:15 
2021-03-24 09:09:16 
2021-03-24 09:14:21 
2021-03-24 09:19:17 
2021-03-24 09:24:14 
2021-03-24 09:29:09 
2021-03-24 09:34:04 
2021-03-24 09:39:00 
2021-03-24 09:43:58 
2021-03-24 09:48:53 
2021-03-24 09:53:54 
2021-03-24 09:58:49 
2021-03-24 10:03:46 
2021-03-24 10:08:40 
2021-03-24 10:13:40 
2021-03-24 10:18:43 
2021-03-24 10:23:50 
2021-03-24 10:28:53 
2021-03-24 10:33:55 
2021-03-24 10:38:56 
2021-03-24 10:43:54 
2021-03-24 10:48:54 
2021-03-24 10:53:53 
2021-03-24 10:58:50 
2021-03-24 11:03:49 
2021-03-24 11:08:47 
2021-03-24 11:13:51 
2021-03-24 11:18:55 
2021-03-24 11:23:54 
2021-03-24 11:29:03 
2021-03-24 11:34:10 
2021-03-24 11:39:18 
2021-03-24 11:44:19 
2021-03-24 11:49:16 
2021-03-24 11:54:15 
2021-03-24 11:59:09 
2021-03-24 12:04:06 
2021-03-24 12:09:05 
2021-03-24 12:14:06 
2021-03-24 12:19:03 
2021-03-24 12:23:59 
2021-03-24 12:28:52 
2021-03-24 12:33:39 
2021-03-24 12:38:32 
2021-03-24 12:43:30 
2021-03-24 12:48:28 
2021-03-24 12:53:27 
2021-03-24 12:58:30 
2021-03-24 13:03:31 
2021-03-24 13:08:34 
2021-03-24 13:13:36 
2021-03-24 13:18:38 
2021-03-24 13:23:37 
2021-03-24 13:28:37 
2021-03-24 13:33:37 
2021-03-24 13:38:36 
2021-03-24 13:43:34 
2021-03-24 13:48:37 
2021-03-24 13:53:37 
2021-03-24 13:58:33 
2021-03-24 14:03:27 
2021-03-24 14:08:23 
2021-03-24 14:13:27 
2021-03-24 14:18:29 
2021-03-24 14:23:26 
2021-03-24 14:28:25 
2021-03-24 14:33:26 
2021-03-24 14:38:33 
2021-03-24 14:43:41 
2021-03-24 14:48:46 
2021-03-24 14:53:47 
2021-03-24 14:58:54 
2021-03-24 15:04:20 
2021-03-24 15:09:13 
2021-03-24 15:14:03 
2021-03-24 15:19:02 
2021-03-24 15:23:54 
2021-03-24 15:28:51 
2021-03-24 15:33:48 
2021-03-24 15:38:43 
2021-03-24 15:43:36 
2021-03-24 15:48:33 
2021-03-24 15:53:32 
2021-03-24 15:58:33 
2021-03-24 16:04:03 
2021-03-24 16:08:59 
2021-03-24 16:13:57 
2021-03-24 16:18:51 
2021-03-24 16:24:16 
2021-03-24 16:29:15 
2021-03-24 16:34:28 
2021-03-24 16:39:47 
2021-03-24 16:44:43 
2021-03-24 16:49:53 
2021-03-24 16:54:47 
2021-03-24 16:59:45 
2021-03-24 17:04:42 
2021-03-24 17:09:38 
2021-03-24 17:14:33 
2021-03-24 17:19:41 
2021-03-24 17:24:57 
2021-03-24 17:29:50 
2021-03-24 17:34:44 
2021-03-24 17:39:37 
2021-03-24 17:44:41 
2021-03-24 17:49:34 
2021-03-24 17:54:35 
2021-03-24 17:59:37 
2021-03-24 18:04:32 
2021-03-24 18:09:32 
2021-03-24 18:14:47 
2021-03-24 18:19:47 
2021-03-24 18:24:48 
2021-03-24 18:29:52 
2021-03-24 18:35:00 
2021-03-24 18:40:04 
2021-03-24 18:45:17 
2021-03-24 18:50:19 
2021-03-24 18:55:21 
2021-03-24 19:00:25 
2021-03-24 19:05:35 
2021-03-24 19:10:48 
2021-03-24 19:15:48 
2021-03-24 19:20:49 
2021-03-24 19:26:08 
2021-03-24 19:31:04 
2021-03-24 19:35:55 
2021-03-24 19:40:55 
2021-03-24 19:45:54 
2021-03-24 19:50:50 
2021-03-24 19:55:44 
2021-03-24 20:00:43 
2021-03-24 20:05:42 
2021-03-24 20:10:39 
2021-03-24 20:15:32 
2021-03-24 20:20:26 
2021-03-24 20:25:19 
2021-03-24 20:30:30 
2021-03-24 20:35:21 
2021-03-24 20:40:35 
2021-03-24 20:45:30 
2021-03-24 20:50:21 
2021-03-24 20:55:29 
2021-03-24 21:00:53 
2021-03-24 21:06:07 
2021-03-24 21:11:23 
2021-03-24 21:16:17 
2021-03-24 21:21:35 
2021-03-24 21:26:58 
2021-03-24 21:32:15 
2021-03-24 21:37:13 
2021-03-24 21:42:16 
2021-03-24 21:47:09 
2021-03-24 21:52:05 
2021-03-24 21:57:16 
2021-03-24 22:02:11 
2021-03-24 22:07:06 
2021-03-24 22:12:03 
2021-03-24 22:16:59 
2021-03-24 22:21:56 
2021-03-24 22:26:49 
2021-03-24 22:31:46 
2021-03-24 22:36:44 
2021-03-24 22:41:37 
2021-03-24 22:46:50 
2021-03-24 22:51:43 
2021-03-24 22:56:48 
2021-03-24 23:01:43 
2021-03-24 23:06:40 
2021-03-24 23:11:33 
2021-03-24 23:16:26 
2021-03-24 23:21:31 
2021-03-24 23:26:31 
2021-03-24 23:31:24 
2021-03-24 23:36:20 
2021-03-24 23:41:15 
2021-03-24 23:46:16 
2021-03-24 23:51:13 
2021-03-24 23:56:11 
2021-03-25 00:01:14 
2021-03-25 00:06:13 
2021-03-25 00:11:30 
2021-03-25 00:16:30 
2021-03-25 00:21:32 
2021-03-25 00:26:35 
2021-03-25 00:31:36 
2021-03-25 00:36:41 
2021-03-25 00:41:39 
2021-03-25 00:46:40 
2021-03-25 00:51:52 
2021-03-25 00:56:54 
2021-03-25 01:01:56 
2021-03-25 01:06:56 
2021-03-25 01:12:02 
2021-03-25 01:17:09 
2021-03-25 01:22:11 
2021-03-25 01:27:12 
2021-03-25 01:32:09 
2021-03-25 01:37:33 
2021-03-25 01:42:46 
2021-03-25 01:47:44 
2021-03-25 01:52:48 
2021-03-25 01:57:48 
2021-03-25 02:03:04 
2021-03-25 02:08:26 
2021-03-25 02:13:31 
2021-03-25 02:18:30 
2021-03-25 02:23:28 
2021-03-25 02:28:35 
2021-03-25 02:33:40 
2021-03-25 02:38:43 
2021-03-25 02:44:03 
2021-03-25 02:49:09 
2021-03-25 02:54:25 
2021-03-25 02:59:31 
2021-03-25 03:04:29 
2021-03-25 03:09:44 
2021-03-25 03:14:39 
2021-03-25 03:19:56 
2021-03-25 03:25:03 
2021-03-25 03:29:56 
2021-03-25 03:35:12 
2021-03-25 03:40:16 
2021-03-25 03:45:23 
2021-03-25 03:50:20 
2021-03-25 03:55:18 
2021-03-25 04:00:17 
2021-03-25 04:05:15 
2021-03-25 04:10:14 
2021-03-25 04:15:13 
2021-03-25 04:20:13 
2021-03-25 04:25:17 
2021-03-25 04:30:43 
2021-03-25 04:35:47 
2021-03-25 04:40:53 
2021-03-25 04:46:07 
2021-03-25 04:51:07 
2021-03-25 04:56:08 
2021-03-25 05:01:20 
2021-03-25 05:06:24 
2021-03-25 05:11:24 
2021-03-25 05:16:23 
2021-03-25 05:21:27 
2021-03-25 05:26:31 
2021-03-25 05:31:39 
2021-03-25 05:36:40 
2021-03-25 05:41:43 
2021-03-25 05:46:44 
2021-03-25 05:52:18 
2021-03-25 05:57:18 
2021-03-25 06:02:17 
2021-03-25 06:07:21 
2021-03-25 06:12:24 
2021-03-25 06:17:25 
2021-03-25 06:22:26 
2021-03-25 06:27:26 
2021-03-25 06:32:27 
2021-03-25 06:37:25 
2021-03-25 06:42:24 
2021-03-25 06:47:29 
2021-03-25 06:52:33 
2021-03-25 06:57:32 
2021-03-25 07:02:37 
2021-03-25 07:07:39 
2021-03-25 07:12:42 
2021-03-25 07:17:44 
2021-03-25 07:22:45 
2021-03-25 07:27:45 
2021-03-25 07:32:47 
2021-03-25 07:37:49 
2021-03-25 07:42:50 
2021-03-25 07:47:54 
2021-03-25 07:52:57 
2021-03-25 07:57:58 
2021-03-25 08:03:01 
2021-03-25 08:08:09 
2021-03-25 08:13:22 
2021-03-25 08:18:24 
2021-03-25 08:23:24 
2021-03-25 08:28:32 
2021-03-25 08:33:46 
2021-03-25 08:38:45 
2021-03-25 08:43:56 
2021-03-25 08:49:17 
2021-03-25 08:54:33 
2021-03-25 08:59:35 
2021-03-25 09:04:33 
2021-03-25 09:09:29 
2021-03-25 09:14:38 
2021-03-25 09:19:55 
2021-03-25 09:24:52 
2021-03-25 09:30:20 
2021-03-25 09:35:22 
2021-03-25 09:40:24 
2021-03-25 09:45:45 
2021-03-25 09:51:15 
2021-03-25 09:56:15 
2021-03-25 10:01:48 
2021-03-25 10:06:52 
2021-03-25 10:11:57 
2021-03-25 10:17:23 
2021-03-25 10:22:28 
2021-03-25 10:27:56 
2021-03-25 10:33:00 
2021-03-25 10:38:16 
2021-03-25 10:43:17 
2021-03-25 10:48:40 
2021-03-25 10:54:09 
2021-03-25 10:59:39 
2021-03-25 11:05:04 
2021-03-25 11:10:28 
2021-03-25 11:15:52 
2021-03-25 11:21:21 
2021-03-25 11:26:50 
2021-03-25 11:32:26 
2021-03-25 11:38:08 
2021-03-25 11:43:43 
2021-03-25 11:49:21 
2021-03-25 11:55:04 
2021-03-25 12:00:27 
2021-03-25 12:06:00 
2021-03-25 12:11:29 
2021-03-25 12:16:51 
2021-03-25 12:22:24 
2021-03-25 12:27:46 
2021-03-25 12:33:13 
2021-03-25 12:38:39 
2021-03-25 12:44:05 
2021-03-25 12:49:25 
2021-03-25 12:54:44 
2021-03-25 13:00:21 
2021-03-25 13:05:43 
2021-03-25 13:11:12 
2021-03-25 13:16:35 
2021-03-25 13:22:02 
2021-03-25 13:27:23 
2021-03-25 13:32:56 
2021-03-25 13:38:28 
2021-03-25 13:43:48 
2021-03-25 13:49:23 
2021-03-25 13:54:57 
2021-03-25 14:00:24 
2021-03-25 14:05:47 
2021-03-25 14:11:07 
2021-03-25 14:16:31 
2021-03-25 14:21:54 
2021-03-25 14:27:22 
2021-03-25 14:33:02 
2021-03-25 14:38:21 
2021-03-25 14:43:40 
2021-03-25 14:49:01 
2021-03-25 14:54:19 
2021-03-25 14:59:37 
2021-03-25 15:05:15 
2021-03-25 15:10:34 
2021-03-25 15:15:55 
2021-03-25 15:21:24 
2021-03-25 15:26:54 
2021-03-25 15:32:25 
2021-03-25 15:37:46 
2021-03-25 15:43:10 
2021-03-25 15:48:33 
2021-03-25 15:53:52 
2021-03-25 15:59:11 
2021-03-25 16:04:37 
2021-03-25 16:10:04 
2021-03-25 16:15:26 
2021-03-25 16:21:04 
2021-03-25 16:26:26 
2021-03-25 16:32:08 
2021-03-25 16:37:39 
2021-03-25 16:43:17 
2021-03-25 16:48:39 
2021-03-25 16:54:21 
2021-03-25 16:59:59 
2021-03-25 17:05:23 
2021-03-25 17:10:49 
2021-03-25 17:16:19 
2021-03-25 17:21:47 
2021-03-25 17:27:25 
2021-03-25 17:32:51 
2021-03-25 17:38:27 
2021-03-25 17:43:51 
2021-03-25 17:49:20 
2021-03-25 17:54:51 
2021-03-25 18:00:20 
2021-03-25 18:05:47 
2021-03-25 18:11:12 
2021-03-25 18:16:32 
2021-03-25 18:21:58 
2021-03-25 18:27:20 
2021-03-25 18:33:02 
2021-03-25 18:38:33 
2021-03-25 18:44:02 
2021-03-25 18:49:38 
2021-03-25 18:55:08 
2021-03-25 19:00:35 
2021-03-25 19:06:11 
2021-03-25 19:11:38 
2021-03-25 19:17:23 
Reached maxHours without converging.
Predicting on val...
Predicting on test...
