ID =  1 
[[1]]
[[1]]$value
function (rsl, n, outputClassifiers = TRUE, outputLabels = TRUE, 
    outputRules = TRUE) 
{
    rsl <- .compile(rsl)
    data <- gRain::simulate.grain(rsl$compiledNet, n)
    outputVars <- character(0)
    if (outputClassifiers) 
        outputVars <- c(outputVars, .getAllClassifiers(rsl))
    if (outputLabels) 
        outputVars <- c(outputVars, .getAllLabelNodes(rsl))
    if (outputRules) 
        outputVars <- c(outputVars, .getAllRules(rsl))
    data <- data[, outputVars]
    data <- .colnamesIDtoNames(rsl, data)
    data[] <- lapply(data, as.character)
    return(data)
}

[[1]]$visible
[1] FALSE


[[2]]
[[2]]$value
function (rsl, n, outputClassifiers = TRUE, outputLabels = TRUE, 
    outputRules = TRUE) 
{
    rsl <- .compile(rsl)
    data <- gRain::simulate.grain(rsl$compiledNet, n)
    outputVars <- character(0)
    if (outputClassifiers) 
        outputVars <- c(outputVars, .getAllClassifiers(rsl))
    if (outputLabels) 
        outputVars <- c(outputVars, .getAllLabelNodes(rsl))
    if (outputRules) 
        outputVars <- c(outputVars, .getAllRules(rsl))
    data <- data[, outputVars]
    data <- .colnamesIDtoNames(rsl, data)
    data[] <- lapply(data, as.character)
    return(data)
}

[[2]]$visible
[1] FALSE


[[3]]
[[3]]$value
function (rsl, n, outputClassifiers = TRUE, outputLabels = TRUE, 
    outputRules = TRUE) 
{
    rsl <- .compile(rsl)
    data <- gRain::simulate.grain(rsl$compiledNet, n)
    outputVars <- character(0)
    if (outputClassifiers) 
        outputVars <- c(outputVars, .getAllClassifiers(rsl))
    if (outputLabels) 
        outputVars <- c(outputVars, .getAllLabelNodes(rsl))
    if (outputRules) 
        outputVars <- c(outputVars, .getAllRules(rsl))
    data <- data[, outputVars]
    data <- .colnamesIDtoNames(rsl, data)
    data[] <- lapply(data, as.character)
    return(data)
}

[[3]]$visible
[1] FALSE


[[4]]
[[4]]$value
function (rsl, n, outputClassifiers = TRUE, outputLabels = TRUE, 
    outputRules = TRUE) 
{
    rsl <- .compile(rsl)
    data <- gRain::simulate.grain(rsl$compiledNet, n)
    outputVars <- character(0)
    if (outputClassifiers) 
        outputVars <- c(outputVars, .getAllClassifiers(rsl))
    if (outputLabels) 
        outputVars <- c(outputVars, .getAllLabelNodes(rsl))
    if (outputRules) 
        outputVars <- c(outputVars, .getAllRules(rsl))
    data <- data[, outputVars]
    data <- .colnamesIDtoNames(rsl, data)
    data[] <- lapply(data, as.character)
    return(data)
}

[[4]]$visible
[1] FALSE


[[5]]
[[5]]$value
function (rsl, n, outputClassifiers = TRUE, outputLabels = TRUE, 
    outputRules = TRUE) 
{
    rsl <- .compile(rsl)
    data <- gRain::simulate.grain(rsl$compiledNet, n)
    outputVars <- character(0)
    if (outputClassifiers) 
        outputVars <- c(outputVars, .getAllClassifiers(rsl))
    if (outputLabels) 
        outputVars <- c(outputVars, .getAllLabelNodes(rsl))
    if (outputRules) 
        outputVars <- c(outputVars, .getAllRules(rsl))
    data <- data[, outputVars]
    data <- .colnamesIDtoNames(rsl, data)
    data[] <- lapply(data, as.character)
    return(data)
}

[[5]]$visible
[1] FALSE


[[6]]
[[6]]$value
function (rsl, n, outputClassifiers = TRUE, outputLabels = TRUE, 
    outputRules = TRUE) 
{
    rsl <- .compile(rsl)
    data <- gRain::simulate.grain(rsl$compiledNet, n)
    outputVars <- character(0)
    if (outputClassifiers) 
        outputVars <- c(outputVars, .getAllClassifiers(rsl))
    if (outputLabels) 
        outputVars <- c(outputVars, .getAllLabelNodes(rsl))
    if (outputRules) 
        outputVars <- c(outputVars, .getAllRules(rsl))
    data <- data[, outputVars]
    data <- .colnamesIDtoNames(rsl, data)
    data[] <- lapply(data, as.character)
    return(data)
}

[[6]]$visible
[1] FALSE


[[7]]
[[7]]$value
function (rsl, n, outputClassifiers = TRUE, outputLabels = TRUE, 
    outputRules = TRUE) 
{
    rsl <- .compile(rsl)
    data <- gRain::simulate.grain(rsl$compiledNet, n)
    outputVars <- character(0)
    if (outputClassifiers) 
        outputVars <- c(outputVars, .getAllClassifiers(rsl))
    if (outputLabels) 
        outputVars <- c(outputVars, .getAllLabelNodes(rsl))
    if (outputRules) 
        outputVars <- c(outputVars, .getAllRules(rsl))
    data <- data[, outputVars]
    data <- .colnamesIDtoNames(rsl, data)
    data[] <- lapply(data, as.character)
    return(data)
}

[[7]]$visible
[1] FALSE


[[8]]
[[8]]$value
function (rsl, n, outputClassifiers = TRUE, outputLabels = TRUE, 
    outputRules = TRUE) 
{
    rsl <- .compile(rsl)
    data <- gRain::simulate.grain(rsl$compiledNet, n)
    outputVars <- character(0)
    if (outputClassifiers) 
        outputVars <- c(outputVars, .getAllClassifiers(rsl))
    if (outputLabels) 
        outputVars <- c(outputVars, .getAllLabelNodes(rsl))
    if (outputRules) 
        outputVars <- c(outputVars, .getAllRules(rsl))
    data <- data[, outputVars]
    data <- .colnamesIDtoNames(rsl, data)
    data[] <- lapply(data, as.character)
    return(data)
}

[[8]]$visible
[1] FALSE


[[9]]
[[9]]$value
function (rsl, n, outputClassifiers = TRUE, outputLabels = TRUE, 
    outputRules = TRUE) 
{
    rsl <- .compile(rsl)
    data <- gRain::simulate.grain(rsl$compiledNet, n)
    outputVars <- character(0)
    if (outputClassifiers) 
        outputVars <- c(outputVars, .getAllClassifiers(rsl))
    if (outputLabels) 
        outputVars <- c(outputVars, .getAllLabelNodes(rsl))
    if (outputRules) 
        outputVars <- c(outputVars, .getAllRules(rsl))
    data <- data[, outputVars]
    data <- .colnamesIDtoNames(rsl, data)
    data[] <- lapply(data, as.character)
    return(data)
}

[[9]]$visible
[1] FALSE


[[10]]
[[10]]$value
function (rsl, n, outputClassifiers = TRUE, outputLabels = TRUE, 
    outputRules = TRUE) 
{
    rsl <- .compile(rsl)
    data <- gRain::simulate.grain(rsl$compiledNet, n)
    outputVars <- character(0)
    if (outputClassifiers) 
        outputVars <- c(outputVars, .getAllClassifiers(rsl))
    if (outputLabels) 
        outputVars <- c(outputVars, .getAllLabelNodes(rsl))
    if (outputRules) 
        outputVars <- c(outputVars, .getAllRules(rsl))
    data <- data[, outputVars]
    data <- .colnamesIDtoNames(rsl, data)
    data[] <- lapply(data, as.character)
    return(data)
}

[[10]]$visible
[1] FALSE


Preprocessing data...
Learning...
Loading required namespace: gRain
2021-03-23 23:14:41 
2021-03-23 23:14:47 
2021-03-23 23:14:53 
2021-03-23 23:14:59 
2021-03-23 23:15:04 
2021-03-23 23:15:09 
2021-03-23 23:15:15 
2021-03-23 23:15:21 
2021-03-23 23:15:26 
2021-03-23 23:15:32 
2021-03-23 23:15:38 
2021-03-23 23:15:43 
2021-03-23 23:15:49 
2021-03-23 23:15:54 
2021-03-23 23:16:00 
2021-03-23 23:16:05 
2021-03-23 23:16:11 
2021-03-23 23:16:17 
2021-03-23 23:16:22 
2021-03-23 23:16:28 
2021-03-23 23:16:33 
2021-03-23 23:16:38 
2021-03-23 23:16:44 
2021-03-23 23:16:50 
2021-03-23 23:16:55 
2021-03-23 23:17:01 
2021-03-23 23:17:06 
2021-03-23 23:17:12 
2021-03-23 23:17:18 
2021-03-23 23:17:24 
2021-03-23 23:17:31 
2021-03-23 23:17:37 
2021-03-23 23:17:43 
2021-03-23 23:17:49 
2021-03-23 23:17:56 
2021-03-23 23:18:02 
2021-03-23 23:18:08 
2021-03-23 23:18:15 
2021-03-23 23:18:21 
2021-03-23 23:18:28 
2021-03-23 23:18:35 
2021-03-23 23:18:42 
2021-03-23 23:18:48 
2021-03-23 23:18:55 
2021-03-23 23:19:02 
2021-03-23 23:19:09 
2021-03-23 23:19:15 
2021-03-23 23:19:22 
2021-03-23 23:19:29 
2021-03-23 23:19:36 
2021-03-23 23:19:42 
2021-03-23 23:19:48 
2021-03-23 23:19:55 
2021-03-23 23:20:01 
2021-03-23 23:20:07 
2021-03-23 23:20:13 
2021-03-23 23:20:19 
2021-03-23 23:20:25 
2021-03-23 23:20:31 
2021-03-23 23:20:37 
2021-03-23 23:20:43 
2021-03-23 23:20:49 
2021-03-23 23:20:55 
2021-03-23 23:21:02 
2021-03-23 23:21:08 
2021-03-23 23:21:14 
2021-03-23 23:21:20 
2021-03-23 23:21:26 
2021-03-23 23:21:33 
2021-03-23 23:21:39 
2021-03-23 23:21:45 
2021-03-23 23:21:52 
2021-03-23 23:21:58 
2021-03-23 23:22:03 
2021-03-23 23:22:09 
2021-03-23 23:22:15 
2021-03-23 23:22:21 
2021-03-23 23:22:26 
2021-03-23 23:22:32 
2021-03-23 23:22:38 
2021-03-23 23:22:45 
2021-03-23 23:22:51 
2021-03-23 23:22:57 
2021-03-23 23:23:03 
2021-03-23 23:23:09 
2021-03-23 23:23:16 
2021-03-23 23:23:22 
2021-03-23 23:23:28 
2021-03-23 23:23:34 
2021-03-23 23:23:40 
2021-03-23 23:23:46 
2021-03-23 23:23:52 
2021-03-23 23:23:58 
2021-03-23 23:24:04 
2021-03-23 23:24:10 
2021-03-23 23:24:16 
2021-03-23 23:24:22 
2021-03-23 23:24:29 
2021-03-23 23:24:36 
2021-03-23 23:24:42 
2021-03-23 23:24:48 
2021-03-23 23:24:54 
2021-03-23 23:25:02 
2021-03-23 23:25:09 
2021-03-23 23:25:16 
2021-03-23 23:25:24 
2021-03-23 23:25:31 
2021-03-23 23:25:38 
2021-03-23 23:25:46 
2021-03-23 23:25:53 
2021-03-23 23:26:00 
2021-03-23 23:26:07 
2021-03-23 23:26:14 
2021-03-23 23:26:22 
2021-03-23 23:26:28 
2021-03-23 23:26:36 
2021-03-23 23:26:43 
2021-03-23 23:26:50 
2021-03-23 23:26:56 
2021-03-23 23:27:03 
2021-03-23 23:27:10 
2021-03-23 23:27:17 
2021-03-23 23:27:24 
2021-03-23 23:27:31 
2021-03-23 23:27:38 
2021-03-23 23:27:45 
2021-03-23 23:27:52 
2021-03-23 23:27:59 
2021-03-23 23:28:05 
2021-03-23 23:28:12 
2021-03-23 23:28:19 
2021-03-23 23:28:26 
2021-03-23 23:28:33 
2021-03-23 23:28:40 
2021-03-23 23:28:46 
2021-03-23 23:28:54 
2021-03-23 23:29:01 
2021-03-23 23:29:08 
2021-03-23 23:29:15 
2021-03-23 23:29:22 
2021-03-23 23:29:29 
2021-03-23 23:29:36 
2021-03-23 23:29:43 
2021-03-23 23:29:50 
2021-03-23 23:29:59 
2021-03-23 23:30:07 
2021-03-23 23:30:15 
2021-03-23 23:30:23 
2021-03-23 23:30:31 
2021-03-23 23:30:39 
2021-03-23 23:30:47 
2021-03-23 23:30:55 
2021-03-23 23:31:04 
2021-03-23 23:31:12 
2021-03-23 23:31:20 
2021-03-23 23:31:28 
2021-03-23 23:31:36 
2021-03-23 23:31:44 
2021-03-23 23:31:51 
2021-03-23 23:31:59 
2021-03-23 23:32:06 
2021-03-23 23:32:15 
2021-03-23 23:32:23 
2021-03-23 23:32:31 
2021-03-23 23:32:39 
2021-03-23 23:32:47 
2021-03-23 23:32:54 
2021-03-23 23:33:02 
2021-03-23 23:33:10 
2021-03-23 23:33:17 
2021-03-23 23:33:25 
2021-03-23 23:33:33 
2021-03-23 23:33:41 
2021-03-23 23:33:49 
2021-03-23 23:33:57 
2021-03-23 23:34:05 
2021-03-23 23:34:13 
2021-03-23 23:34:22 
2021-03-23 23:34:30 
2021-03-23 23:34:38 
2021-03-23 23:34:47 
2021-03-23 23:34:55 
2021-03-23 23:35:03 
2021-03-23 23:35:12 
2021-03-23 23:35:20 
2021-03-23 23:35:29 
2021-03-23 23:35:37 
2021-03-23 23:35:45 
2021-03-23 23:35:53 
2021-03-23 23:36:02 
2021-03-23 23:36:10 
2021-03-23 23:36:19 
2021-03-23 23:36:27 
2021-03-23 23:36:35 
2021-03-23 23:36:43 
2021-03-23 23:36:51 
2021-03-23 23:36:59 
2021-03-23 23:37:08 
2021-03-23 23:37:16 
2021-03-23 23:37:25 
2021-03-23 23:37:33 
2021-03-23 23:37:41 
2021-03-23 23:37:50 
2021-03-23 23:37:58 
2021-03-23 23:38:06 
2021-03-23 23:38:15 
2021-03-23 23:38:23 
2021-03-23 23:38:31 
2021-03-23 23:38:40 
2021-03-23 23:38:48 
2021-03-23 23:38:57 
2021-03-23 23:39:05 
2021-03-23 23:39:14 
2021-03-23 23:39:22 
2021-03-23 23:39:30 
2021-03-23 23:39:39 
2021-03-23 23:39:47 
2021-03-23 23:39:55 
2021-03-23 23:40:04 
2021-03-23 23:40:12 
2021-03-23 23:40:20 
2021-03-23 23:40:29 
2021-03-23 23:40:37 
2021-03-23 23:40:46 
2021-03-23 23:40:54 
2021-03-23 23:41:02 
2021-03-23 23:41:11 
2021-03-23 23:41:19 
2021-03-23 23:41:27 
2021-03-23 23:41:36 
2021-03-23 23:41:44 
2021-03-23 23:41:52 
2021-03-23 23:42:01 
2021-03-23 23:42:09 
2021-03-23 23:42:17 
2021-03-23 23:42:26 
2021-03-23 23:42:34 
2021-03-23 23:42:43 
2021-03-23 23:42:51 
2021-03-23 23:43:00 
2021-03-23 23:43:08 
2021-03-23 23:43:17 
2021-03-23 23:43:25 
2021-03-23 23:43:33 
2021-03-23 23:43:42 
2021-03-23 23:43:50 
2021-03-23 23:43:59 
2021-03-23 23:44:07 
2021-03-23 23:44:15 
2021-03-23 23:44:24 
2021-03-23 23:44:32 
2021-03-23 23:44:40 
2021-03-23 23:44:49 
2021-03-23 23:44:57 
2021-03-23 23:45:05 
2021-03-23 23:45:14 
2021-03-23 23:45:23 
2021-03-23 23:45:31 
2021-03-23 23:45:40 
2021-03-23 23:45:49 
2021-03-23 23:45:57 
2021-03-23 23:46:06 
2021-03-23 23:46:15 
2021-03-23 23:46:23 
2021-03-23 23:46:32 
2021-03-23 23:46:41 
2021-03-23 23:46:49 
2021-03-23 23:46:58 
2021-03-23 23:47:07 
2021-03-23 23:47:15 
2021-03-23 23:47:24 
2021-03-23 23:47:32 
2021-03-23 23:47:41 
2021-03-23 23:47:50 
2021-03-23 23:47:58 
2021-03-23 23:48:07 
2021-03-23 23:48:16 
2021-03-23 23:48:25 
2021-03-23 23:48:34 
2021-03-23 23:48:42 
2021-03-23 23:48:51 
2021-03-23 23:49:00 
2021-03-23 23:49:08 
2021-03-23 23:49:16 
2021-03-23 23:49:25 
2021-03-23 23:49:34 
2021-03-23 23:49:43 
2021-03-23 23:49:51 
2021-03-23 23:50:00 
2021-03-23 23:50:08 
2021-03-23 23:50:17 
2021-03-23 23:50:25 
2021-03-23 23:50:34 
2021-03-23 23:50:42 
2021-03-23 23:50:50 
2021-03-23 23:50:59 
2021-03-23 23:51:07 
2021-03-23 23:51:16 
2021-03-23 23:51:25 
2021-03-23 23:51:33 
2021-03-23 23:51:41 
2021-03-23 23:51:50 
2021-03-23 23:51:58 
2021-03-23 23:52:07 
2021-03-23 23:52:15 
2021-03-23 23:52:23 
2021-03-23 23:52:32 
2021-03-23 23:52:40 
2021-03-23 23:52:48 
2021-03-23 23:52:57 
2021-03-23 23:53:05 
2021-03-23 23:53:13 
2021-03-23 23:53:22 
2021-03-23 23:53:30 
2021-03-23 23:53:38 
2021-03-23 23:53:47 
2021-03-23 23:53:55 
2021-03-23 23:54:03 
2021-03-23 23:54:12 
2021-03-23 23:54:20 
2021-03-23 23:54:28 
2021-03-23 23:54:36 
2021-03-23 23:54:45 
2021-03-23 23:54:53 
2021-03-23 23:55:01 
2021-03-23 23:55:10 
2021-03-23 23:55:18 
2021-03-23 23:55:26 
2021-03-23 23:55:35 
2021-03-23 23:55:44 
2021-03-23 23:55:53 
2021-03-23 23:56:01 
2021-03-23 23:56:10 
2021-03-23 23:56:18 
2021-03-23 23:56:27 
2021-03-23 23:56:35 
2021-03-23 23:56:44 
2021-03-23 23:56:53 
2021-03-23 23:57:01 
2021-03-23 23:57:10 
2021-03-23 23:57:18 
2021-03-23 23:57:27 
2021-03-23 23:57:36 
2021-03-23 23:57:44 
2021-03-23 23:57:54 
2021-03-23 23:58:02 
2021-03-23 23:58:11 
2021-03-23 23:58:19 
2021-03-23 23:58:28 
2021-03-23 23:58:37 
2021-03-23 23:58:46 
2021-03-23 23:58:54 
2021-03-23 23:59:02 
2021-03-23 23:59:11 
2021-03-23 23:59:19 
2021-03-23 23:59:28 
2021-03-23 23:59:36 
2021-03-23 23:59:44 
2021-03-23 23:59:53 
2021-03-24 00:00:01 
2021-03-24 00:00:09 
2021-03-24 00:00:18 
2021-03-24 00:00:26 
2021-03-24 00:00:35 
2021-03-24 00:00:43 
2021-03-24 00:00:51 
2021-03-24 00:01:00 
2021-03-24 00:01:08 
2021-03-24 00:01:17 
2021-03-24 00:01:25 
2021-03-24 00:01:33 
2021-03-24 00:01:42 
2021-03-24 00:01:50 
2021-03-24 00:01:59 
2021-03-24 00:02:07 
2021-03-24 00:02:15 
2021-03-24 00:02:23 
2021-03-24 00:02:32 
2021-03-24 00:02:40 
2021-03-24 00:02:49 
2021-03-24 00:02:57 
2021-03-24 00:03:05 
2021-03-24 00:03:15 
2021-03-24 00:03:23 
2021-03-24 00:03:31 
2021-03-24 00:03:40 
2021-03-24 00:03:48 
2021-03-24 00:03:57 
2021-03-24 00:04:06 
2021-03-24 00:04:15 
2021-03-24 00:04:24 
2021-03-24 00:04:32 
2021-03-24 00:04:41 
2021-03-24 00:04:50 
2021-03-24 00:04:59 
2021-03-24 00:05:08 
2021-03-24 00:05:17 
2021-03-24 00:05:25 
2021-03-24 00:05:35 
2021-03-24 00:05:43 
2021-03-24 00:05:51 
2021-03-24 00:06:00 
2021-03-24 00:06:08 
2021-03-24 00:06:16 
2021-03-24 00:06:25 
2021-03-24 00:06:34 
2021-03-24 00:06:43 
2021-03-24 00:06:52 
2021-03-24 00:07:00 
2021-03-24 00:07:10 
2021-03-24 00:07:18 
2021-03-24 00:07:27 
2021-03-24 00:07:36 
2021-03-24 00:07:44 
2021-03-24 00:07:53 
2021-03-24 00:08:02 
2021-03-24 00:08:10 
2021-03-24 00:08:19 
2021-03-24 00:08:28 
2021-03-24 00:08:36 
2021-03-24 00:08:45 
2021-03-24 00:08:54 
2021-03-24 00:09:02 
2021-03-24 00:09:11 
2021-03-24 00:09:20 
2021-03-24 00:09:28 
2021-03-24 00:09:37 
2021-03-24 00:09:46 
2021-03-24 00:09:55 
2021-03-24 00:10:04 
2021-03-24 00:10:12 
2021-03-24 00:10:20 
2021-03-24 00:10:29 
2021-03-24 00:10:38 
2021-03-24 00:10:46 
2021-03-24 00:10:55 
2021-03-24 00:11:04 
2021-03-24 00:11:12 
2021-03-24 00:11:21 
2021-03-24 00:11:30 
2021-03-24 00:11:39 
2021-03-24 00:11:47 
2021-03-24 00:11:56 
2021-03-24 00:12:05 
2021-03-24 00:12:13 
2021-03-24 00:12:22 
2021-03-24 00:12:30 
2021-03-24 00:12:39 
2021-03-24 00:12:48 
2021-03-24 00:12:56 
2021-03-24 00:13:05 
2021-03-24 00:13:14 
2021-03-24 00:13:22 
2021-03-24 00:13:30 
2021-03-24 00:13:39 
2021-03-24 00:13:47 
2021-03-24 00:13:55 
2021-03-24 00:14:04 
2021-03-24 00:14:13 
2021-03-24 00:14:21 
2021-03-24 00:14:29 
2021-03-24 00:14:38 
2021-03-24 00:14:46 
2021-03-24 00:14:55 
2021-03-24 00:15:03 
2021-03-24 00:15:11 
2021-03-24 00:15:20 
2021-03-24 00:15:28 
2021-03-24 00:15:37 
2021-03-24 00:15:45 
2021-03-24 00:15:54 
2021-03-24 00:16:03 
2021-03-24 00:16:11 
2021-03-24 00:16:19 
2021-03-24 00:16:28 
2021-03-24 00:16:36 
2021-03-24 00:16:44 
2021-03-24 00:16:53 
2021-03-24 00:17:01 
2021-03-24 00:17:10 
2021-03-24 00:17:18 
2021-03-24 00:17:26 
2021-03-24 00:17:35 
2021-03-24 00:17:43 
2021-03-24 00:17:52 
2021-03-24 00:17:59 
2021-03-24 00:18:08 
2021-03-24 00:18:16 
2021-03-24 00:18:25 
2021-03-24 00:18:33 
2021-03-24 00:18:42 
2021-03-24 00:18:50 
2021-03-24 00:18:58 
2021-03-24 00:19:07 
2021-03-24 00:19:15 
2021-03-24 00:19:24 
2021-03-24 00:19:32 
2021-03-24 00:19:40 
2021-03-24 00:19:49 
2021-03-24 00:19:57 
2021-03-24 00:20:05 
2021-03-24 00:20:14 
2021-03-24 00:20:22 
2021-03-24 00:20:30 
2021-03-24 00:20:39 
2021-03-24 00:20:47 
2021-03-24 00:20:56 
2021-03-24 00:21:04 
2021-03-24 00:21:12 
2021-03-24 00:21:20 
2021-03-24 00:21:29 
2021-03-24 00:21:36 
2021-03-24 00:21:45 
2021-03-24 00:21:54 
2021-03-24 00:22:02 
2021-03-24 00:22:12 
2021-03-24 00:22:20 
2021-03-24 00:22:29 
2021-03-24 00:22:38 
2021-03-24 00:22:47 
2021-03-24 00:22:56 
2021-03-24 00:23:05 
2021-03-24 00:23:14 
2021-03-24 00:23:22 
2021-03-24 00:23:31 
2021-03-24 00:23:40 
2021-03-24 00:23:49 
2021-03-24 00:23:58 
2021-03-24 00:24:07 
2021-03-24 00:24:16 
2021-03-24 00:24:25 
2021-03-24 00:24:34 
2021-03-24 00:24:42 
2021-03-24 00:24:52 
2021-03-24 00:25:00 
2021-03-24 00:25:09 
2021-03-24 00:25:17 
2021-03-24 00:25:26 
2021-03-24 00:25:35 
2021-03-24 00:25:44 
2021-03-24 00:25:53 
2021-03-24 00:26:02 
2021-03-24 00:26:11 
2021-03-24 00:26:20 
2021-03-24 00:26:28 
2021-03-24 00:26:37 
2021-03-24 00:26:46 
2021-03-24 00:26:55 
2021-03-24 00:27:04 
2021-03-24 00:27:13 
2021-03-24 00:27:22 
2021-03-24 00:27:31 
2021-03-24 00:27:39 
2021-03-24 00:27:48 
2021-03-24 00:27:57 
2021-03-24 00:28:06 
2021-03-24 00:28:15 
2021-03-24 00:28:23 
2021-03-24 00:28:31 
2021-03-24 00:28:40 
2021-03-24 00:28:50 
2021-03-24 00:28:58 
2021-03-24 00:29:06 
2021-03-24 00:29:14 
2021-03-24 00:29:23 
2021-03-24 00:29:31 
2021-03-24 00:29:39 
2021-03-24 00:29:48 
2021-03-24 00:29:56 
2021-03-24 00:30:04 
2021-03-24 00:30:13 
2021-03-24 00:30:21 
2021-03-24 00:30:29 
2021-03-24 00:30:38 
2021-03-24 00:30:46 
2021-03-24 00:30:54 
2021-03-24 00:31:03 
2021-03-24 00:31:12 
2021-03-24 00:31:20 
2021-03-24 00:31:29 
2021-03-24 00:31:37 
2021-03-24 00:31:46 
2021-03-24 00:31:54 
2021-03-24 00:32:03 
2021-03-24 00:32:11 
2021-03-24 00:32:20 
2021-03-24 00:32:28 
2021-03-24 00:32:37 
2021-03-24 00:32:45 
2021-03-24 00:32:54 
2021-03-24 00:33:02 
2021-03-24 00:33:11 
2021-03-24 00:33:19 
2021-03-24 00:33:27 
2021-03-24 00:33:36 
2021-03-24 00:33:45 
2021-03-24 00:33:53 
2021-03-24 00:34:01 
2021-03-24 00:34:10 
2021-03-24 00:34:18 
2021-03-24 00:34:27 
2021-03-24 00:34:35 
2021-03-24 00:34:44 
2021-03-24 00:34:53 
2021-03-24 00:35:01 
2021-03-24 00:35:10 
2021-03-24 00:35:19 
2021-03-24 00:35:27 
2021-03-24 00:35:35 
2021-03-24 00:35:43 
2021-03-24 00:35:52 
2021-03-24 00:36:00 
2021-03-24 00:36:08 
2021-03-24 00:36:16 
2021-03-24 00:36:25 
2021-03-24 00:36:33 
2021-03-24 00:36:41 
2021-03-24 00:36:49 
2021-03-24 00:36:57 
2021-03-24 00:37:05 
2021-03-24 00:37:14 
2021-03-24 00:37:21 
2021-03-24 00:37:30 
2021-03-24 00:37:38 
2021-03-24 00:37:47 
2021-03-24 00:37:55 
2021-03-24 00:38:04 
2021-03-24 00:38:12 
2021-03-24 00:38:21 
2021-03-24 00:38:29 
2021-03-24 00:38:39 
2021-03-24 00:38:47 
2021-03-24 00:38:56 
2021-03-24 00:39:05 
2021-03-24 00:39:14 
2021-03-24 00:39:22 
2021-03-24 00:39:31 
2021-03-24 00:39:39 
2021-03-24 00:39:49 
2021-03-24 00:39:57 
2021-03-24 00:40:06 
2021-03-24 00:40:15 
2021-03-24 00:40:23 
2021-03-24 00:40:32 
2021-03-24 00:40:40 
2021-03-24 00:40:50 
2021-03-24 00:40:58 
2021-03-24 00:41:07 
2021-03-24 00:41:16 
2021-03-24 00:41:25 
2021-03-24 00:41:33 
2021-03-24 00:41:42 
2021-03-24 00:41:51 
2021-03-24 00:42:00 
2021-03-24 00:42:08 
2021-03-24 00:42:17 
2021-03-24 00:42:26 
2021-03-24 00:42:35 
2021-03-24 00:42:43 
2021-03-24 00:42:53 
2021-03-24 00:43:01 
2021-03-24 00:43:10 
2021-03-24 00:43:18 
2021-03-24 00:43:27 
2021-03-24 00:43:36 
2021-03-24 00:43:44 
2021-03-24 00:43:54 
2021-03-24 00:44:02 
2021-03-24 00:44:11 
2021-03-24 00:44:20 
2021-03-24 00:44:28 
2021-03-24 00:44:37 
2021-03-24 00:44:45 
2021-03-24 00:44:55 
2021-03-24 00:45:03 
2021-03-24 00:45:12 
2021-03-24 00:45:20 
2021-03-24 00:45:29 
2021-03-24 00:45:38 
2021-03-24 00:45:46 
2021-03-24 00:45:56 
2021-03-24 00:46:04 
2021-03-24 00:46:13 
2021-03-24 00:46:22 
2021-03-24 00:46:30 
2021-03-24 00:46:39 
2021-03-24 00:46:47 
2021-03-24 00:46:57 
2021-03-24 00:47:06 
2021-03-24 00:47:14 
2021-03-24 00:47:23 
2021-03-24 00:47:32 
2021-03-24 00:47:40 
2021-03-24 00:47:49 
2021-03-24 00:47:58 
2021-03-24 00:48:07 
2021-03-24 00:48:16 
2021-03-24 00:48:24 
2021-03-24 00:48:32 
2021-03-24 00:48:40 
2021-03-24 00:48:48 
2021-03-24 00:48:57 
2021-03-24 00:49:05 
2021-03-24 00:49:13 
2021-03-24 00:49:22 
2021-03-24 00:49:30 
2021-03-24 00:49:39 
2021-03-24 00:49:47 
2021-03-24 00:49:56 
2021-03-24 00:50:05 
2021-03-24 00:50:13 
2021-03-24 00:50:22 
2021-03-24 00:50:31 
2021-03-24 00:50:39 
2021-03-24 00:50:48 
2021-03-24 00:50:57 
2021-03-24 00:51:05 
2021-03-24 00:51:14 
2021-03-24 00:51:22 
2021-03-24 00:51:31 
2021-03-24 00:51:40 
2021-03-24 00:51:48 
2021-03-24 00:51:57 
2021-03-24 00:52:06 
2021-03-24 00:52:14 
2021-03-24 00:52:23 
2021-03-24 00:52:32 
2021-03-24 00:52:40 
2021-03-24 00:52:49 
2021-03-24 00:52:58 
2021-03-24 00:53:06 
2021-03-24 00:53:15 
2021-03-24 00:53:24 
2021-03-24 00:53:32 
2021-03-24 00:53:41 
2021-03-24 00:53:49 
2021-03-24 00:53:58 
2021-03-24 00:54:07 
2021-03-24 00:54:15 
2021-03-24 00:54:24 
2021-03-24 00:54:32 
2021-03-24 00:54:41 
2021-03-24 00:54:50 
2021-03-24 00:54:58 
2021-03-24 00:55:07 
2021-03-24 00:55:16 
2021-03-24 00:55:24 
2021-03-24 00:55:33 
2021-03-24 00:55:41 
2021-03-24 00:55:50 
2021-03-24 00:55:58 
2021-03-24 00:56:07 
2021-03-24 00:56:16 
2021-03-24 00:56:25 
2021-03-24 00:56:33 
2021-03-24 00:56:42 
2021-03-24 00:56:51 
2021-03-24 00:56:59 
2021-03-24 00:57:08 
2021-03-24 00:57:18 
2021-03-24 00:57:26 
2021-03-24 00:57:35 
2021-03-24 00:57:43 
2021-03-24 00:57:52 
2021-03-24 00:58:01 
2021-03-24 00:58:09 
2021-03-24 00:58:18 
2021-03-24 00:58:27 
2021-03-24 00:58:35 
2021-03-24 00:58:44 
2021-03-24 00:58:53 
2021-03-24 00:59:01 
2021-03-24 00:59:10 
2021-03-24 00:59:19 
2021-03-24 00:59:27 
2021-03-24 00:59:36 
2021-03-24 00:59:45 
2021-03-24 00:59:53 
2021-03-24 01:00:02 
2021-03-24 01:00:10 
2021-03-24 01:00:19 
2021-03-24 01:00:28 
2021-03-24 01:00:36 
2021-03-24 01:00:46 
2021-03-24 01:00:54 
2021-03-24 01:01:03 
2021-03-24 01:01:12 
2021-03-24 01:01:21 
2021-03-24 01:01:29 
2021-03-24 01:01:38 
2021-03-24 01:01:46 
2021-03-24 01:01:55 
2021-03-24 01:02:04 
2021-03-24 01:02:12 
2021-03-24 01:02:21 
2021-03-24 01:02:29 
2021-03-24 01:02:38 
2021-03-24 01:02:46 
2021-03-24 01:02:55 
2021-03-24 01:03:04 
2021-03-24 01:03:13 
2021-03-24 01:03:21 
2021-03-24 01:03:30 
2021-03-24 01:03:38 
2021-03-24 01:03:47 
2021-03-24 01:03:55 
2021-03-24 01:04:04 
2021-03-24 01:04:13 
2021-03-24 01:04:21 
2021-03-24 01:04:30 
2021-03-24 01:04:39 
2021-03-24 01:04:48 
2021-03-24 01:04:57 
2021-03-24 01:05:05 
2021-03-24 01:05:14 
2021-03-24 01:05:22 
2021-03-24 01:05:31 
2021-03-24 01:05:39 
2021-03-24 01:05:48 
2021-03-24 01:05:57 
2021-03-24 01:06:05 
2021-03-24 01:06:14 
2021-03-24 01:06:23 
2021-03-24 01:06:32 
2021-03-24 01:06:41 
2021-03-24 01:06:49 
2021-03-24 01:06:58 
2021-03-24 01:07:07 
2021-03-24 01:07:15 
2021-03-24 01:07:24 
2021-03-24 01:07:33 
2021-03-24 01:07:41 
2021-03-24 01:07:50 
2021-03-24 01:07:59 
2021-03-24 01:08:07 
2021-03-24 01:08:16 
2021-03-24 01:08:25 
2021-03-24 01:08:33 
2021-03-24 01:08:42 
2021-03-24 01:08:50 
2021-03-24 01:08:59 
2021-03-24 01:09:08 
2021-03-24 01:09:16 
2021-03-24 01:09:25 
2021-03-24 01:09:34 
2021-03-24 01:09:42 
2021-03-24 01:09:51 
2021-03-24 01:10:00 
2021-03-24 01:10:09 
2021-03-24 01:10:18 
2021-03-24 01:10:26 
2021-03-24 01:10:35 
2021-03-24 01:10:44 
2021-03-24 01:10:53 
2021-03-24 01:11:01 
2021-03-24 01:11:10 
2021-03-24 01:11:18 
2021-03-24 01:11:27 
2021-03-24 01:11:36 
2021-03-24 01:11:44 
2021-03-24 01:11:53 
2021-03-24 01:12:01 
2021-03-24 01:12:10 
2021-03-24 01:12:19 
2021-03-24 01:12:27 
2021-03-24 01:12:36 
2021-03-24 01:12:44 
2021-03-24 01:12:53 
2021-03-24 01:13:02 
2021-03-24 01:13:10 
2021-03-24 01:13:19 
2021-03-24 01:13:27 
2021-03-24 01:13:37 
2021-03-24 01:13:45 
2021-03-24 01:13:54 
2021-03-24 01:14:02 
2021-03-24 01:14:11 
2021-03-24 01:14:20 
2021-03-24 01:14:28 
2021-03-24 01:14:37 
2021-03-24 01:14:46 
2021-03-24 01:14:54 
2021-03-24 01:15:03 
2021-03-24 01:15:11 
2021-03-24 01:15:20 
2021-03-24 01:15:29 
2021-03-24 01:15:37 
2021-03-24 01:15:46 
2021-03-24 01:15:55 
2021-03-24 01:16:03 
2021-03-24 01:16:11 
2021-03-24 01:16:20 
2021-03-24 01:16:29 
2021-03-24 01:16:38 
2021-03-24 01:16:47 
2021-03-24 01:16:55 
2021-03-24 01:17:04 
2021-03-24 01:17:12 
2021-03-24 01:17:21 
2021-03-24 01:17:29 
2021-03-24 01:17:38 
2021-03-24 01:17:47 
2021-03-24 01:17:56 
2021-03-24 01:18:04 
2021-03-24 01:18:13 
2021-03-24 01:18:22 
2021-03-24 01:18:30 
2021-03-24 01:18:39 
2021-03-24 01:18:48 
2021-03-24 01:18:56 
2021-03-24 01:19:05 
2021-03-24 01:19:14 
2021-03-24 01:19:23 
2021-03-24 01:19:32 
2021-03-24 01:19:40 
2021-03-24 01:19:49 
2021-03-24 01:19:57 
2021-03-24 01:20:07 
2021-03-24 01:20:15 
2021-03-24 01:20:24 
2021-03-24 01:20:33 
2021-03-24 01:20:42 
2021-03-24 01:20:50 
2021-03-24 01:20:59 
2021-03-24 01:21:07 
2021-03-24 01:21:16 
2021-03-24 01:21:25 
2021-03-24 01:21:33 
2021-03-24 01:21:42 
2021-03-24 01:21:51 
2021-03-24 01:22:00 
2021-03-24 01:22:08 
2021-03-24 01:22:17 
2021-03-24 01:22:26 
2021-03-24 01:22:35 
2021-03-24 01:22:44 
2021-03-24 01:22:53 
2021-03-24 01:23:01 
2021-03-24 01:23:09 
2021-03-24 01:23:18 
2021-03-24 01:23:27 
2021-03-24 01:23:36 
2021-03-24 01:23:44 
2021-03-24 01:23:53 
2021-03-24 01:24:01 
2021-03-24 01:24:10 
2021-03-24 01:24:19 
2021-03-24 01:24:28 
2021-03-24 01:24:36 
2021-03-24 01:24:45 
2021-03-24 01:24:53 
2021-03-24 01:25:02 
2021-03-24 01:25:10 
2021-03-24 01:25:19 
2021-03-24 01:25:27 
2021-03-24 01:25:36 
2021-03-24 01:25:45 
2021-03-24 01:25:53 
2021-03-24 01:26:02 
2021-03-24 01:26:11 
2021-03-24 01:26:19 
2021-03-24 01:26:28 
2021-03-24 01:26:37 
2021-03-24 01:26:45 
2021-03-24 01:26:54 
2021-03-24 01:27:03 
2021-03-24 01:27:12 
2021-03-24 01:27:21 
2021-03-24 01:27:29 
2021-03-24 01:27:37 
2021-03-24 01:27:46 
2021-03-24 01:27:55 
2021-03-24 01:28:03 
2021-03-24 01:28:12 
2021-03-24 01:28:20 
2021-03-24 01:28:29 
2021-03-24 01:28:38 
2021-03-24 01:28:46 
2021-03-24 01:28:55 
2021-03-24 01:29:03 
2021-03-24 01:29:12 
2021-03-24 01:29:21 
2021-03-24 01:29:29 
2021-03-24 01:29:38 
2021-03-24 01:29:47 
2021-03-24 01:29:55 
2021-03-24 01:30:04 
2021-03-24 01:30:12 
2021-03-24 01:30:21 
2021-03-24 01:30:30 
2021-03-24 01:30:39 
2021-03-24 01:30:47 
2021-03-24 01:30:56 
2021-03-24 01:31:05 
2021-03-24 01:31:13 
2021-03-24 01:31:22 
2021-03-24 01:31:30 
2021-03-24 01:31:39 
2021-03-24 01:31:48 
2021-03-24 01:31:56 
Reached maxIter without converging.
Predicting on val...
Predicting on test...
