ID =  2 
[[1]]
[[1]]$value
function (rsl, n, outputClassifiers = TRUE, outputLabels = TRUE, 
    outputRules = TRUE) 
{
    rsl <- .compile(rsl)
    data <- gRain::simulate.grain(rsl$compiledNet, n)
    outputVars <- character(0)
    if (outputClassifiers) 
        outputVars <- c(outputVars, .getAllClassifiers(rsl))
    if (outputLabels) 
        outputVars <- c(outputVars, .getAllLabelNodes(rsl))
    if (outputRules) 
        outputVars <- c(outputVars, .getAllRules(rsl))
    data <- data[, outputVars]
    data <- .colnamesIDtoNames(rsl, data)
    data[] <- lapply(data, as.character)
    return(data)
}

[[1]]$visible
[1] FALSE


[[2]]
[[2]]$value
function (rsl, n, outputClassifiers = TRUE, outputLabels = TRUE, 
    outputRules = TRUE) 
{
    rsl <- .compile(rsl)
    data <- gRain::simulate.grain(rsl$compiledNet, n)
    outputVars <- character(0)
    if (outputClassifiers) 
        outputVars <- c(outputVars, .getAllClassifiers(rsl))
    if (outputLabels) 
        outputVars <- c(outputVars, .getAllLabelNodes(rsl))
    if (outputRules) 
        outputVars <- c(outputVars, .getAllRules(rsl))
    data <- data[, outputVars]
    data <- .colnamesIDtoNames(rsl, data)
    data[] <- lapply(data, as.character)
    return(data)
}

[[2]]$visible
[1] FALSE


[[3]]
[[3]]$value
function (rsl, n, outputClassifiers = TRUE, outputLabels = TRUE, 
    outputRules = TRUE) 
{
    rsl <- .compile(rsl)
    data <- gRain::simulate.grain(rsl$compiledNet, n)
    outputVars <- character(0)
    if (outputClassifiers) 
        outputVars <- c(outputVars, .getAllClassifiers(rsl))
    if (outputLabels) 
        outputVars <- c(outputVars, .getAllLabelNodes(rsl))
    if (outputRules) 
        outputVars <- c(outputVars, .getAllRules(rsl))
    data <- data[, outputVars]
    data <- .colnamesIDtoNames(rsl, data)
    data[] <- lapply(data, as.character)
    return(data)
}

[[3]]$visible
[1] FALSE


[[4]]
[[4]]$value
function (rsl, n, outputClassifiers = TRUE, outputLabels = TRUE, 
    outputRules = TRUE) 
{
    rsl <- .compile(rsl)
    data <- gRain::simulate.grain(rsl$compiledNet, n)
    outputVars <- character(0)
    if (outputClassifiers) 
        outputVars <- c(outputVars, .getAllClassifiers(rsl))
    if (outputLabels) 
        outputVars <- c(outputVars, .getAllLabelNodes(rsl))
    if (outputRules) 
        outputVars <- c(outputVars, .getAllRules(rsl))
    data <- data[, outputVars]
    data <- .colnamesIDtoNames(rsl, data)
    data[] <- lapply(data, as.character)
    return(data)
}

[[4]]$visible
[1] FALSE


[[5]]
[[5]]$value
function (rsl, n, outputClassifiers = TRUE, outputLabels = TRUE, 
    outputRules = TRUE) 
{
    rsl <- .compile(rsl)
    data <- gRain::simulate.grain(rsl$compiledNet, n)
    outputVars <- character(0)
    if (outputClassifiers) 
        outputVars <- c(outputVars, .getAllClassifiers(rsl))
    if (outputLabels) 
        outputVars <- c(outputVars, .getAllLabelNodes(rsl))
    if (outputRules) 
        outputVars <- c(outputVars, .getAllRules(rsl))
    data <- data[, outputVars]
    data <- .colnamesIDtoNames(rsl, data)
    data[] <- lapply(data, as.character)
    return(data)
}

[[5]]$visible
[1] FALSE


[[6]]
[[6]]$value
function (rsl, n, outputClassifiers = TRUE, outputLabels = TRUE, 
    outputRules = TRUE) 
{
    rsl <- .compile(rsl)
    data <- gRain::simulate.grain(rsl$compiledNet, n)
    outputVars <- character(0)
    if (outputClassifiers) 
        outputVars <- c(outputVars, .getAllClassifiers(rsl))
    if (outputLabels) 
        outputVars <- c(outputVars, .getAllLabelNodes(rsl))
    if (outputRules) 
        outputVars <- c(outputVars, .getAllRules(rsl))
    data <- data[, outputVars]
    data <- .colnamesIDtoNames(rsl, data)
    data[] <- lapply(data, as.character)
    return(data)
}

[[6]]$visible
[1] FALSE


[[7]]
[[7]]$value
function (rsl, n, outputClassifiers = TRUE, outputLabels = TRUE, 
    outputRules = TRUE) 
{
    rsl <- .compile(rsl)
    data <- gRain::simulate.grain(rsl$compiledNet, n)
    outputVars <- character(0)
    if (outputClassifiers) 
        outputVars <- c(outputVars, .getAllClassifiers(rsl))
    if (outputLabels) 
        outputVars <- c(outputVars, .getAllLabelNodes(rsl))
    if (outputRules) 
        outputVars <- c(outputVars, .getAllRules(rsl))
    data <- data[, outputVars]
    data <- .colnamesIDtoNames(rsl, data)
    data[] <- lapply(data, as.character)
    return(data)
}

[[7]]$visible
[1] FALSE


[[8]]
[[8]]$value
function (rsl, n, outputClassifiers = TRUE, outputLabels = TRUE, 
    outputRules = TRUE) 
{
    rsl <- .compile(rsl)
    data <- gRain::simulate.grain(rsl$compiledNet, n)
    outputVars <- character(0)
    if (outputClassifiers) 
        outputVars <- c(outputVars, .getAllClassifiers(rsl))
    if (outputLabels) 
        outputVars <- c(outputVars, .getAllLabelNodes(rsl))
    if (outputRules) 
        outputVars <- c(outputVars, .getAllRules(rsl))
    data <- data[, outputVars]
    data <- .colnamesIDtoNames(rsl, data)
    data[] <- lapply(data, as.character)
    return(data)
}

[[8]]$visible
[1] FALSE


[[9]]
[[9]]$value
function (rsl, n, outputClassifiers = TRUE, outputLabels = TRUE, 
    outputRules = TRUE) 
{
    rsl <- .compile(rsl)
    data <- gRain::simulate.grain(rsl$compiledNet, n)
    outputVars <- character(0)
    if (outputClassifiers) 
        outputVars <- c(outputVars, .getAllClassifiers(rsl))
    if (outputLabels) 
        outputVars <- c(outputVars, .getAllLabelNodes(rsl))
    if (outputRules) 
        outputVars <- c(outputVars, .getAllRules(rsl))
    data <- data[, outputVars]
    data <- .colnamesIDtoNames(rsl, data)
    data[] <- lapply(data, as.character)
    return(data)
}

[[9]]$visible
[1] FALSE


[[10]]
[[10]]$value
function (rsl, n, outputClassifiers = TRUE, outputLabels = TRUE, 
    outputRules = TRUE) 
{
    rsl <- .compile(rsl)
    data <- gRain::simulate.grain(rsl$compiledNet, n)
    outputVars <- character(0)
    if (outputClassifiers) 
        outputVars <- c(outputVars, .getAllClassifiers(rsl))
    if (outputLabels) 
        outputVars <- c(outputVars, .getAllLabelNodes(rsl))
    if (outputRules) 
        outputVars <- c(outputVars, .getAllRules(rsl))
    data <- data[, outputVars]
    data <- .colnamesIDtoNames(rsl, data)
    data[] <- lapply(data, as.character)
    return(data)
}

[[10]]$visible
[1] FALSE


Preprocessing data...
Learning...
Loading required namespace: gRain
2021-03-23 23:14:46 
2021-03-23 23:15:01 
2021-03-23 23:15:15 
2021-03-23 23:15:31 
2021-03-23 23:15:45 
2021-03-23 23:16:00 
2021-03-23 23:16:14 
2021-03-23 23:16:31 
2021-03-23 23:16:45 
2021-03-23 23:17:00 
2021-03-23 23:17:14 
2021-03-23 23:17:30 
2021-03-23 23:17:45 
2021-03-23 23:17:59 
2021-03-23 23:18:16 
2021-03-23 23:18:40 
2021-03-23 23:18:54 
2021-03-23 23:19:08 
2021-03-23 23:19:23 
2021-03-23 23:19:38 
2021-03-23 23:19:52 
2021-03-23 23:20:07 
2021-03-23 23:20:21 
2021-03-23 23:20:35 
2021-03-23 23:20:50 
2021-03-23 23:21:04 
2021-03-23 23:21:19 
2021-03-23 23:21:36 
2021-03-23 23:21:55 
2021-03-23 23:22:12 
2021-03-23 23:22:30 
2021-03-23 23:22:48 
2021-03-23 23:23:06 
2021-03-23 23:23:23 
2021-03-23 23:23:40 
2021-03-23 23:23:58 
2021-03-23 23:24:16 
2021-03-23 23:24:34 
2021-03-23 23:24:53 
2021-03-23 23:25:13 
2021-03-23 23:25:31 
2021-03-23 23:25:49 
2021-03-23 23:26:06 
2021-03-23 23:26:27 
2021-03-23 23:26:44 
2021-03-23 23:27:04 
2021-03-23 23:27:22 
2021-03-23 23:27:43 
2021-03-23 23:28:00 
2021-03-23 23:28:18 
2021-03-23 23:28:38 
2021-03-23 23:28:57 
2021-03-23 23:29:15 
2021-03-23 23:29:32 
2021-03-23 23:29:50 
2021-03-23 23:30:09 
2021-03-23 23:30:27 
2021-03-23 23:30:46 
2021-03-23 23:31:04 
2021-03-23 23:31:24 
2021-03-23 23:31:43 
2021-03-23 23:32:02 
2021-03-23 23:32:22 
2021-03-23 23:32:44 
2021-03-23 23:33:04 
2021-03-23 23:33:23 
2021-03-23 23:33:45 
2021-03-23 23:34:05 
2021-03-23 23:34:23 
2021-03-23 23:34:46 
2021-03-23 23:35:05 
2021-03-23 23:35:25 
2021-03-23 23:35:45 
2021-03-23 23:36:07 
2021-03-23 23:36:28 
2021-03-23 23:36:49 
2021-03-23 23:37:10 
2021-03-23 23:37:31 
2021-03-23 23:37:51 
2021-03-23 23:38:12 
2021-03-23 23:38:35 
2021-03-23 23:38:57 
2021-03-23 23:39:17 
2021-03-23 23:39:38 
2021-03-23 23:40:00 
2021-03-23 23:40:22 
2021-03-23 23:40:42 
2021-03-23 23:41:03 
2021-03-23 23:41:22 
2021-03-23 23:41:41 
2021-03-23 23:42:00 
2021-03-23 23:42:22 
2021-03-23 23:42:44 
2021-03-23 23:43:04 
2021-03-23 23:43:24 
2021-03-23 23:43:44 
2021-03-23 23:44:05 
2021-03-23 23:44:26 
2021-03-23 23:44:47 
2021-03-23 23:45:08 
2021-03-23 23:45:28 
2021-03-23 23:45:48 
2021-03-23 23:46:10 
2021-03-23 23:46:31 
2021-03-23 23:46:54 
2021-03-23 23:47:17 
2021-03-23 23:47:37 
2021-03-23 23:47:57 
2021-03-23 23:48:18 
2021-03-23 23:48:38 
2021-03-23 23:48:59 
2021-03-23 23:49:20 
2021-03-23 23:49:44 
2021-03-23 23:50:09 
2021-03-23 23:50:32 
2021-03-23 23:50:57 
2021-03-23 23:51:22 
2021-03-23 23:51:47 
2021-03-23 23:52:11 
2021-03-23 23:52:35 
2021-03-23 23:52:59 
2021-03-23 23:53:23 
2021-03-23 23:53:48 
2021-03-23 23:54:13 
2021-03-23 23:54:38 
2021-03-23 23:55:03 
2021-03-23 23:55:31 
2021-03-23 23:55:59 
2021-03-23 23:56:24 
2021-03-23 23:56:50 
2021-03-23 23:57:16 
2021-03-23 23:57:42 
2021-03-23 23:58:07 
2021-03-23 23:58:34 
2021-03-23 23:59:00 
2021-03-23 23:59:27 
2021-03-23 23:59:53 
2021-03-24 00:00:21 
2021-03-24 00:00:47 
2021-03-24 00:01:12 
2021-03-24 00:01:40 
2021-03-24 00:02:05 
2021-03-24 00:02:34 
2021-03-24 00:02:59 
2021-03-24 00:03:27 
2021-03-24 00:03:53 
2021-03-24 00:04:18 
2021-03-24 00:04:45 
2021-03-24 00:05:11 
2021-03-24 00:05:37 
2021-03-24 00:06:02 
2021-03-24 00:06:27 
2021-03-24 00:06:55 
2021-03-24 00:07:22 
2021-03-24 00:07:47 
2021-03-24 00:08:15 
2021-03-24 00:08:44 
2021-03-24 00:09:11 
2021-03-24 00:09:40 
2021-03-24 00:10:05 
2021-03-24 00:10:36 
2021-03-24 00:11:04 
2021-03-24 00:11:32 
2021-03-24 00:11:59 
2021-03-24 00:12:26 
2021-03-24 00:12:57 
2021-03-24 00:13:24 
2021-03-24 00:13:54 
2021-03-24 00:14:20 
2021-03-24 00:14:47 
2021-03-24 00:15:13 
2021-03-24 00:15:38 
2021-03-24 00:16:03 
2021-03-24 00:16:30 
2021-03-24 00:16:56 
2021-03-24 00:17:26 
2021-03-24 00:17:51 
2021-03-24 00:18:16 
2021-03-24 00:18:45 
2021-03-24 00:19:14 
2021-03-24 00:19:41 
2021-03-24 00:20:07 
2021-03-24 00:20:34 
2021-03-24 00:21:04 
2021-03-24 00:21:34 
2021-03-24 00:22:03 
2021-03-24 00:22:30 
2021-03-24 00:22:59 
2021-03-24 00:23:33 
2021-03-24 00:24:00 
2021-03-24 00:24:30 
2021-03-24 00:24:57 
2021-03-24 00:25:25 
2021-03-24 00:25:53 
2021-03-24 00:26:20 
2021-03-24 00:26:48 
2021-03-24 00:27:19 
2021-03-24 00:27:46 
2021-03-24 00:28:16 
2021-03-24 00:28:46 
2021-03-24 00:29:16 
2021-03-24 00:29:45 
2021-03-24 00:30:15 
2021-03-24 00:30:44 
2021-03-24 00:31:13 
2021-03-24 00:31:43 
2021-03-24 00:32:14 
2021-03-24 00:32:42 
2021-03-24 00:33:12 
2021-03-24 00:33:40 
2021-03-24 00:34:07 
2021-03-24 00:34:34 
2021-03-24 00:35:02 
2021-03-24 00:35:30 
2021-03-24 00:35:56 
2021-03-24 00:36:24 
2021-03-24 00:36:49 
2021-03-24 00:37:15 
2021-03-24 00:37:42 
2021-03-24 00:38:10 
2021-03-24 00:38:40 
2021-03-24 00:39:08 
2021-03-24 00:39:36 
2021-03-24 00:40:03 
2021-03-24 00:40:30 
2021-03-24 00:40:58 
2021-03-24 00:41:26 
2021-03-24 00:41:52 
2021-03-24 00:42:19 
2021-03-24 00:42:45 
2021-03-24 00:43:14 
2021-03-24 00:43:40 
2021-03-24 00:44:10 
2021-03-24 00:44:40 
2021-03-24 00:45:07 
2021-03-24 00:45:36 
2021-03-24 00:46:07 
2021-03-24 00:46:36 
2021-03-24 00:47:07 
2021-03-24 00:47:37 
2021-03-24 00:48:06 
2021-03-24 00:48:35 
2021-03-24 00:49:05 
2021-03-24 00:49:34 
2021-03-24 00:50:06 
2021-03-24 00:50:35 
2021-03-24 00:51:05 
2021-03-24 00:51:34 
2021-03-24 00:52:05 
2021-03-24 00:52:33 
2021-03-24 00:53:04 
2021-03-24 00:53:33 
2021-03-24 00:54:03 
2021-03-24 00:54:35 
2021-03-24 00:55:08 
2021-03-24 00:55:40 
2021-03-24 00:56:10 
2021-03-24 00:56:37 
2021-03-24 00:57:06 
2021-03-24 00:57:34 
2021-03-24 00:58:04 
2021-03-24 00:58:32 
2021-03-24 00:59:01 
2021-03-24 00:59:29 
2021-03-24 01:00:00 
2021-03-24 01:00:28 
2021-03-24 01:00:57 
2021-03-24 01:01:23 
2021-03-24 01:01:52 
2021-03-24 01:02:21 
2021-03-24 01:02:52 
2021-03-24 01:03:20 
2021-03-24 01:03:48 
2021-03-24 01:04:17 
2021-03-24 01:04:47 
2021-03-24 01:05:15 
2021-03-24 01:05:41 
2021-03-24 01:06:10 
2021-03-24 01:06:40 
2021-03-24 01:07:10 
2021-03-24 01:07:38 
2021-03-24 01:08:06 
2021-03-24 01:08:34 
2021-03-24 01:09:00 
2021-03-24 01:09:27 
2021-03-24 01:09:57 
2021-03-24 01:10:25 
2021-03-24 01:10:51 
2021-03-24 01:11:18 
2021-03-24 01:11:47 
2021-03-24 01:12:15 
2021-03-24 01:12:42 
2021-03-24 01:13:09 
2021-03-24 01:13:37 
2021-03-24 01:14:04 
2021-03-24 01:14:33 
2021-03-24 01:15:00 
2021-03-24 01:15:29 
2021-03-24 01:15:58 
2021-03-24 01:16:26 
2021-03-24 01:16:56 
2021-03-24 01:17:25 
2021-03-24 01:17:55 
2021-03-24 01:18:24 
2021-03-24 01:18:50 
2021-03-24 01:19:19 
2021-03-24 01:19:47 
2021-03-24 01:20:15 
2021-03-24 01:20:42 
2021-03-24 01:21:11 
2021-03-24 01:21:40 
2021-03-24 01:22:06 
2021-03-24 01:22:37 
2021-03-24 01:23:06 
2021-03-24 01:23:37 
2021-03-24 01:24:05 
2021-03-24 01:24:35 
2021-03-24 01:25:04 
2021-03-24 01:25:34 
2021-03-24 01:26:04 
2021-03-24 01:26:32 
2021-03-24 01:26:59 
2021-03-24 01:27:26 
2021-03-24 01:27:54 
2021-03-24 01:28:25 
2021-03-24 01:28:55 
2021-03-24 01:29:23 
2021-03-24 01:29:51 
2021-03-24 01:30:20 
2021-03-24 01:30:48 
2021-03-24 01:31:16 
2021-03-24 01:31:45 
2021-03-24 01:32:14 
2021-03-24 01:32:45 
2021-03-24 01:33:14 
2021-03-24 01:33:44 
2021-03-24 01:34:14 
2021-03-24 01:34:42 
2021-03-24 01:35:09 
2021-03-24 01:35:39 
2021-03-24 01:36:08 
2021-03-24 01:36:40 
2021-03-24 01:37:09 
2021-03-24 01:37:39 
2021-03-24 01:38:06 
2021-03-24 01:38:35 
2021-03-24 01:39:04 
2021-03-24 01:39:35 
2021-03-24 01:40:04 
2021-03-24 01:40:33 
2021-03-24 01:41:02 
2021-03-24 01:41:29 
2021-03-24 01:41:58 
2021-03-24 01:42:26 
2021-03-24 01:42:59 
2021-03-24 01:43:30 
2021-03-24 01:44:00 
2021-03-24 01:44:31 
2021-03-24 01:45:00 
2021-03-24 01:45:32 
2021-03-24 01:46:04 
2021-03-24 01:46:32 
2021-03-24 01:47:02 
2021-03-24 01:47:31 
2021-03-24 01:47:59 
2021-03-24 01:48:29 
2021-03-24 01:48:59 
2021-03-24 01:49:30 
2021-03-24 01:50:01 
2021-03-24 01:50:32 
2021-03-24 01:51:04 
2021-03-24 01:51:34 
2021-03-24 01:52:04 
2021-03-24 01:52:34 
2021-03-24 01:53:04 
2021-03-24 01:53:34 
2021-03-24 01:54:03 
2021-03-24 01:54:35 
2021-03-24 01:55:05 
2021-03-24 01:55:34 
2021-03-24 01:56:06 
2021-03-24 01:56:35 
2021-03-24 01:57:06 
2021-03-24 01:57:35 
2021-03-24 01:58:04 
2021-03-24 01:58:32 
2021-03-24 01:59:01 
2021-03-24 01:59:33 
2021-03-24 02:00:02 
2021-03-24 02:00:33 
2021-03-24 02:01:02 
2021-03-24 02:01:35 
2021-03-24 02:02:04 
2021-03-24 02:02:35 
2021-03-24 02:03:04 
2021-03-24 02:03:35 
2021-03-24 02:04:04 
2021-03-24 02:04:33 
2021-03-24 02:05:03 
2021-03-24 02:05:32 
2021-03-24 02:06:00 
2021-03-24 02:06:30 
2021-03-24 02:06:58 
2021-03-24 02:07:28 
2021-03-24 02:07:59 
2021-03-24 02:08:28 
2021-03-24 02:08:58 
2021-03-24 02:09:28 
2021-03-24 02:09:57 
2021-03-24 02:10:26 
2021-03-24 02:10:55 
2021-03-24 02:11:24 
2021-03-24 02:11:55 
2021-03-24 02:12:24 
2021-03-24 02:12:52 
2021-03-24 02:13:23 
2021-03-24 02:13:53 
2021-03-24 02:14:23 
2021-03-24 02:14:54 
2021-03-24 02:15:22 
2021-03-24 02:15:50 
2021-03-24 02:16:20 
2021-03-24 02:16:48 
2021-03-24 02:17:16 
2021-03-24 02:17:47 
2021-03-24 02:18:17 
2021-03-24 02:18:46 
2021-03-24 02:19:16 
2021-03-24 02:19:45 
2021-03-24 02:20:14 
2021-03-24 02:20:42 
2021-03-24 02:21:11 
2021-03-24 02:21:41 
2021-03-24 02:22:09 
2021-03-24 02:22:39 
2021-03-24 02:23:09 
2021-03-24 02:23:40 
2021-03-24 02:24:07 
2021-03-24 02:24:39 
2021-03-24 02:25:07 
2021-03-24 02:25:36 
2021-03-24 02:26:04 
2021-03-24 02:26:33 
2021-03-24 02:27:04 
2021-03-24 02:27:32 
2021-03-24 02:28:03 
2021-03-24 02:28:32 
2021-03-24 02:29:01 
2021-03-24 02:29:30 
2021-03-24 02:29:59 
2021-03-24 02:30:31 
2021-03-24 02:30:59 
2021-03-24 02:31:27 
2021-03-24 02:31:57 
2021-03-24 02:32:26 
2021-03-24 02:32:54 
2021-03-24 02:33:23 
2021-03-24 02:33:52 
2021-03-24 02:34:20 
2021-03-24 02:34:49 
2021-03-24 02:35:19 
2021-03-24 02:35:46 
2021-03-24 02:36:17 
2021-03-24 02:36:45 
2021-03-24 02:37:16 
2021-03-24 02:37:46 
2021-03-24 02:38:15 
2021-03-24 02:38:43 
2021-03-24 02:39:11 
2021-03-24 02:39:40 
2021-03-24 02:40:13 
2021-03-24 02:40:43 
2021-03-24 02:41:13 
2021-03-24 02:41:42 
2021-03-24 02:42:11 
2021-03-24 02:42:39 
2021-03-24 02:43:09 
2021-03-24 02:43:40 
2021-03-24 02:44:09 
2021-03-24 02:44:40 
2021-03-24 02:45:10 
2021-03-24 02:45:42 
2021-03-24 02:46:12 
2021-03-24 02:46:40 
2021-03-24 02:47:10 
2021-03-24 02:47:39 
2021-03-24 02:48:09 
2021-03-24 02:48:39 
2021-03-24 02:49:06 
2021-03-24 02:49:35 
2021-03-24 02:50:03 
2021-03-24 02:50:31 
2021-03-24 02:51:00 
2021-03-24 02:51:28 
2021-03-24 02:51:58 
2021-03-24 02:52:27 
2021-03-24 02:52:55 
2021-03-24 02:53:26 
2021-03-24 02:53:58 
2021-03-24 02:54:26 
2021-03-24 02:54:54 
2021-03-24 02:55:24 
2021-03-24 02:55:53 
2021-03-24 02:56:25 
2021-03-24 02:56:55 
2021-03-24 02:57:23 
2021-03-24 02:57:51 
2021-03-24 02:58:23 
2021-03-24 02:58:51 
2021-03-24 02:59:19 
2021-03-24 02:59:47 
2021-03-24 03:00:17 
2021-03-24 03:00:46 
2021-03-24 03:01:15 
2021-03-24 03:01:44 
2021-03-24 03:02:13 
2021-03-24 03:02:43 
2021-03-24 03:03:14 
2021-03-24 03:03:43 
2021-03-24 03:04:13 
2021-03-24 03:04:41 
2021-03-24 03:05:10 
2021-03-24 03:05:42 
2021-03-24 03:06:10 
2021-03-24 03:06:40 
2021-03-24 03:07:09 
2021-03-24 03:07:39 
2021-03-24 03:08:09 
2021-03-24 03:08:37 
2021-03-24 03:09:08 
2021-03-24 03:09:37 
2021-03-24 03:10:05 
2021-03-24 03:10:38 
2021-03-24 03:11:10 
2021-03-24 03:11:42 
2021-03-24 03:12:11 
2021-03-24 03:12:41 
2021-03-24 03:13:11 
2021-03-24 03:13:40 
2021-03-24 03:14:11 
2021-03-24 03:14:41 
2021-03-24 03:15:09 
2021-03-24 03:15:38 
2021-03-24 03:16:07 
2021-03-24 03:16:36 
2021-03-24 03:17:05 
2021-03-24 03:17:33 
2021-03-24 03:18:02 
2021-03-24 03:18:31 
2021-03-24 03:19:01 
2021-03-24 03:19:29 
2021-03-24 03:20:00 
2021-03-24 03:20:31 
2021-03-24 03:21:01 
2021-03-24 03:21:31 
2021-03-24 03:22:00 
2021-03-24 03:22:30 
2021-03-24 03:23:00 
2021-03-24 03:23:31 
2021-03-24 03:24:00 
2021-03-24 03:24:31 
2021-03-24 03:24:59 
2021-03-24 03:25:32 
2021-03-24 03:26:03 
2021-03-24 03:26:35 
2021-03-24 03:27:04 
2021-03-24 03:27:35 
2021-03-24 03:28:04 
2021-03-24 03:28:33 
2021-03-24 03:29:02 
2021-03-24 03:29:32 
2021-03-24 03:30:03 
2021-03-24 03:30:32 
2021-03-24 03:31:00 
2021-03-24 03:31:29 
2021-03-24 03:31:57 
2021-03-24 03:32:25 
2021-03-24 03:32:53 
2021-03-24 03:33:22 
2021-03-24 03:33:50 
2021-03-24 03:34:19 
2021-03-24 03:34:51 
2021-03-24 03:35:24 
2021-03-24 03:35:53 
2021-03-24 03:36:21 
2021-03-24 03:36:53 
2021-03-24 03:37:22 
2021-03-24 03:37:51 
2021-03-24 03:38:20 
2021-03-24 03:38:51 
2021-03-24 03:39:20 
2021-03-24 03:39:48 
2021-03-24 03:40:17 
2021-03-24 03:40:47 
2021-03-24 03:41:17 
2021-03-24 03:41:49 
2021-03-24 03:42:19 
2021-03-24 03:42:48 
2021-03-24 03:43:17 
2021-03-24 03:43:46 
2021-03-24 03:44:14 
2021-03-24 03:44:43 
2021-03-24 03:45:11 
2021-03-24 03:45:39 
2021-03-24 03:46:07 
2021-03-24 03:46:36 
2021-03-24 03:47:05 
2021-03-24 03:47:36 
2021-03-24 03:48:09 
2021-03-24 03:48:39 
2021-03-24 03:49:09 
2021-03-24 03:49:37 
2021-03-24 03:50:07 
2021-03-24 03:50:36 
2021-03-24 03:51:06 
2021-03-24 03:51:40 
2021-03-24 03:52:09 
2021-03-24 03:52:38 
2021-03-24 03:53:06 
2021-03-24 03:53:37 
2021-03-24 03:54:10 
2021-03-24 03:54:41 
2021-03-24 03:55:14 
2021-03-24 03:55:46 
2021-03-24 03:56:16 
2021-03-24 03:56:49 
2021-03-24 03:57:20 
2021-03-24 03:57:54 
2021-03-24 03:58:26 
2021-03-24 03:58:56 
2021-03-24 03:59:27 
2021-03-24 03:59:58 
2021-03-24 04:00:27 
2021-03-24 04:00:58 
2021-03-24 04:01:27 
2021-03-24 04:01:56 
2021-03-24 04:02:26 
2021-03-24 04:02:57 
2021-03-24 04:03:29 
2021-03-24 04:03:58 
2021-03-24 04:04:27 
2021-03-24 04:04:58 
2021-03-24 04:05:29 
2021-03-24 04:05:58 
2021-03-24 04:06:27 
2021-03-24 04:06:55 
2021-03-24 04:07:23 
2021-03-24 04:07:52 
2021-03-24 04:08:26 
2021-03-24 04:08:57 
2021-03-24 04:09:30 
2021-03-24 04:10:01 
2021-03-24 04:10:35 
2021-03-24 04:11:07 
2021-03-24 04:11:37 
2021-03-24 04:12:09 
2021-03-24 04:12:39 
2021-03-24 04:13:12 
2021-03-24 04:13:42 
2021-03-24 04:14:14 
2021-03-24 04:14:43 
2021-03-24 04:15:14 
2021-03-24 04:15:46 
2021-03-24 04:16:16 
2021-03-24 04:16:46 
2021-03-24 04:17:19 
2021-03-24 04:17:48 
2021-03-24 04:18:18 
2021-03-24 04:18:48 
2021-03-24 04:19:19 
2021-03-24 04:19:48 
2021-03-24 04:20:17 
2021-03-24 04:20:47 
2021-03-24 04:21:15 
2021-03-24 04:21:44 
2021-03-24 04:22:14 
2021-03-24 04:22:45 
2021-03-24 04:23:15 
2021-03-24 04:23:43 
2021-03-24 04:24:14 
2021-03-24 04:24:49 
2021-03-24 04:25:19 
2021-03-24 04:25:49 
2021-03-24 04:26:19 
2021-03-24 04:26:49 
2021-03-24 04:27:20 
2021-03-24 04:27:50 
2021-03-24 04:28:21 
2021-03-24 04:28:51 
2021-03-24 04:29:20 
2021-03-24 04:29:51 
2021-03-24 04:30:22 
2021-03-24 04:30:51 
2021-03-24 04:31:23 
2021-03-24 04:31:56 
2021-03-24 04:32:27 
2021-03-24 04:32:59 
2021-03-24 04:33:28 
2021-03-24 04:33:59 
2021-03-24 04:34:30 
2021-03-24 04:35:01 
2021-03-24 04:35:33 
2021-03-24 04:36:03 
2021-03-24 04:36:33 
2021-03-24 04:37:04 
2021-03-24 04:37:35 
2021-03-24 04:38:05 
2021-03-24 04:38:37 
2021-03-24 04:39:10 
2021-03-24 04:39:41 
2021-03-24 04:40:10 
2021-03-24 04:40:41 
2021-03-24 04:41:12 
2021-03-24 04:41:43 
2021-03-24 04:42:14 
2021-03-24 04:42:44 
2021-03-24 04:43:14 
2021-03-24 04:43:46 
2021-03-24 04:44:20 
2021-03-24 04:44:50 
2021-03-24 04:45:22 
2021-03-24 04:45:53 
2021-03-24 04:46:24 
2021-03-24 04:46:53 
2021-03-24 04:47:23 
2021-03-24 04:47:52 
2021-03-24 04:48:22 
2021-03-24 04:48:55 
2021-03-24 04:49:24 
2021-03-24 04:49:54 
2021-03-24 04:50:23 
2021-03-24 04:50:56 
2021-03-24 04:51:26 
2021-03-24 04:51:55 
2021-03-24 04:52:25 
2021-03-24 04:52:57 
2021-03-24 04:53:29 
2021-03-24 04:54:01 
2021-03-24 04:54:32 
2021-03-24 04:55:02 
2021-03-24 04:55:32 
2021-03-24 04:56:03 
2021-03-24 04:56:32 
2021-03-24 04:57:02 
2021-03-24 04:57:32 
2021-03-24 04:58:04 
2021-03-24 04:58:35 
2021-03-24 04:59:05 
2021-03-24 04:59:34 
2021-03-24 05:00:05 
2021-03-24 05:00:36 
2021-03-24 05:01:05 
2021-03-24 05:01:37 
2021-03-24 05:02:06 
2021-03-24 05:02:36 
2021-03-24 05:03:06 
2021-03-24 05:03:36 
2021-03-24 05:04:07 
2021-03-24 05:04:38 
2021-03-24 05:05:07 
2021-03-24 05:05:38 
2021-03-24 05:06:08 
2021-03-24 05:06:38 
2021-03-24 05:07:08 
2021-03-24 05:07:38 
2021-03-24 05:08:10 
2021-03-24 05:08:41 
2021-03-24 05:09:11 
2021-03-24 05:09:41 
2021-03-24 05:10:15 
2021-03-24 05:10:44 
2021-03-24 05:11:14 
2021-03-24 05:11:44 
2021-03-24 05:12:14 
2021-03-24 05:12:44 
2021-03-24 05:13:14 
2021-03-24 05:13:45 
2021-03-24 05:14:17 
2021-03-24 05:14:47 
2021-03-24 05:15:16 
2021-03-24 05:15:46 
2021-03-24 05:16:18 
2021-03-24 05:16:47 
2021-03-24 05:17:16 
2021-03-24 05:17:46 
2021-03-24 05:18:17 
2021-03-24 05:18:49 
2021-03-24 05:19:20 
2021-03-24 05:19:51 
2021-03-24 05:20:21 
2021-03-24 05:20:51 
2021-03-24 05:21:21 
2021-03-24 05:21:53 
2021-03-24 05:22:24 
2021-03-24 05:22:53 
2021-03-24 05:23:26 
2021-03-24 05:23:56 
2021-03-24 05:24:26 
2021-03-24 05:24:55 
2021-03-24 05:25:25 
2021-03-24 05:25:54 
2021-03-24 05:26:25 
2021-03-24 05:26:56 
2021-03-24 05:27:27 
2021-03-24 05:27:57 
2021-03-24 05:28:27 
2021-03-24 05:28:58 
2021-03-24 05:29:29 
2021-03-24 05:29:59 
2021-03-24 05:30:29 
2021-03-24 05:31:00 
2021-03-24 05:31:29 
2021-03-24 05:31:59 
2021-03-24 05:32:29 
2021-03-24 05:33:00 
2021-03-24 05:33:30 
2021-03-24 05:33:59 
2021-03-24 05:34:30 
2021-03-24 05:35:02 
2021-03-24 05:35:32 
2021-03-24 05:36:03 
2021-03-24 05:36:32 
2021-03-24 05:37:02 
2021-03-24 05:37:31 
2021-03-24 05:38:02 
2021-03-24 05:38:36 
2021-03-24 05:39:05 
2021-03-24 05:39:37 
2021-03-24 05:40:06 
2021-03-24 05:40:36 
2021-03-24 05:41:08 
2021-03-24 05:41:39 
2021-03-24 05:42:11 
2021-03-24 05:42:43 
2021-03-24 05:43:13 
2021-03-24 05:43:44 
2021-03-24 05:44:13 
2021-03-24 05:44:43 
2021-03-24 05:45:14 
2021-03-24 05:45:44 
2021-03-24 05:46:15 
2021-03-24 05:46:47 
2021-03-24 05:47:18 
2021-03-24 05:47:47 
2021-03-24 05:48:18 
2021-03-24 05:48:48 
2021-03-24 05:49:18 
2021-03-24 05:49:49 
2021-03-24 05:50:19 
2021-03-24 05:50:50 
2021-03-24 05:51:21 
2021-03-24 05:51:53 
2021-03-24 05:52:25 
2021-03-24 05:52:55 
2021-03-24 05:53:26 
2021-03-24 05:53:56 
2021-03-24 05:54:27 
2021-03-24 05:54:58 
2021-03-24 05:55:29 
2021-03-24 05:55:59 
2021-03-24 05:56:31 
2021-03-24 05:57:03 
2021-03-24 05:57:35 
2021-03-24 05:58:05 
2021-03-24 05:58:35 
2021-03-24 05:59:05 
2021-03-24 05:59:35 
2021-03-24 06:00:05 
2021-03-24 06:00:36 
2021-03-24 06:01:07 
2021-03-24 06:01:40 
2021-03-24 06:02:10 
2021-03-24 06:02:40 
2021-03-24 06:03:09 
2021-03-24 06:03:41 
2021-03-24 06:04:12 
2021-03-24 06:04:44 
2021-03-24 06:05:13 
2021-03-24 06:05:42 
2021-03-24 06:06:13 
2021-03-24 06:06:44 
2021-03-24 06:07:15 
2021-03-24 06:07:45 
2021-03-24 06:08:17 
2021-03-24 06:08:46 
2021-03-24 06:09:16 
2021-03-24 06:09:46 
2021-03-24 06:10:16 
2021-03-24 06:10:46 
2021-03-24 06:11:14 
2021-03-24 06:11:44 
2021-03-24 06:12:16 
2021-03-24 06:12:48 
2021-03-24 06:13:17 
2021-03-24 06:13:48 
2021-03-24 06:14:17 
2021-03-24 06:14:46 
2021-03-24 06:15:14 
2021-03-24 06:15:45 
2021-03-24 06:16:14 
2021-03-24 06:16:43 
2021-03-24 06:17:13 
2021-03-24 06:17:43 
2021-03-24 06:18:12 
2021-03-24 06:18:41 
2021-03-24 06:19:10 
2021-03-24 06:19:38 
2021-03-24 06:20:06 
2021-03-24 06:20:37 
2021-03-24 06:21:07 
2021-03-24 06:21:38 
2021-03-24 06:22:09 
2021-03-24 06:22:39 
2021-03-24 06:23:10 
2021-03-24 06:23:40 
2021-03-24 06:24:10 
2021-03-24 06:24:43 
2021-03-24 06:25:12 
2021-03-24 06:25:42 
2021-03-24 06:26:14 
2021-03-24 06:26:45 
2021-03-24 06:27:14 
2021-03-24 06:27:44 
2021-03-24 06:28:16 
2021-03-24 06:28:47 
2021-03-24 06:29:17 
2021-03-24 06:29:47 
2021-03-24 06:30:16 
2021-03-24 06:30:47 
2021-03-24 06:31:18 
2021-03-24 06:31:48 
2021-03-24 06:32:19 
2021-03-24 06:32:50 
2021-03-24 06:33:20 
2021-03-24 06:33:51 
2021-03-24 06:34:22 
2021-03-24 06:34:54 
2021-03-24 06:35:24 
2021-03-24 06:35:55 
2021-03-24 06:36:29 
2021-03-24 06:36:59 
2021-03-24 06:37:32 
2021-03-24 06:38:01 
2021-03-24 06:38:31 
2021-03-24 06:39:01 
2021-03-24 06:39:32 
2021-03-24 06:40:02 
2021-03-24 06:40:35 
2021-03-24 06:41:05 
2021-03-24 06:41:34 
2021-03-24 06:42:05 
2021-03-24 06:42:38 
2021-03-24 06:43:08 
2021-03-24 06:43:39 
2021-03-24 06:44:12 
2021-03-24 06:44:43 
2021-03-24 06:45:13 
2021-03-24 06:45:41 
2021-03-24 06:46:12 
2021-03-24 06:46:41 
2021-03-24 06:47:11 
2021-03-24 06:47:42 
2021-03-24 06:48:13 
2021-03-24 06:48:44 
2021-03-24 06:49:15 
2021-03-24 06:49:47 
2021-03-24 06:50:16 
2021-03-24 06:50:47 
2021-03-24 06:51:17 
2021-03-24 06:51:46 
2021-03-24 06:52:18 
2021-03-24 06:52:48 
2021-03-24 06:53:18 
2021-03-24 06:53:47 
2021-03-24 06:54:17 
2021-03-24 06:54:46 
2021-03-24 06:55:15 
2021-03-24 06:55:45 
2021-03-24 06:56:14 
2021-03-24 06:56:44 
2021-03-24 06:57:14 
2021-03-24 06:57:44 
2021-03-24 06:58:17 
2021-03-24 06:58:46 
2021-03-24 06:59:17 
2021-03-24 06:59:49 
2021-03-24 07:00:18 
2021-03-24 07:00:49 
2021-03-24 07:01:19 
2021-03-24 07:01:50 
2021-03-24 07:02:21 
2021-03-24 07:02:52 
2021-03-24 07:03:21 
2021-03-24 07:03:51 
2021-03-24 07:04:20 
2021-03-24 07:04:49 
2021-03-24 07:05:22 
2021-03-24 07:05:51 
2021-03-24 07:06:23 
2021-03-24 07:06:52 
Reached maxIter without converging.
Predicting on val...
Predicting on test...
